<?xml version="1.0" encoding="UTF-8"?>
<!-- Generated by org.testng.reporters.JUnitXMLReporter -->
<testsuite ignored="0" hostname="IL-AsafMi-MAC.local" failures="0" tests="2" name="/Users/asaf.mishaeli/Development/GrTest" time="285.132" errors="0" timestamp="2021-03-30T21:15:22 IDT">
  <testcase classname="tests.AndroidUpdate" name="testUpgradeDemoDMUser" time="148.739"/>
  <testcase classname="tests.AndroidUpdate" name="testUpgradeDemoDMUser2" time="136.359"/>
</testsuite> <!-- /Users/asaf.mishaeli/Development/GrTest -->
