<?xml version="1.0" encoding="UTF-8"?>
<testsuite xmlns:xsi="http://www.w3.org/2001/XMLSchema-instance" xsi:noNamespaceSchemaLocation="https://maven.apache.org/surefire/maven-surefire-plugin/xsd/surefire-test-report-3.0.xsd" version="3.0" name="TestSuite" time="290.965" tests="2" errors="0" skipped="0" failures="0">
  <properties>
[...]
</properties>
  <testcase name="testUpgradeDemoDMUser" classname="tests.AndroidUpdate" time="148.747">
    <system-out><![CDATA[&amp#27;[35m[Appium]&amp#27;[39m Welcome to Appium v1.19.1
&amp#27;[35m[Appium]&amp#27;[39m Appium REST http interface listener started on 0.0.0.0:4723
&amp#27;[35m[HTTP]&amp#27;[39m &amp#27;[37m-->&amp#27;[39m &amp#27;[37mGET&amp#27;[39m &amp#27;[37m/wd/hub/status&amp#27;[39m
&amp#27;[35m[HTTP]&amp#27;[39m &amp#27;[90m{}&amp#27;[39m
[debug] &amp#27;[35m[GENERIC]&amp#27;[39m Calling AppiumDriver.getStatus() with args: []
[debug] &amp#27;[35m[GENERIC]&amp#27;[39m Responding to client with driver.getStatus() result: {"build":{"version":"1.19.1"}}
&amp#27;[35m[HTTP]&amp#27;[39m &amp#27;[37m<-- GET /wd/hub/status &amp#27;[39m&amp#27;[32m200&amp#27;[39m &amp#27;[90m8 ms - 68&amp#27;[39m
&amp#27;[35m[HTTP]&amp#27;[39m &amp#27;[90m&amp#27;[39m
[debug] &amp#27;[35m[HTTP]&amp#27;[39m Request idempotency key: e9acfdc1-775a-4e38-a5d4-c2e6ada44f09
&amp#27;[35m[HTTP]&amp#27;[39m &amp#27;[37m-->&amp#27;[39m &amp#27;[37mPOST&amp#27;[39m &amp#27;[37m/wd/hub/session&amp#27;[39m
&amp#27;[35m[HTTP]&amp#27;[39m &amp#27;[90m{"desiredCapabilities":{"app":"/Users/asaf.mishaeli/Development/GrTest/src/greenroad-asimov-prod-release-5.7.0.300000835.apk","newCommandTimeout":"14","automationName":"uiautomator2","platformName":"Android","deviceName":"Android_Emulator2","fullReset":"true"},"capabilities":{"firstMatch":[{"appium:app":"/Users/asaf.mishaeli/Development/GrTest/src/greenroad-asimov-prod-release-5.7.0.300000835.apk","appium:automationName":"uiautomator2","appium:deviceName":"Android_Emulator2","appium:fullReset":"true","appium:newCommandTimeout":"14","platformName":"android"}]}}&amp#27;[39m
[debug] &amp#27;[35m[W3C]&amp#27;[39m Calling AppiumDriver.createSession() with args: [{"app":"/Users/asaf.mishaeli/Development/GrTest/src/greenroad-asimov-prod-release-5.7.0.300000835.apk","newCommandTimeout":"14","automationName":"uiautomator2","platformName":"Android","deviceName":"Android_Emulator2","fullReset":"true"},null,{"firstMatch":[{"appium:app":"/Users/asaf.mishaeli/Development/GrTest/src/greenroad-asimov-prod-release-5.7.0.300000835.apk","appium:automationName":"uiautomator2","appium:deviceName":"Android_Emulator2","appium:fullReset":"true","appium:newCommandTimeout":"14","platformName":"android"}]}]
[debug] &amp#27;[35m[BaseDriver]&amp#27;[39m Event 'newSessionRequested' logged at 1617127852129 (21:10:52 GMT+0300 (Israel Daylight Time))
&amp#27;[35m[BaseDriver]&amp#27;[39m Number capability passed in as string. Functionality may be compromised.
&amp#27;[35m[Appium]&amp#27;[39m Appium v1.19.1 creating new AndroidUiautomator2Driver (v1.60.0) session
[debug] &amp#27;[35m[BaseDriver]&amp#27;[39m W3C capabilities and MJSONWP desired capabilities were provided
[debug] &amp#27;[35m[BaseDriver]&amp#27;[39m Creating session with W3C capabilities: {
[debug] &amp#27;[35m[BaseDriver]&amp#27;[39m   "alwaysMatch": {
[debug] &amp#27;[35m[BaseDriver]&amp#27;[39m     "platformName": "android",
[debug] &amp#27;[35m[BaseDriver]&amp#27;[39m     "appium:app": "/Users/asaf.mishaeli/Development/GrTest/src/greenroad-asimov-prod-release-5.7.0.300000835.apk",
[debug] &amp#27;[35m[BaseDriver]&amp#27;[39m     "appium:automationName": "uiautomator2",
[debug] &amp#27;[35m[BaseDriver]&amp#27;[39m     "appium:deviceName": "Android_Emulator2",
[debug] &amp#27;[35m[BaseDriver]&amp#27;[39m     "appium:fullReset": "true",
[debug] &amp#27;[35m[BaseDriver]&amp#27;[39m     "appium:newCommandTimeout": "14"
[debug] &amp#27;[35m[BaseDriver]&amp#27;[39m   },
[debug] &amp#27;[35m[BaseDriver]&amp#27;[39m   "firstMatch": [
[debug] &amp#27;[35m[BaseDriver]&amp#27;[39m     {}
[debug] &amp#27;[35m[BaseDriver]&amp#27;[39m   ]
[debug] &amp#27;[35m[BaseDriver]&amp#27;[39m }
&amp#27;[35m[BaseDriver]&amp#27;[39m Number capability passed in as string. Functionality may be compromised.
&amp#27;[35m[BaseDriver]&amp#27;[39m Capability 'fullReset' changed from string to boolean. This may cause unexpected behavior
&amp#27;[35m[BaseDriver]&amp#27;[39m Capability 'newCommandTimeout' changed from string ('14') to integer (14). This may cause unexpected behavior
&amp#27;[35m[BaseDriver]&amp#27;[39m Session created with session id: 9d7b9e24-695f-4735-9107-00c6b3ac39c9
&amp#27;[35m[BaseDriver]&amp#27;[39m Using local app '/Users/asaf.mishaeli/Development/GrTest/src/greenroad-asimov-prod-release-5.7.0.300000835.apk'
[debug] &amp#27;[35m[UiAutomator2]&amp#27;[39m Checking whether app is actually present
&amp#27;[35m[ADB]&amp#27;[39m Found 5 'build-tools' folders under '/Users/asaf.mishaeli/Library/Android/sdk' (newest first):
&amp#27;[35m[ADB]&amp#27;[39m     /Users/asaf.mishaeli/Library/Android/sdk/build-tools/30.0.3
&amp#27;[35m[ADB]&amp#27;[39m     /Users/asaf.mishaeli/Library/Android/sdk/build-tools/29.0.2
&amp#27;[35m[ADB]&amp#27;[39m     /Users/asaf.mishaeli/Library/Android/sdk/build-tools/29.0.1
&amp#27;[35m[ADB]&amp#27;[39m     /Users/asaf.mishaeli/Library/Android/sdk/build-tools/28.0.3
&amp#27;[35m[ADB]&amp#27;[39m     /Users/asaf.mishaeli/Library/Android/sdk/build-tools/27.0.3
&amp#27;[35m[ADB]&amp#27;[39m Using 'adb' from '/Users/asaf.mishaeli/Library/Android/sdk/platform-tools/adb'
[debug] &amp#27;[35m[ADB]&amp#27;[39m Running '/Users/asaf.mishaeli/Library/Android/sdk/platform-tools/adb -P 5037 start-server'
&amp#27;[35m[AndroidDriver]&amp#27;[39m Retrieving device list
[debug] &amp#27;[35m[ADB]&amp#27;[39m Trying to find a connected android device
[debug] &amp#27;[35m[ADB]&amp#27;[39m Getting connected devices
[debug] &amp#27;[35m[ADB]&amp#27;[39m Connected devices: [{"udid":"emulator-5554","state":"device"}]
&amp#27;[35m[AndroidDriver]&amp#27;[39m Using device: emulator-5554
&amp#27;[35m[ADB]&amp#27;[39m Using 'adb' from '/Users/asaf.mishaeli/Library/Android/sdk/platform-tools/adb'
[debug] &amp#27;[35m[ADB]&amp#27;[39m Running '/Users/asaf.mishaeli/Library/Android/sdk/platform-tools/adb -P 5037 start-server'
[debug] &amp#27;[35m[ADB]&amp#27;[39m Setting device id to emulator-5554
[debug] &amp#27;[35m[ADB]&amp#27;[39m Running '/Users/asaf.mishaeli/Library/Android/sdk/platform-tools/adb -P 5037 -s emulator-5554 shell getprop ro.build.version.sdk'
[debug] &amp#27;[35m[ADB]&amp#27;[39m Current device property 'ro.build.version.sdk': 26
[debug] &amp#27;[35m[ADB]&amp#27;[39m Device API level: 26
[debug] &amp#27;[35m[AndroidDriver]&amp#27;[39m Parsing package and activity from app manifest
&amp#27;[35m[ADB]&amp#27;[39m Package name: 'com.greenroad.mobile.drive'
&amp#27;[35m[ADB]&amp#27;[39m Main activity name: 'com.greenroad.mobile.asimov.activities.GatewayActivity'
[debug] &amp#27;[35m[AndroidDriver]&amp#27;[39m Parsed package and activity are: com.greenroad.mobile.drive/com.greenroad.mobile.asimov.activities.GatewayActivity
[debug] &amp#27;[35m[ADB]&amp#27;[39m Running '/Users/asaf.mishaeli/Library/Android/sdk/platform-tools/adb -P 5037 -s emulator-5554 wait-for-device'
[debug] &amp#27;[35m[ADB]&amp#27;[39m Running '/Users/asaf.mishaeli/Library/Android/sdk/platform-tools/adb -P 5037 -s emulator-5554 shell echo ping'
[debug] &amp#27;[35m[AndroidDriver]&amp#27;[39m Pushing settings apk to device...
[debug] &amp#27;[35m[ADB]&amp#27;[39m Getting install status for io.appium.settings
[debug] &amp#27;[35m[ADB]&amp#27;[39m Running '/Users/asaf.mishaeli/Library/Android/sdk/platform-tools/adb -P 5037 -s emulator-5554 shell dumpsys package io.appium.settings'
[debug] &amp#27;[35m[ADB]&amp#27;[39m 'io.appium.settings' is installed
[debug] &amp#27;[35m[ADB]&amp#27;[39m Getting package info for 'io.appium.settings'
[debug] &amp#27;[35m[ADB]&amp#27;[39m Running '/Users/asaf.mishaeli/Library/Android/sdk/platform-tools/adb -P 5037 -s emulator-5554 shell dumpsys package io.appium.settings'
[debug] &amp#27;[35m[ADB]&amp#27;[39m The version name of the installed 'io.appium.settings' is greater or equal to the application version name ('3.2.1' >= '3.2.1')
[debug] &amp#27;[35m[ADB]&amp#27;[39m There is no need to install/upgrade '/usr/local/lib/node_modules/appium/node_modules/io.appium.settings/apks/settings_apk-debug.apk'
[debug] &amp#27;[35m[ADB]&amp#27;[39m Getting IDs of all 'io.appium.settings' processes
[debug] &amp#27;[35m[ADB]&amp#27;[39m Running '/Users/asaf.mishaeli/Library/Android/sdk/platform-tools/adb -P 5037 -s emulator-5554 shell 'pgrep --help; echo $?''
[debug] &amp#27;[35m[ADB]&amp#27;[39m Running '/Users/asaf.mishaeli/Library/Android/sdk/platform-tools/adb -P 5037 -s emulator-5554 shell 'pgrep ^appium\\.settings$ || pgrep ^io\\.appium\\.setti$''
[debug] &amp#27;[35m[AndroidDriver]&amp#27;[39m io.appium.settings is already running. There is no need to reset its permissions.
[debug] &amp#27;[35m[Logcat]&amp#27;[39m Starting logs capture with command: /Users/asaf.mishaeli/Library/Android/sdk/platform-tools/adb -P 5037 -s emulator-5554 logcat -v threadtime
[debug] &amp#27;[35m[UiAutomator2]&amp#27;[39m Forwarding UiAutomator2 Server port 6790 to local port 8200
[debug] &amp#27;[35m[ADB]&amp#27;[39m Forwarding system: 8200 to device: 6790
[debug] &amp#27;[35m[ADB]&amp#27;[39m Running '/Users/asaf.mishaeli/Library/Android/sdk/platform-tools/adb -P 5037 -s emulator-5554 forward tcp:8200 tcp:6790'
[debug] &amp#27;[35m[ADB]&amp#27;[39m Getting install status for io.appium.uiautomator2.server
[debug] &amp#27;[35m[ADB]&amp#27;[39m Running '/Users/asaf.mishaeli/Library/Android/sdk/platform-tools/adb -P 5037 -s emulator-5554 shell dumpsys package io.appium.uiautomator2.server'
[debug] &amp#27;[35m[ADB]&amp#27;[39m 'io.appium.uiautomator2.server' is installed
[debug] &amp#27;[35m[ADB]&amp#27;[39m Getting package info for 'io.appium.uiautomator2.server'
[debug] &amp#27;[35m[ADB]&amp#27;[39m Running '/Users/asaf.mishaeli/Library/Android/sdk/platform-tools/adb -P 5037 -s emulator-5554 shell dumpsys package io.appium.uiautomator2.server'
[debug] &amp#27;[35m[ADB]&amp#27;[39m The installed 'io.appium.uiautomator2.server' package is older than '/usr/local/lib/node_modules/appium/node_modules/appium-uiautomator2-server/apks/appium-uiautomator2-server-v4.17.1.apk' (73 < 76 or '4.15.0' < '4.17.1')'
[debug] &amp#27;[35m[UiAutomator2]&amp#27;[39m io.appium.uiautomator2.server installation state: olderVersionInstalled
[debug] &amp#27;[35m[ADB]&amp#27;[39m Checking app cert for /usr/local/lib/node_modules/appium/node_modules/appium-uiautomator2-server/apks/appium-uiautomator2-server-v4.17.1.apk
&amp#27;[35m[ADB]&amp#27;[39m Using 'apksigner.jar' from '/Users/asaf.mishaeli/Library/Android/sdk/build-tools/30.0.3/lib/apksigner.jar'
[debug] &amp#27;[35m[ADB]&amp#27;[39m Starting apksigner: /Library/Java/JavaVirtualMachines/jdk-15.0.1.jdk/Contents/Home/bin/java -Xmx1024M -Xss1m -jar /Users/asaf.mishaeli/Library/Android/sdk/build-tools/30.0.3/lib/apksigner.jar verify --print-certs /usr/local/lib/node_modules/appium/node_modules/appium-uiautomator2-server/apks/appium-uiautomator2-server-v4.17.1.apk
[debug] &amp#27;[35m[ADB]&amp#27;[39m apksigner stdout: Signer #1 certificate DN: EMAILADDRESS=android@android.com, CN=Android, OU=Android, O=Android, L=Mountain View, ST=California, C=US
[debug] &amp#27;[35m[ADB]&amp#27;[39m Signer #1 certificate SHA-256 digest: a40da80a59d170caa950cf15c18c454d47a39b26989d8b640ecd745ba71bf5dc
[debug] &amp#27;[35m[ADB]&amp#27;[39m Signer #1 certificate SHA-1 digest: 61ed377e85d386a8dfee6b864bd85b0bfaa5af81
[debug] &amp#27;[35m[ADB]&amp#27;[39m Signer #1 certificate MD5 digest: e89b158e4bcf988ebd09eb83f5378e87
[debug] &amp#27;[35m[ADB]&amp#27;[39m 
[debug] &amp#27;[35m[ADB]&amp#27;[39m sha256 hash did match for 'appium-uiautomator2-server-v4.17.1.apk'
&amp#27;[35m[ADB]&amp#27;[39m '/usr/local/lib/node_modules/appium/node_modules/appium-uiautomator2-server/apks/appium-uiautomator2-server-v4.17.1.apk' is signed with the default certificate
[debug] &amp#27;[35m[ADB]&amp#27;[39m Getting install status for io.appium.uiautomator2.server.test
[debug] &amp#27;[35m[ADB]&amp#27;[39m Running '/Users/asaf.mishaeli/Library/Android/sdk/platform-tools/adb -P 5037 -s emulator-5554 shell dumpsys package io.appium.uiautomator2.server.test'
[debug] &amp#27;[35m[ADB]&amp#27;[39m 'io.appium.uiautomator2.server.test' is installed
[debug] &amp#27;[35m[ADB]&amp#27;[39m Checking app cert for /usr/local/lib/node_modules/appium/node_modules/appium-uiautomator2-server/apks/appium-uiautomator2-server-debug-androidTest.apk
[debug] &amp#27;[35m[ADB]&amp#27;[39m Starting apksigner: /Library/Java/JavaVirtualMachines/jdk-15.0.1.jdk/Contents/Home/bin/java -Xmx1024M -Xss1m -jar /Users/asaf.mishaeli/Library/Android/sdk/build-tools/30.0.3/lib/apksigner.jar verify --print-certs /usr/local/lib/node_modules/appium/node_modules/appium-uiautomator2-server/apks/appium-uiautomator2-server-debug-androidTest.apk
[debug] &amp#27;[35m[ADB]&amp#27;[39m apksigner stdout: Signer #1 certificate DN: EMAILADDRESS=android@android.com, CN=Android, OU=Android, O=Android, L=Mountain View, ST=California, C=US
[debug] &amp#27;[35m[ADB]&amp#27;[39m Signer #1 certificate SHA-256 digest: a40da80a59d170caa950cf15c18c454d47a39b26989d8b640ecd745ba71bf5dc
[debug] &amp#27;[35m[ADB]&amp#27;[39m Signer #1 certificate SHA-1 digest: 61ed377e85d386a8dfee6b864bd85b0bfaa5af81
[debug] &amp#27;[35m[ADB]&amp#27;[39m Signer #1 certificate MD5 digest: e89b158e4bcf988ebd09eb83f5378e87
[debug] &amp#27;[35m[ADB]&amp#27;[39m 
[debug] &amp#27;[35m[ADB]&amp#27;[39m sha256 hash did match for 'appium-uiautomator2-server-debug-androidTest.apk'
&amp#27;[35m[ADB]&amp#27;[39m '/usr/local/lib/node_modules/appium/node_modules/appium-uiautomator2-server/apks/appium-uiautomator2-server-debug-androidTest.apk' is signed with the default certificate
&amp#27;[35m[UiAutomator2]&amp#27;[39m Server packages are going to be (re)installed
&amp#27;[35m[UiAutomator2]&amp#27;[39m Full packages reinstall is going to be performed
[debug] &amp#27;[35m[ADB]&amp#27;[39m Uninstalling io.appium.uiautomator2.server
[debug] &amp#27;[35m[ADB]&amp#27;[39m Getting install status for io.appium.uiautomator2.server
[debug] &amp#27;[35m[ADB]&amp#27;[39m Running '/Users/asaf.mishaeli/Library/Android/sdk/platform-tools/adb -P 5037 -s emulator-5554 shell dumpsys package io.appium.uiautomator2.server'
[debug] &amp#27;[35m[ADB]&amp#27;[39m 'io.appium.uiautomator2.server' is installed
[debug] &amp#27;[35m[ADB]&amp#27;[39m Running '/Users/asaf.mishaeli/Library/Android/sdk/platform-tools/adb -P 5037 -s emulator-5554 shell am force-stop io.appium.uiautomator2.server'
[debug] &amp#27;[35m[ADB]&amp#27;[39m Running '/Users/asaf.mishaeli/Library/Android/sdk/platform-tools/adb -P 5037 -s emulator-5554 uninstall io.appium.uiautomator2.server'
[debug] &amp#27;[35m[ADB]&amp#27;[39m 'adb uninstall io.appium.uiautomator2.server' command output: Success
&amp#27;[35m[ADB]&amp#27;[39m io.appium.uiautomator2.server was successfully uninstalled
[debug] &amp#27;[35m[ADB]&amp#27;[39m Running '/Users/asaf.mishaeli/Library/Android/sdk/platform-tools/adb -P 5037 -s emulator-5554 version'
[debug] &amp#27;[35m[ADB]&amp#27;[39m Running '/Users/asaf.mishaeli/Library/Android/sdk/platform-tools/adb -P 5037 -s emulator-5554 features'
[debug] &amp#27;[35m[ADB]&amp#27;[39m Running '/Users/asaf.mishaeli/Library/Android/sdk/platform-tools/adb -P 5037 -s emulator-5554 help'
&amp#27;[35m[ADB]&amp#27;[39m The application at '/usr/local/lib/node_modules/appium/node_modules/appium-uiautomator2-server/apks/appium-uiautomator2-server-v4.17.1.apk' will not be cached, because the device under test has confirmed the support of streamed installs
[debug] &amp#27;[35m[ADB]&amp#27;[39m Running '/Users/asaf.mishaeli/Library/Android/sdk/platform-tools/adb -P 5037 -s emulator-5554 install -r /usr/local/lib/node_modules/appium/node_modules/appium-uiautomator2-server/apks/appium-uiautomator2-server-v4.17.1.apk'
&amp#27;[35m[ADB]&amp#27;[39m The installation of 'appium-uiautomator2-server-v4.17.1.apk' took 2340ms
[debug] &amp#27;[35m[ADB]&amp#27;[39m Install command stdout: Performing Streamed Install
[debug] &amp#27;[35m[ADB]&amp#27;[39m Success
[debug] &amp#27;[35m[ADB]&amp#27;[39m Uninstalling io.appium.uiautomator2.server.test
[debug] &amp#27;[35m[ADB]&amp#27;[39m Getting install status for io.appium.uiautomator2.server.test
[debug] &amp#27;[35m[ADB]&amp#27;[39m Running '/Users/asaf.mishaeli/Library/Android/sdk/platform-tools/adb -P 5037 -s emulator-5554 shell dumpsys package io.appium.uiautomator2.server.test'
[debug] &amp#27;[35m[ADB]&amp#27;[39m 'io.appium.uiautomator2.server.test' is installed
[debug] &amp#27;[35m[ADB]&amp#27;[39m Running '/Users/asaf.mishaeli/Library/Android/sdk/platform-tools/adb -P 5037 -s emulator-5554 shell am force-stop io.appium.uiautomator2.server.test'
[debug] &amp#27;[35m[ADB]&amp#27;[39m Running '/Users/asaf.mishaeli/Library/Android/sdk/platform-tools/adb -P 5037 -s emulator-5554 uninstall io.appium.uiautomator2.server.test'
[debug] &amp#27;[35m[ADB]&amp#27;[39m 'adb uninstall io.appium.uiautomator2.server.test' command output: Success
&amp#27;[35m[ADB]&amp#27;[39m io.appium.uiautomator2.server.test was successfully uninstalled
&amp#27;[35m[ADB]&amp#27;[39m The application at '/usr/local/lib/node_modules/appium/node_modules/appium-uiautomator2-server/apks/appium-uiautomator2-server-debug-androidTest.apk' will not be cached, because the device under test has confirmed the support of streamed installs
[debug] &amp#27;[35m[ADB]&amp#27;[39m Running '/Users/asaf.mishaeli/Library/Android/sdk/platform-tools/adb -P 5037 -s emulator-5554 install -r /usr/local/lib/node_modules/appium/node_modules/appium-uiautomator2-server/apks/appium-uiautomator2-server-debug-androidTest.apk'
&amp#27;[35m[ADB]&amp#27;[39m The installation of 'appium-uiautomator2-server-debug-androidTest.apk' took 955ms
[debug] &amp#27;[35m[ADB]&amp#27;[39m Install command stdout: Performing Streamed Install
[debug] &amp#27;[35m[ADB]&amp#27;[39m Success
[debug] &amp#27;[35m[UiAutomator2]&amp#27;[39m Waiting up to 30000ms for services to be available
[debug] &amp#27;[35m[ADB]&amp#27;[39m Running '/Users/asaf.mishaeli/Library/Android/sdk/platform-tools/adb -P 5037 -s emulator-5554 shell pm list instrumentation'
[debug] &amp#27;[35m[UiAutomator2]&amp#27;[39m Instrumentation target 'io.appium.uiautomator2.server.test/androidx.test.runner.AndroidJUnitRunner' is available
&amp#27;[35m[ADB]&amp#27;[39m Adding packages ["io.appium.settings","io.appium.uiautomator2.server","io.appium.uiautomator2.server.test"] to Doze whitelist
[debug] &amp#27;[35m[ADB]&amp#27;[39m Got the following command chunks to execute: [["dumpsys","deviceidle","whitelist","+io.appium.settings",";","dumpsys","deviceidle","whitelist","+io.appium.uiautomator2.server",";","dumpsys","deviceidle","whitelist","+io.appium.uiautomator2.server.test",";"]]
[debug] &amp#27;[35m[ADB]&amp#27;[39m Running '/Users/asaf.mishaeli/Library/Android/sdk/platform-tools/adb -P 5037 -s emulator-5554 shell dumpsys deviceidle whitelist +io.appium.settings ; dumpsys deviceidle whitelist +io.appium.uiautomator2.server ; dumpsys deviceidle whitelist +io.appium.uiautomator2.server.test ;'
[debug] &amp#27;[35m[ADB]&amp#27;[39m Checking app cert for /Users/asaf.mishaeli/Development/GrTest/src/greenroad-asimov-prod-release-5.7.0.300000835.apk
[debug] &amp#27;[35m[ADB]&amp#27;[39m Starting apksigner: /Library/Java/JavaVirtualMachines/jdk-15.0.1.jdk/Contents/Home/bin/java -Xmx1024M -Xss1m -jar /Users/asaf.mishaeli/Library/Android/sdk/build-tools/30.0.3/lib/apksigner.jar verify --print-certs /Users/asaf.mishaeli/Development/GrTest/src/greenroad-asimov-prod-release-5.7.0.300000835.apk
[debug] &amp#27;[35m[ADB]&amp#27;[39m apksigner stdout: Signer #1 certificate DN: CN=Mark Berner, OU=GreenRoad, O=GreenRoad, L=Beit Dagan, ST=Israel, C=IL
[debug] &amp#27;[35m[ADB]&amp#27;[39m Signer #1 certificate SHA-256 digest: 02a7018870f600537f3fa6cfcd01dc85594e74f98542425baec75b6cf5b0c7e5
[debug] &amp#27;[35m[ADB]&amp#27;[39m Signer #1 certificate SHA-1 digest: 15bd93660928b9c86265dd124c32bfa39043f317
[debug] &amp#27;[35m[ADB]&amp#27;[39m Signer #1 certificate MD5 digest: 09e69962a1ae93b64bdfb55c5cb252e9
[debug] &amp#27;[35m[ADB]&amp#27;[39m 
&amp#27;[35m[ADB]&amp#27;[39m '/Users/asaf.mishaeli/Development/GrTest/src/greenroad-asimov-prod-release-5.7.0.300000835.apk' is signed with a non-default certificate
[debug] &amp#27;[35m[ADB]&amp#27;[39m Uninstalling com.greenroad.mobile.drive
[debug] &amp#27;[35m[ADB]&amp#27;[39m Getting install status for com.greenroad.mobile.drive
[debug] &amp#27;[35m[ADB]&amp#27;[39m Running '/Users/asaf.mishaeli/Library/Android/sdk/platform-tools/adb -P 5037 -s emulator-5554 shell dumpsys package com.greenroad.mobile.drive'
[debug] &amp#27;[35m[ADB]&amp#27;[39m 'com.greenroad.mobile.drive' is not installed
&amp#27;[35m[ADB]&amp#27;[39m com.greenroad.mobile.drive was not uninstalled, because it was not present on the device
[debug] &amp#27;[35m[ADB]&amp#27;[39m Getting install status for com.greenroad.mobile.drive
[debug] &amp#27;[35m[ADB]&amp#27;[39m Running '/Users/asaf.mishaeli/Library/Android/sdk/platform-tools/adb -P 5037 -s emulator-5554 shell dumpsys package com.greenroad.mobile.drive'
[debug] &amp#27;[35m[ADB]&amp#27;[39m 'com.greenroad.mobile.drive' is not installed
[debug] &amp#27;[35m[AndroidDriver]&amp#27;[39m Running full reset on 'com.greenroad.mobile.drive' (reinstall)
&amp#27;[35m[ADB]&amp#27;[39m The application at '/Users/asaf.mishaeli/Development/GrTest/src/greenroad-asimov-prod-release-5.7.0.300000835.apk' will not be cached, because the device under test has confirmed the support of streamed installs
[debug] &amp#27;[35m[ADB]&amp#27;[39m Running '/Users/asaf.mishaeli/Library/Android/sdk/platform-tools/adb -P 5037 -s emulator-5554 install -r /Users/asaf.mishaeli/Development/GrTest/src/greenroad-asimov-prod-release-5.7.0.300000835.apk'
&amp#27;[35m[ADB]&amp#27;[39m The installation of 'greenroad-asimov-prod-release-5.7.0.300000835.apk' took 17415ms
[debug] &amp#27;[35m[ADB]&amp#27;[39m Install command stdout: Performing Streamed Install
[debug] &amp#27;[35m[ADB]&amp#27;[39m Success
[debug] &amp#27;[35m[UiAutomator2]&amp#27;[39m Performing shallow cleanup of automation leftovers
[debug] &amp#27;[35m[UiAutomator2]&amp#27;[39m No obsolete sessions have been detected (socket hang up)
[debug] &amp#27;[35m[ADB]&amp#27;[39m Running '/Users/asaf.mishaeli/Library/Android/sdk/platform-tools/adb -P 5037 -s emulator-5554 shell am force-stop io.appium.uiautomator2.server.test'
&amp#27;[35m[UiAutomator2]&amp#27;[39m Starting UIAutomator2 server 4.17.1
&amp#27;[35m[UiAutomator2]&amp#27;[39m Using UIAutomator2 server from '/usr/local/lib/node_modules/appium/node_modules/appium-uiautomator2-server/apks/appium-uiautomator2-server-v4.17.1.apk' and test from '/usr/local/lib/node_modules/appium/node_modules/appium-uiautomator2-server/apks/appium-uiautomator2-server-debug-androidTest.apk'
&amp#27;[35m[UiAutomator2]&amp#27;[39m Waiting up to 30000ms for UiAutomator2 to be online...
[debug] &amp#27;[35m[ADB]&amp#27;[39m Creating ADB subprocess with args: ["-P",5037,"-s","emulator-5554","shell","am","instrument","-w","io.appium.uiautomator2.server.test/androidx.test.runner.AndroidJUnitRunner"]
[debug] &amp#27;[35m[WD Proxy]&amp#27;[39m Matched '/status' to command name 'getStatus'
[debug] &amp#27;[35m[WD Proxy]&amp#27;[39m Proxying [GET /status] to [GET http://127.0.0.1:8200/wd/hub/status] with no body
&amp#27;[35m[WD Proxy]&amp#27;[39m socket hang up
[debug] &amp#27;[35m[Instrumentation]&amp#27;[39m io.appium.uiautomator2.server.test.AppiumUiAutomator2Server:
[debug] &amp#27;[35m[WD Proxy]&amp#27;[39m Matched '/status' to command name 'getStatus'
[debug] &amp#27;[35m[WD Proxy]&amp#27;[39m Proxying [GET /status] to [GET http://127.0.0.1:8200/wd/hub/status] with no body
&amp#27;[35m[WD Proxy]&amp#27;[39m socket hang up
[debug] &amp#27;[35m[WD Proxy]&amp#27;[39m Matched '/status' to command name 'getStatus'
[debug] &amp#27;[35m[WD Proxy]&amp#27;[39m Proxying [GET /status] to [GET http://127.0.0.1:8200/wd/hub/status] with no body
&amp#27;[35m[WD Proxy]&amp#27;[39m socket hang up
[debug] &amp#27;[35m[WD Proxy]&amp#27;[39m Matched '/status' to command name 'getStatus'
[debug] &amp#27;[35m[WD Proxy]&amp#27;[39m Proxying [GET /status] to [GET http://127.0.0.1:8200/wd/hub/status] with no body
[debug] &amp#27;[35m[WD Proxy]&amp#27;[39m Got response with status 200: {"sessionId":"None","value":{"message":"UiAutomator2 Server is ready to accept commands","ready":true}}
[debug] &amp#27;[35m[UiAutomator2]&amp#27;[39m The initialization of the instrumentation process took 3179ms
[debug] &amp#27;[35m[WD Proxy]&amp#27;[39m Matched '/session' to command name 'createSession'
[debug] &amp#27;[35m[WD Proxy]&amp#27;[39m Proxying [POST /session] to [POST http://127.0.0.1:8200/wd/hub/session] with body: {"capabilities":{"firstMatch":[{"platform":"LINUX","webStorageEnabled":false,"takesScreenshot":true,"javascriptEnabled":true,"databaseEnabled":false,"networkConnectionEnabled":true,"locationContextEnabled":false,"warnings":{},"desired":{"platformName":"android","app":"/Users/asaf.mishaeli/Development/GrTest/src/greenroad-asimov-prod-release-5.7.0.300000835.apk","automationName":"uiautomator2","deviceName":"Android_Emulator2","fullReset":true,"newCommandTimeout":14},"platformName":"android","app":"/Users/asaf.mishaeli/Development/GrTest/src/greenroad-asimov-prod-release-5.7.0.300000835.apk","automationName":"uiautomator2","deviceName":"emulator-5554","fullReset":true,"newCommandTimeout":14,"deviceUDID":"emulator-5554","appPackage":"com.greenroad.mobile.drive"}],"alwaysMatch":{}}}
[debug] &amp#27;[35m[WD Proxy]&amp#27;[39m Got response with status 200: {"sessionId":"89075f80-d9e9-4275-bfda-2e7e0ab28e7c","value":{"capabilities":{"firstMatch":[{"platform":"LINUX","webStorageEnabled":false,"takesScreenshot":true,"javascriptEnabled":true,"databaseEnabled":false,"networkConnectionEnabled":true,"locationContextEnabled":false,"warnings":{},"desired":{"platformName":"android","app":"/Users/asaf.mishaeli/Development/GrTest/src/greenroad-asimov-prod-release-5.7.0.300000835.apk","automationName":"uiautomator2","deviceName":"Android_Emulator2","fullReset":true,"newCommandTimeout":14},"platformName":"android","app":"/Users/asaf.mishaeli/Development/GrTest/src/greenroad-asimov-prod-release-5.7.0.300000835.apk","automationName":"uiautomator2","deviceName":"emulator-5554","fullReset":true,"newCommandTimeout":14,"deviceUDID":"emulator-5554","appPackage":"com.greenroad.mobile.drive"}],"alwaysMatch":{}},"sessionId":"89075f80-d9e9-4275-bfda-2e7e0ab28e7c"}}
&amp#27;[35m[WD Proxy]&amp#27;[39m Determined the downstream protocol as 'W3C'
[debug] &amp#27;[35m[WD Proxy]&amp#27;[39m Proxying [GET /appium/device/info] to [GET http://127.0.0.1:8200/wd/hub/session/89075f80-d9e9-4275-bfda-2e7e0ab28e7c/appium/device/info] with no body
[debug] &amp#27;[35m[WD Proxy]&amp#27;[39m Got response with status 200: {"sessionId":"89075f80-d9e9-4275-bfda-2e7e0ab28e7c","value":{"androidId":"465c017314cd56aa","apiVersion":"26","bluetooth":null,"brand":"google","carrierName":"Android","displayDensity":440,"locale":"en_US","manufacturer":"Google","model":"Android SDK built for x86","networks":[{"capabilities":{"SSID":null,"linkDownBandwidthKbps":102400,"linkUpstreamBandwidthKbps":51200,"networkCapabilities":"NET_CAPABILITY_MMS,NET_CAPABILITY_SUPL,NET_CAPABILITY_FOTA,NET_CAPABILITY_IMS,NET_CAPABILITY_CBS,NET_CAPABILITY_IA,NET_CAPABILITY_INTERNET,NET_CAPABILITY_NOT_RESTRICTED,NET_CAPABILITY_TRUSTED,NET_CAPABILITY_NOT_VPN,NET_CAPABILITY_VALIDATED","signalStrength":-2147483648,"transportTypes":"TRANSPORT_CELLULAR"},"detailedState":"CONNECTED","extraInfo":"epc.tmobile.com","isAvailable":true,"isConnected":true,"isFailover":false,"isRoaming":false,"state":"CONNECTED","subtype":13,"subtypeName":"LTE","type":0,"typeName":"MOBILE"},{"capabilities":{"SSID":null,"linkDownBandwidthKbps":1048576,"linkUpstreamBandwidthKbps":1048576,"net...
[debug] &amp#27;[35m[ADB]&amp#27;[39m Running '/Users/asaf.mishaeli/Library/Android/sdk/platform-tools/adb -P 5037 -s emulator-5554 shell dumpsys window'
&amp#27;[35m[AndroidDriver]&amp#27;[39m Screen already unlocked, doing nothing
&amp#27;[35m[UiAutomator2]&amp#27;[39m Starting 'com.greenroad.mobile.drive/com.greenroad.mobile.asimov.activities.GatewayActivity and waiting for 'com.greenroad.mobile.drive/com.greenroad.mobile.asimov.activities.GatewayActivity'
[debug] &amp#27;[35m[ADB]&amp#27;[39m Running '/Users/asaf.mishaeli/Library/Android/sdk/platform-tools/adb -P 5037 -s emulator-5554 shell am start -W -n com.greenroad.mobile.drive/com.greenroad.mobile.asimov.activities.GatewayActivity -S -a android.intent.action.MAIN -c android.intent.category.LAUNCHER -f 0x10200000'
[debug] &amp#27;[35m[ADB]&amp#27;[39m Waiting up to 20000ms for activity matching pkg: 'com.greenroad.mobile.drive' and activity: 'com.greenroad.mobile.asimov.activities.GatewayActivity' to be focused
[debug] &amp#27;[35m[ADB]&amp#27;[39m Possible activities, to be checked: 'com.greenroad.mobile.asimov.activities.GatewayActivity', 'com.greenroad.mobile.drive.com.greenroad.mobile.asimov.activities.GatewayActivity'
[debug] &amp#27;[35m[ADB]&amp#27;[39m Getting focused package and activity
[debug] &amp#27;[35m[ADB]&amp#27;[39m Running '/Users/asaf.mishaeli/Library/Android/sdk/platform-tools/adb -P 5037 -s emulator-5554 shell dumpsys window windows'
[debug] &amp#27;[35m[ADB]&amp#27;[39m Found package: 'com.greenroad.mobile.drive' and fully qualified activity name : 'com.greenroad.mobile.asimov.activities.GatewayActivity'
[debug] &amp#27;[35m[WD Proxy]&amp#27;[39m Proxying [GET /appium/device/pixel_ratio] to [GET http://127.0.0.1:8200/wd/hub/session/89075f80-d9e9-4275-bfda-2e7e0ab28e7c/appium/device/pixel_ratio] with no body
[debug] &amp#27;[35m[WD Proxy]&amp#27;[39m Got response with status 200: {"sessionId":"89075f80-d9e9-4275-bfda-2e7e0ab28e7c","value":2.75}
[debug] &amp#27;[35m[WD Proxy]&amp#27;[39m Matched '/appium/device/system_bars' to command name 'getSystemBars'
[debug] &amp#27;[35m[WD Proxy]&amp#27;[39m Proxying [GET /appium/device/system_bars] to [GET http://127.0.0.1:8200/wd/hub/session/89075f80-d9e9-4275-bfda-2e7e0ab28e7c/appium/device/system_bars] with no body
[debug] &amp#27;[35m[WD Proxy]&amp#27;[39m Got response with status 200: {"sessionId":"89075f80-d9e9-4275-bfda-2e7e0ab28e7c","value":{"statusBar":66}}
[debug] &amp#27;[35m[WD Proxy]&amp#27;[39m Matched '/window/current/size' to command name 'getWindowSize'
[debug] &amp#27;[35m[WD Proxy]&amp#27;[39m Proxying [GET /window/current/size] to [GET http://127.0.0.1:8200/wd/hub/session/89075f80-d9e9-4275-bfda-2e7e0ab28e7c/window/current/size] with no body
[debug] &amp#27;[35m[WD Proxy]&amp#27;[39m Got response with status 200: {"sessionId":"89075f80-d9e9-4275-bfda-2e7e0ab28e7c","value":{"height":2088,"width":1080}}
&amp#27;[35m[Appium]&amp#27;[39m New AndroidUiautomator2Driver session created successfully, session 9d7b9e24-695f-4735-9107-00c6b3ac39c9 added to master session list
[debug] &amp#27;[35m[BaseDriver]&amp#27;[39m Event 'newSessionStarted' logged at 1617127887182 (21:11:27 GMT+0300 (Israel Daylight Time))
[debug] &amp#27;[35m[W3C (9d7b9e24)]&amp#27;[39m Cached the protocol value 'W3C' for the new session 9d7b9e24-695f-4735-9107-00c6b3ac39c9
[debug] &amp#27;[35m[W3C (9d7b9e24)]&amp#27;[39m Responding to client with driver.createSession() result: {"capabilities":{"platform":"LINUX","webStorageEnabled":false,"takesScreenshot":true,"javascriptEnabled":true,"databaseEnabled":false,"networkConnectionEnabled":true,"locationContextEnabled":false,"warnings":{},"desired":{"platformName":"android","app":"/Users/asaf.mishaeli/Development/GrTest/src/greenroad-asimov-prod-release-5.7.0.300000835.apk","automationName":"uiautomator2","deviceName":"Android_Emulator2","fullReset":true,"newCommandTimeout":14},"platformName":"android","app":"/Users/asaf.mishaeli/Development/GrTest/src/greenroad-asimov-prod-release-5.7.0.300000835.apk","automationName":"uiautomator2","deviceName":"emulator-5554","fullReset":true,"newCommandTimeout":14,"deviceUDID":"emulator-5554","appPackage":"com.greenroad.mobile.drive","deviceApiLevel":26,"platformVersion":"8.0.0","deviceScreenSize":"1080x2220","deviceScreenDensity":440,"deviceModel":"Android SDK built for x86","deviceManufacturer":"Google","pixelRatio":2.75,"statBarHeight":66,"viewportRect":{"left":0,"top":66,"width":1080,"height"...
&amp#27;[35m[HTTP]&amp#27;[39m &amp#27;[37m<-- POST /wd/hub/session &amp#27;[39m&amp#27;[32m200&amp#27;[39m &amp#27;[90m35059 ms - 1090&amp#27;[39m
&amp#27;[35m[HTTP]&amp#27;[39m &amp#27;[90m&amp#27;[39m
&amp#27;[35m[HTTP]&amp#27;[39m &amp#27;[37m-->&amp#27;[39m &amp#27;[37mPOST&amp#27;[39m &amp#27;[37m/wd/hub/session/9d7b9e24-695f-4735-9107-00c6b3ac39c9/timeouts&amp#27;[39m
&amp#27;[35m[HTTP]&amp#27;[39m &amp#27;[90m{"implicit":10000}&amp#27;[39m
[debug] &amp#27;[35m[W3C (9d7b9e24)]&amp#27;[39m Calling AppiumDriver.timeouts() with args: [null,null,null,null,10000,"9d7b9e24-695f-4735-9107-00c6b3ac39c9"]
[debug] &amp#27;[35m[BaseDriver]&amp#27;[39m W3C timeout argument: {"implicit":10000}}
[debug] &amp#27;[35m[BaseDriver]&amp#27;[39m Set implicit wait to 10000ms
[debug] &amp#27;[35m[W3C (9d7b9e24)]&amp#27;[39m Responding to client with driver.timeouts() result: null
&amp#27;[35m[HTTP]&amp#27;[39m &amp#27;[37m<-- POST /wd/hub/session/9d7b9e24-695f-4735-9107-00c6b3ac39c9/timeouts &amp#27;[39m&amp#27;[32m200&amp#27;[39m &amp#27;[90m7 ms - 14&amp#27;[39m
&amp#27;[35m[HTTP]&amp#27;[39m &amp#27;[90m&amp#27;[39m
&amp#27;[35m[HTTP]&amp#27;[39m &amp#27;[37m-->&amp#27;[39m &amp#27;[37mGET&amp#27;[39m &amp#27;[37m/wd/hub/session/9d7b9e24-695f-4735-9107-00c6b3ac39c9/context&amp#27;[39m
&amp#27;[35m[HTTP]&amp#27;[39m &amp#27;[90m{}&amp#27;[39m
[debug] &amp#27;[35m[W3C (9d7b9e24)]&amp#27;[39m Calling AppiumDriver.getCurrentContext() with args: ["9d7b9e24-695f-4735-9107-00c6b3ac39c9"]
[debug] &amp#27;[35m[W3C (9d7b9e24)]&amp#27;[39m Responding to client with driver.getCurrentContext() result: "NATIVE_APP"
&amp#27;[35m[HTTP]&amp#27;[39m &amp#27;[37m<-- GET /wd/hub/session/9d7b9e24-695f-4735-9107-00c6b3ac39c9/context &amp#27;[39m&amp#27;[32m200&amp#27;[39m &amp#27;[90m8 ms - 22&amp#27;[39m
&amp#27;[35m[HTTP]&amp#27;[39m &amp#27;[90m&amp#27;[39m
&amp#27;[35m[HTTP]&amp#27;[39m &amp#27;[37m-->&amp#27;[39m &amp#27;[37mPOST&amp#27;[39m &amp#27;[37m/wd/hub/session/9d7b9e24-695f-4735-9107-00c6b3ac39c9/element&amp#27;[39m
&amp#27;[35m[HTTP]&amp#27;[39m &amp#27;[90m{"using":"id","value":"com.greenroad.mobile.drive:id/username"}&amp#27;[39m
[debug] &amp#27;[35m[W3C (9d7b9e24)]&amp#27;[39m Calling AppiumDriver.findElement() with args: ["id","com.greenroad.mobile.drive:id/username","9d7b9e24-695f-4735-9107-00c6b3ac39c9"]
[debug] &amp#27;[35m[BaseDriver]&amp#27;[39m Valid locator strategies for this request: xpath, id, class name, accessibility id, css selector, -android uiautomator
[debug] &amp#27;[35m[BaseDriver]&amp#27;[39m Waiting up to 10000 ms for condition
[debug] &amp#27;[35m[WD Proxy]&amp#27;[39m Matched '/element' to command name 'findElement'
[debug] &amp#27;[35m[WD Proxy]&amp#27;[39m Proxying [POST /element] to [POST http://127.0.0.1:8200/wd/hub/session/89075f80-d9e9-4275-bfda-2e7e0ab28e7c/element] with body: {"strategy":"id","selector":"com.greenroad.mobile.drive:id/username","context":"","multiple":false}
&amp#27;[35m[WD Proxy]&amp#27;[39m Got response with status 404: {"sessionId":"89075f80-d9e9-4275-bfda-2e7e0ab28e7c","value":{"error":"no such element","message":"An element could not be located on the page using the given search parameters","stacktrace":"io.appium.uiautomator2.common.exceptions.ElementNotFoundException: An element could not be located on the page using the given search parameters\n\tat io.appium.uiautomator2.handler.FindElement.safeHandle(FindElement.java:70)\n\tat io.appium.uiautomator2.handler.request.SafeRequestHandler.handle(SafeRequestHandler.java:41)\n\tat io.appium.uiautomator2.server.AppiumServlet.handleRequest(AppiumServlet.java:261)\n\tat io.appium.uiautomator2.server.AppiumServlet.handleHttpRequest(AppiumServlet.java:255)\n\tat io.appium.uiautomator2.http.ServerHandler.channelRead(ServerHandler.java:68)\n\tat io.netty.channel.AbstractChannelHandlerContext.invokeChannelRead(AbstractChannelHandlerContext.java:366)\n\tat io.netty.channel.AbstractChannelHandlerContext.invokeChannelRead(AbstractChannelHandlerContext.java:352)\n\tat io.netty.chann...
[debug] &amp#27;[35m[W3C]&amp#27;[39m Matched W3C error code 'no such element' to NoSuchElementError
[debug] &amp#27;[35m[BaseDriver]&amp#27;[39m Waited for 126 ms so far
[debug] &amp#27;[35m[WD Proxy]&amp#27;[39m Matched '/element' to command name 'findElement'
[debug] &amp#27;[35m[WD Proxy]&amp#27;[39m Proxying [POST /element] to [POST http://127.0.0.1:8200/wd/hub/session/89075f80-d9e9-4275-bfda-2e7e0ab28e7c/element] with body: {"strategy":"id","selector":"com.greenroad.mobile.drive:id/username","context":"","multiple":false}
&amp#27;[35m[WD Proxy]&amp#27;[39m Got response with status 404: {"sessionId":"89075f80-d9e9-4275-bfda-2e7e0ab28e7c","value":{"error":"no such element","message":"An element could not be located on the page using the given search parameters","stacktrace":"io.appium.uiautomator2.common.exceptions.ElementNotFoundException: An element could not be located on the page using the given search parameters\n\tat io.appium.uiautomator2.handler.FindElement.safeHandle(FindElement.java:70)\n\tat io.appium.uiautomator2.handler.request.SafeRequestHandler.handle(SafeRequestHandler.java:41)\n\tat io.appium.uiautomator2.server.AppiumServlet.handleRequest(AppiumServlet.java:261)\n\tat io.appium.uiautomator2.server.AppiumServlet.handleHttpRequest(AppiumServlet.java:255)\n\tat io.appium.uiautomator2.http.ServerHandler.channelRead(ServerHandler.java:68)\n\tat io.netty.channel.AbstractChannelHandlerContext.invokeChannelRead(AbstractChannelHandlerContext.java:366)\n\tat io.netty.channel.AbstractChannelHandlerContext.invokeChannelRead(AbstractChannelHandlerContext.java:352)\n\tat io.netty.chann...
[debug] &amp#27;[35m[W3C]&amp#27;[39m Matched W3C error code 'no such element' to NoSuchElementError
[debug] &amp#27;[35m[BaseDriver]&amp#27;[39m Waited for 658 ms so far
[debug] &amp#27;[35m[WD Proxy]&amp#27;[39m Matched '/element' to command name 'findElement'
[debug] &amp#27;[35m[WD Proxy]&amp#27;[39m Proxying [POST /element] to [POST http://127.0.0.1:8200/wd/hub/session/89075f80-d9e9-4275-bfda-2e7e0ab28e7c/element] with body: {"strategy":"id","selector":"com.greenroad.mobile.drive:id/username","context":"","multiple":false}
&amp#27;[35m[WD Proxy]&amp#27;[39m Got response with status 404: {"sessionId":"89075f80-d9e9-4275-bfda-2e7e0ab28e7c","value":{"error":"no such element","message":"An element could not be located on the page using the given search parameters","stacktrace":"io.appium.uiautomator2.common.exceptions.ElementNotFoundException: An element could not be located on the page using the given search parameters\n\tat io.appium.uiautomator2.handler.FindElement.safeHandle(FindElement.java:70)\n\tat io.appium.uiautomator2.handler.request.SafeRequestHandler.handle(SafeRequestHandler.java:41)\n\tat io.appium.uiautomator2.server.AppiumServlet.handleRequest(AppiumServlet.java:261)\n\tat io.appium.uiautomator2.server.AppiumServlet.handleHttpRequest(AppiumServlet.java:255)\n\tat io.appium.uiautomator2.http.ServerHandler.channelRead(ServerHandler.java:68)\n\tat io.netty.channel.AbstractChannelHandlerContext.invokeChannelRead(AbstractChannelHandlerContext.java:366)\n\tat io.netty.channel.AbstractChannelHandlerContext.invokeChannelRead(AbstractChannelHandlerContext.java:352)\n\tat io.netty.chann...
[debug] &amp#27;[35m[W3C]&amp#27;[39m Matched W3C error code 'no such element' to NoSuchElementError
[debug] &amp#27;[35m[BaseDriver]&amp#27;[39m Waited for 1207 ms so far
[debug] &amp#27;[35m[WD Proxy]&amp#27;[39m Matched '/element' to command name 'findElement'
[debug] &amp#27;[35m[WD Proxy]&amp#27;[39m Proxying [POST /element] to [POST http://127.0.0.1:8200/wd/hub/session/89075f80-d9e9-4275-bfda-2e7e0ab28e7c/element] with body: {"strategy":"id","selector":"com.greenroad.mobile.drive:id/username","context":"","multiple":false}
&amp#27;[35m[WD Proxy]&amp#27;[39m Got response with status 404: {"sessionId":"89075f80-d9e9-4275-bfda-2e7e0ab28e7c","value":{"error":"no such element","message":"An element could not be located on the page using the given search parameters","stacktrace":"io.appium.uiautomator2.common.exceptions.ElementNotFoundException: An element could not be located on the page using the given search parameters\n\tat io.appium.uiautomator2.handler.FindElement.safeHandle(FindElement.java:70)\n\tat io.appium.uiautomator2.handler.request.SafeRequestHandler.handle(SafeRequestHandler.java:41)\n\tat io.appium.uiautomator2.server.AppiumServlet.handleRequest(AppiumServlet.java:261)\n\tat io.appium.uiautomator2.server.AppiumServlet.handleHttpRequest(AppiumServlet.java:255)\n\tat io.appium.uiautomator2.http.ServerHandler.channelRead(ServerHandler.java:68)\n\tat io.netty.channel.AbstractChannelHandlerContext.invokeChannelRead(AbstractChannelHandlerContext.java:366)\n\tat io.netty.channel.AbstractChannelHandlerContext.invokeChannelRead(AbstractChannelHandlerContext.java:352)\n\tat io.netty.chann...
[debug] &amp#27;[35m[W3C]&amp#27;[39m Matched W3C error code 'no such element' to NoSuchElementError
[debug] &amp#27;[35m[BaseDriver]&amp#27;[39m Waited for 1740 ms so far
[debug] &amp#27;[35m[WD Proxy]&amp#27;[39m Matched '/element' to command name 'findElement'
[debug] &amp#27;[35m[WD Proxy]&amp#27;[39m Proxying [POST /element] to [POST http://127.0.0.1:8200/wd/hub/session/89075f80-d9e9-4275-bfda-2e7e0ab28e7c/element] with body: {"strategy":"id","selector":"com.greenroad.mobile.drive:id/username","context":"","multiple":false}
&amp#27;[35m[WD Proxy]&amp#27;[39m Got response with status 404: {"sessionId":"89075f80-d9e9-4275-bfda-2e7e0ab28e7c","value":{"error":"no such element","message":"An element could not be located on the page using the given search parameters","stacktrace":"io.appium.uiautomator2.common.exceptions.ElementNotFoundException: An element could not be located on the page using the given search parameters\n\tat io.appium.uiautomator2.handler.FindElement.safeHandle(FindElement.java:70)\n\tat io.appium.uiautomator2.handler.request.SafeRequestHandler.handle(SafeRequestHandler.java:41)\n\tat io.appium.uiautomator2.server.AppiumServlet.handleRequest(AppiumServlet.java:261)\n\tat io.appium.uiautomator2.server.AppiumServlet.handleHttpRequest(AppiumServlet.java:255)\n\tat io.appium.uiautomator2.http.ServerHandler.channelRead(ServerHandler.java:68)\n\tat io.netty.channel.AbstractChannelHandlerContext.invokeChannelRead(AbstractChannelHandlerContext.java:366)\n\tat io.netty.channel.AbstractChannelHandlerContext.invokeChannelRead(AbstractChannelHandlerContext.java:352)\n\tat io.netty.chann...
[debug] &amp#27;[35m[W3C]&amp#27;[39m Matched W3C error code 'no such element' to NoSuchElementError
[debug] &amp#27;[35m[BaseDriver]&amp#27;[39m Waited for 2861 ms so far
[debug] &amp#27;[35m[WD Proxy]&amp#27;[39m Matched '/element' to command name 'findElement'
[debug] &amp#27;[35m[WD Proxy]&amp#27;[39m Proxying [POST /element] to [POST http://127.0.0.1:8200/wd/hub/session/89075f80-d9e9-4275-bfda-2e7e0ab28e7c/element] with body: {"strategy":"id","selector":"com.greenroad.mobile.drive:id/username","context":"","multiple":false}
[debug] &amp#27;[35m[WD Proxy]&amp#27;[39m Got response with status 200: {"sessionId":"89075f80-d9e9-4275-bfda-2e7e0ab28e7c","value":{"ELEMENT":"2f269826-60ac-4294-8021-3c35f5e288c6","element-6066-11e4-a52e-4f735466cecf":"2f269826-60ac-4294-8021-3c35f5e288c6"}}
[debug] &amp#27;[35m[W3C (9d7b9e24)]&amp#27;[39m Responding to client with driver.findElement() result: {"element-6066-11e4-a52e-4f735466cecf":"2f269826-60ac-4294-8021-3c35f5e288c6","ELEMENT":"2f269826-60ac-4294-8021-3c35f5e288c6"}
&amp#27;[35m[HTTP]&amp#27;[39m &amp#27;[37m<-- POST /wd/hub/session/9d7b9e24-695f-4735-9107-00c6b3ac39c9/element &amp#27;[39m&amp#27;[32m200&amp#27;[39m &amp#27;[90m3746 ms - 137&amp#27;[39m
&amp#27;[35m[HTTP]&amp#27;[39m &amp#27;[90m&amp#27;[39m
&amp#27;[35m[HTTP]&amp#27;[39m &amp#27;[37m-->&amp#27;[39m &amp#27;[37mPOST&amp#27;[39m &amp#27;[37m/wd/hub/session/9d7b9e24-695f-4735-9107-00c6b3ac39c9/element/2f269826-60ac-4294-8021-3c35f5e288c6/value&amp#27;[39m
&amp#27;[35m[HTTP]&amp#27;[39m &amp#27;[90m{"id":"2f269826-60ac-4294-8021-3c35f5e288c6","text":"asaf.demo6","value":["a","s","a","f",".","d","e","m","o","6"]}&amp#27;[39m
[debug] &amp#27;[35m[W3C (9d7b9e24)]&amp#27;[39m Calling AppiumDriver.setValue() with args: [["a","s","a","f",".","d","e","m","o","6"],"2f269826-60ac-4294-8021-3c35f5e288c6","9d7b9e24-695f-4735-9107-00c6b3ac39c9"]
[debug] &amp#27;[35m[WD Proxy]&amp#27;[39m Matched '/element/2f269826-60ac-4294-8021-3c35f5e288c6/value' to command name 'setValue'
[debug] &amp#27;[35m[Protocol Converter]&amp#27;[39m Added 'value' property ["a","s","a","f",".","d","e","m","o","6"] to 'setValue' request body
[debug] &amp#27;[35m[WD Proxy]&amp#27;[39m Proxying [POST /element/2f269826-60ac-4294-8021-3c35f5e288c6/value] to [POST http://127.0.0.1:8200/wd/hub/session/89075f80-d9e9-4275-bfda-2e7e0ab28e7c/element/2f269826-60ac-4294-8021-3c35f5e288c6/value] with body: {"elementId":"2f269826-60ac-4294-8021-3c35f5e288c6","text":"asaf.demo6","replace":false,"value":["a","s","a","f",".","d","e","m","o","6"]}
[debug] &amp#27;[35m[WD Proxy]&amp#27;[39m Got response with status 200: {"sessionId":"89075f80-d9e9-4275-bfda-2e7e0ab28e7c","value":null}
[debug] &amp#27;[35m[W3C (9d7b9e24)]&amp#27;[39m Responding to client with driver.setValue() result: null
&amp#27;[35m[HTTP]&amp#27;[39m &amp#27;[37m<-- POST /wd/hub/session/9d7b9e24-695f-4735-9107-00c6b3ac39c9/element/2f269826-60ac-4294-8021-3c35f5e288c6/value &amp#27;[39m&amp#27;[32m200&amp#27;[39m &amp#27;[90m594 ms - 14&amp#27;[39m
&amp#27;[35m[HTTP]&amp#27;[39m &amp#27;[90m&amp#27;[39m
&amp#27;[35m[HTTP]&amp#27;[39m &amp#27;[37m-->&amp#27;[39m &amp#27;[37mGET&amp#27;[39m &amp#27;[37m/wd/hub/session/9d7b9e24-695f-4735-9107-00c6b3ac39c9/context&amp#27;[39m
&amp#27;[35m[HTTP]&amp#27;[39m &amp#27;[90m{}&amp#27;[39m
[debug] &amp#27;[35m[W3C (9d7b9e24)]&amp#27;[39m Calling AppiumDriver.getCurrentContext() with args: ["9d7b9e24-695f-4735-9107-00c6b3ac39c9"]
[debug] &amp#27;[35m[W3C (9d7b9e24)]&amp#27;[39m Responding to client with driver.getCurrentContext() result: "NATIVE_APP"
&amp#27;[35m[HTTP]&amp#27;[39m &amp#27;[37m<-- GET /wd/hub/session/9d7b9e24-695f-4735-9107-00c6b3ac39c9/context &amp#27;[39m&amp#27;[32m200&amp#27;[39m &amp#27;[90m5 ms - 22&amp#27;[39m
&amp#27;[35m[HTTP]&amp#27;[39m &amp#27;[90m&amp#27;[39m
&amp#27;[35m[HTTP]&amp#27;[39m &amp#27;[37m-->&amp#27;[39m &amp#27;[37mPOST&amp#27;[39m &amp#27;[37m/wd/hub/session/9d7b9e24-695f-4735-9107-00c6b3ac39c9/element&amp#27;[39m
&amp#27;[35m[HTTP]&amp#27;[39m &amp#27;[90m{"using":"class name","value":"android.widget.Button"}&amp#27;[39m
[debug] &amp#27;[35m[W3C (9d7b9e24)]&amp#27;[39m Calling AppiumDriver.findElement() with args: ["class name","android.widget.Button","9d7b9e24-695f-4735-9107-00c6b3ac39c9"]
[debug] &amp#27;[35m[BaseDriver]&amp#27;[39m Valid locator strategies for this request: xpath, id, class name, accessibility id, css selector, -android uiautomator
[debug] &amp#27;[35m[BaseDriver]&amp#27;[39m Waiting up to 10000 ms for condition
[debug] &amp#27;[35m[WD Proxy]&amp#27;[39m Matched '/element' to command name 'findElement'
[debug] &amp#27;[35m[WD Proxy]&amp#27;[39m Proxying [POST /element] to [POST http://127.0.0.1:8200/wd/hub/session/89075f80-d9e9-4275-bfda-2e7e0ab28e7c/element] with body: {"strategy":"class name","selector":"android.widget.Button","context":"","multiple":false}
[debug] &amp#27;[35m[WD Proxy]&amp#27;[39m Got response with status 200: {"sessionId":"89075f80-d9e9-4275-bfda-2e7e0ab28e7c","value":{"ELEMENT":"6545cbd7-a06f-44b7-a98f-1f49ccb267e0","element-6066-11e4-a52e-4f735466cecf":"6545cbd7-a06f-44b7-a98f-1f49ccb267e0"}}
[debug] &amp#27;[35m[W3C (9d7b9e24)]&amp#27;[39m Responding to client with driver.findElement() result: {"element-6066-11e4-a52e-4f735466cecf":"6545cbd7-a06f-44b7-a98f-1f49ccb267e0","ELEMENT":"6545cbd7-a06f-44b7-a98f-1f49ccb267e0"}
&amp#27;[35m[HTTP]&amp#27;[39m &amp#27;[37m<-- POST /wd/hub/session/9d7b9e24-695f-4735-9107-00c6b3ac39c9/element &amp#27;[39m&amp#27;[32m200&amp#27;[39m &amp#27;[90m497 ms - 137&amp#27;[39m
&amp#27;[35m[HTTP]&amp#27;[39m &amp#27;[90m&amp#27;[39m
&amp#27;[35m[HTTP]&amp#27;[39m &amp#27;[37m-->&amp#27;[39m &amp#27;[37mPOST&amp#27;[39m &amp#27;[37m/wd/hub/session/9d7b9e24-695f-4735-9107-00c6b3ac39c9/element/6545cbd7-a06f-44b7-a98f-1f49ccb267e0/click&amp#27;[39m
&amp#27;[35m[HTTP]&amp#27;[39m &amp#27;[90m{"id":"6545cbd7-a06f-44b7-a98f-1f49ccb267e0"}&amp#27;[39m
[debug] &amp#27;[35m[W3C (9d7b9e24)]&amp#27;[39m Calling AppiumDriver.click() with args: ["6545cbd7-a06f-44b7-a98f-1f49ccb267e0","9d7b9e24-695f-4735-9107-00c6b3ac39c9"]
[debug] &amp#27;[35m[WD Proxy]&amp#27;[39m Matched '/element/6545cbd7-a06f-44b7-a98f-1f49ccb267e0/click' to command name 'click'
[debug] &amp#27;[35m[WD Proxy]&amp#27;[39m Proxying [POST /element/6545cbd7-a06f-44b7-a98f-1f49ccb267e0/click] to [POST http://127.0.0.1:8200/wd/hub/session/89075f80-d9e9-4275-bfda-2e7e0ab28e7c/element/6545cbd7-a06f-44b7-a98f-1f49ccb267e0/click] with body: {"element":"6545cbd7-a06f-44b7-a98f-1f49ccb267e0"}
[debug] &amp#27;[35m[WD Proxy]&amp#27;[39m Got response with status 200: {"sessionId":"89075f80-d9e9-4275-bfda-2e7e0ab28e7c","value":null}
[debug] &amp#27;[35m[W3C (9d7b9e24)]&amp#27;[39m Responding to client with driver.click() result: null
&amp#27;[35m[HTTP]&amp#27;[39m &amp#27;[37m<-- POST /wd/hub/session/9d7b9e24-695f-4735-9107-00c6b3ac39c9/element/6545cbd7-a06f-44b7-a98f-1f49ccb267e0/click &amp#27;[39m&amp#27;[32m200&amp#27;[39m &amp#27;[90m32 ms - 14&amp#27;[39m
&amp#27;[35m[HTTP]&amp#27;[39m &amp#27;[90m&amp#27;[39m
&amp#27;[35m[HTTP]&amp#27;[39m &amp#27;[37m-->&amp#27;[39m &amp#27;[37mGET&amp#27;[39m &amp#27;[37m/wd/hub/session/9d7b9e24-695f-4735-9107-00c6b3ac39c9/context&amp#27;[39m
&amp#27;[35m[HTTP]&amp#27;[39m &amp#27;[90m{}&amp#27;[39m
[debug] &amp#27;[35m[W3C (9d7b9e24)]&amp#27;[39m Calling AppiumDriver.getCurrentContext() with args: ["9d7b9e24-695f-4735-9107-00c6b3ac39c9"]
[debug] &amp#27;[35m[W3C (9d7b9e24)]&amp#27;[39m Responding to client with driver.getCurrentContext() result: "NATIVE_APP"
&amp#27;[35m[HTTP]&amp#27;[39m &amp#27;[37m<-- GET /wd/hub/session/9d7b9e24-695f-4735-9107-00c6b3ac39c9/context &amp#27;[39m&amp#27;[32m200&amp#27;[39m &amp#27;[90m2 ms - 22&amp#27;[39m
&amp#27;[35m[HTTP]&amp#27;[39m &amp#27;[90m&amp#27;[39m
&amp#27;[35m[HTTP]&amp#27;[39m &amp#27;[37m-->&amp#27;[39m &amp#27;[37mPOST&amp#27;[39m &amp#27;[37m/wd/hub/session/9d7b9e24-695f-4735-9107-00c6b3ac39c9/element&amp#27;[39m
&amp#27;[35m[HTTP]&amp#27;[39m &amp#27;[90m{"using":"id","value":"com.greenroad.mobile.drive:id/password"}&amp#27;[39m
[debug] &amp#27;[35m[W3C (9d7b9e24)]&amp#27;[39m Calling AppiumDriver.findElement() with args: ["id","com.greenroad.mobile.drive:id/password","9d7b9e24-695f-4735-9107-00c6b3ac39c9"]
[debug] &amp#27;[35m[BaseDriver]&amp#27;[39m Valid locator strategies for this request: xpath, id, class name, accessibility id, css selector, -android uiautomator
[debug] &amp#27;[35m[BaseDriver]&amp#27;[39m Waiting up to 10000 ms for condition
[debug] &amp#27;[35m[WD Proxy]&amp#27;[39m Matched '/element' to command name 'findElement'
[debug] &amp#27;[35m[WD Proxy]&amp#27;[39m Proxying [POST /element] to [POST http://127.0.0.1:8200/wd/hub/session/89075f80-d9e9-4275-bfda-2e7e0ab28e7c/element] with body: {"strategy":"id","selector":"com.greenroad.mobile.drive:id/password","context":"","multiple":false}
[debug] &amp#27;[35m[WD Proxy]&amp#27;[39m Got response with status 200: {"sessionId":"89075f80-d9e9-4275-bfda-2e7e0ab28e7c","value":{"ELEMENT":"2d79a8c7-1a01-46d0-9ab7-311b12426288","element-6066-11e4-a52e-4f735466cecf":"2d79a8c7-1a01-46d0-9ab7-311b12426288"}}
[debug] &amp#27;[35m[W3C (9d7b9e24)]&amp#27;[39m Responding to client with driver.findElement() result: {"element-6066-11e4-a52e-4f735466cecf":"2d79a8c7-1a01-46d0-9ab7-311b12426288","ELEMENT":"2d79a8c7-1a01-46d0-9ab7-311b12426288"}
&amp#27;[35m[HTTP]&amp#27;[39m &amp#27;[37m<-- POST /wd/hub/session/9d7b9e24-695f-4735-9107-00c6b3ac39c9/element &amp#27;[39m&amp#27;[32m200&amp#27;[39m &amp#27;[90m36 ms - 137&amp#27;[39m
&amp#27;[35m[HTTP]&amp#27;[39m &amp#27;[90m&amp#27;[39m
&amp#27;[35m[HTTP]&amp#27;[39m &amp#27;[37m-->&amp#27;[39m &amp#27;[37mPOST&amp#27;[39m &amp#27;[37m/wd/hub/session/9d7b9e24-695f-4735-9107-00c6b3ac39c9/element/2d79a8c7-1a01-46d0-9ab7-311b12426288/value&amp#27;[39m
&amp#27;[35m[HTTP]&amp#27;[39m &amp#27;[90m{"id":"2d79a8c7-1a01-46d0-9ab7-311b12426288","text":"qqqqqqq4","value":["q","q","q","q","q","q","q","4"]}&amp#27;[39m
[debug] &amp#27;[35m[W3C (9d7b9e24)]&amp#27;[39m Calling AppiumDriver.setValue() with args: [["q","q","q","q","q","q","q","4"],"2d79a8c7-1a01-46d0-9ab7-311b12426288","9d7b9e24-695f-4735-9107-00c6b3ac39c9"]
[debug] &amp#27;[35m[WD Proxy]&amp#27;[39m Matched '/element/2d79a8c7-1a01-46d0-9ab7-311b12426288/value' to command name 'setValue'
[debug] &amp#27;[35m[Protocol Converter]&amp#27;[39m Added 'value' property ["q","q","q","q","q","q","q","4"] to 'setValue' request body
[debug] &amp#27;[35m[WD Proxy]&amp#27;[39m Proxying [POST /element/2d79a8c7-1a01-46d0-9ab7-311b12426288/value] to [POST http://127.0.0.1:8200/wd/hub/session/89075f80-d9e9-4275-bfda-2e7e0ab28e7c/element/2d79a8c7-1a01-46d0-9ab7-311b12426288/value] with body: {"elementId":"2d79a8c7-1a01-46d0-9ab7-311b12426288","text":"qqqqqqq4","replace":false,"value":["q","q","q","q","q","q","q","4"]}
[debug] &amp#27;[35m[WD Proxy]&amp#27;[39m Got response with status 200: {"sessionId":"89075f80-d9e9-4275-bfda-2e7e0ab28e7c","value":null}
[debug] &amp#27;[35m[W3C (9d7b9e24)]&amp#27;[39m Responding to client with driver.setValue() result: null
&amp#27;[35m[HTTP]&amp#27;[39m &amp#27;[37m<-- POST /wd/hub/session/9d7b9e24-695f-4735-9107-00c6b3ac39c9/element/2d79a8c7-1a01-46d0-9ab7-311b12426288/value &amp#27;[39m&amp#27;[32m200&amp#27;[39m &amp#27;[90m551 ms - 14&amp#27;[39m
&amp#27;[35m[HTTP]&amp#27;[39m &amp#27;[90m&amp#27;[39m
&amp#27;[35m[HTTP]&amp#27;[39m &amp#27;[37m-->&amp#27;[39m &amp#27;[37mGET&amp#27;[39m &amp#27;[37m/wd/hub/session/9d7b9e24-695f-4735-9107-00c6b3ac39c9/context&amp#27;[39m
&amp#27;[35m[HTTP]&amp#27;[39m &amp#27;[90m{}&amp#27;[39m
[debug] &amp#27;[35m[W3C (9d7b9e24)]&amp#27;[39m Calling AppiumDriver.getCurrentContext() with args: ["9d7b9e24-695f-4735-9107-00c6b3ac39c9"]
[debug] &amp#27;[35m[W3C (9d7b9e24)]&amp#27;[39m Responding to client with driver.getCurrentContext() result: "NATIVE_APP"
&amp#27;[35m[HTTP]&amp#27;[39m &amp#27;[37m<-- GET /wd/hub/session/9d7b9e24-695f-4735-9107-00c6b3ac39c9/context &amp#27;[39m&amp#27;[32m200&amp#27;[39m &amp#27;[90m2 ms - 22&amp#27;[39m
&amp#27;[35m[HTTP]&amp#27;[39m &amp#27;[90m&amp#27;[39m
&amp#27;[35m[HTTP]&amp#27;[39m &amp#27;[37m-->&amp#27;[39m &amp#27;[37mPOST&amp#27;[39m &amp#27;[37m/wd/hub/session/9d7b9e24-695f-4735-9107-00c6b3ac39c9/element&amp#27;[39m
&amp#27;[35m[HTTP]&amp#27;[39m &amp#27;[90m{"using":"class name","value":"android.widget.Button"}&amp#27;[39m
[debug] &amp#27;[35m[W3C (9d7b9e24)]&amp#27;[39m Calling AppiumDriver.findElement() with args: ["class name","android.widget.Button","9d7b9e24-695f-4735-9107-00c6b3ac39c9"]
[debug] &amp#27;[35m[BaseDriver]&amp#27;[39m Valid locator strategies for this request: xpath, id, class name, accessibility id, css selector, -android uiautomator
[debug] &amp#27;[35m[BaseDriver]&amp#27;[39m Waiting up to 10000 ms for condition
[debug] &amp#27;[35m[WD Proxy]&amp#27;[39m Matched '/element' to command name 'findElement'
[debug] &amp#27;[35m[WD Proxy]&amp#27;[39m Proxying [POST /element] to [POST http://127.0.0.1:8200/wd/hub/session/89075f80-d9e9-4275-bfda-2e7e0ab28e7c/element] with body: {"strategy":"class name","selector":"android.widget.Button","context":"","multiple":false}
[debug] &amp#27;[35m[WD Proxy]&amp#27;[39m Got response with status 200: {"sessionId":"89075f80-d9e9-4275-bfda-2e7e0ab28e7c","value":{"ELEMENT":"6545cbd7-a06f-44b7-a98f-1f49ccb267e0","element-6066-11e4-a52e-4f735466cecf":"6545cbd7-a06f-44b7-a98f-1f49ccb267e0"}}
[debug] &amp#27;[35m[W3C (9d7b9e24)]&amp#27;[39m Responding to client with driver.findElement() result: {"element-6066-11e4-a52e-4f735466cecf":"6545cbd7-a06f-44b7-a98f-1f49ccb267e0","ELEMENT":"6545cbd7-a06f-44b7-a98f-1f49ccb267e0"}
&amp#27;[35m[HTTP]&amp#27;[39m &amp#27;[37m<-- POST /wd/hub/session/9d7b9e24-695f-4735-9107-00c6b3ac39c9/element &amp#27;[39m&amp#27;[32m200&amp#27;[39m &amp#27;[90m514 ms - 137&amp#27;[39m
&amp#27;[35m[HTTP]&amp#27;[39m &amp#27;[90m&amp#27;[39m
&amp#27;[35m[HTTP]&amp#27;[39m &amp#27;[37m-->&amp#27;[39m &amp#27;[37mPOST&amp#27;[39m &amp#27;[37m/wd/hub/session/9d7b9e24-695f-4735-9107-00c6b3ac39c9/element/6545cbd7-a06f-44b7-a98f-1f49ccb267e0/click&amp#27;[39m
&amp#27;[35m[HTTP]&amp#27;[39m &amp#27;[90m{"id":"6545cbd7-a06f-44b7-a98f-1f49ccb267e0"}&amp#27;[39m
[debug] &amp#27;[35m[W3C (9d7b9e24)]&amp#27;[39m Calling AppiumDriver.click() with args: ["6545cbd7-a06f-44b7-a98f-1f49ccb267e0","9d7b9e24-695f-4735-9107-00c6b3ac39c9"]
[debug] &amp#27;[35m[WD Proxy]&amp#27;[39m Matched '/element/6545cbd7-a06f-44b7-a98f-1f49ccb267e0/click' to command name 'click'
[debug] &amp#27;[35m[WD Proxy]&amp#27;[39m Proxying [POST /element/6545cbd7-a06f-44b7-a98f-1f49ccb267e0/click] to [POST http://127.0.0.1:8200/wd/hub/session/89075f80-d9e9-4275-bfda-2e7e0ab28e7c/element/6545cbd7-a06f-44b7-a98f-1f49ccb267e0/click] with body: {"element":"6545cbd7-a06f-44b7-a98f-1f49ccb267e0"}
[debug] &amp#27;[35m[WD Proxy]&amp#27;[39m Got response with status 200: {"sessionId":"89075f80-d9e9-4275-bfda-2e7e0ab28e7c","value":null}
[debug] &amp#27;[35m[W3C (9d7b9e24)]&amp#27;[39m Responding to client with driver.click() result: null
&amp#27;[35m[HTTP]&amp#27;[39m &amp#27;[37m<-- POST /wd/hub/session/9d7b9e24-695f-4735-9107-00c6b3ac39c9/element/6545cbd7-a06f-44b7-a98f-1f49ccb267e0/click &amp#27;[39m&amp#27;[32m200&amp#27;[39m &amp#27;[90m25 ms - 14&amp#27;[39m
&amp#27;[35m[HTTP]&amp#27;[39m &amp#27;[90m&amp#27;[39m
&amp#27;[35m[HTTP]&amp#27;[39m &amp#27;[37m-->&amp#27;[39m &amp#27;[37mGET&amp#27;[39m &amp#27;[37m/wd/hub/session/9d7b9e24-695f-4735-9107-00c6b3ac39c9/context&amp#27;[39m
&amp#27;[35m[HTTP]&amp#27;[39m &amp#27;[90m{}&amp#27;[39m
[debug] &amp#27;[35m[W3C (9d7b9e24)]&amp#27;[39m Calling AppiumDriver.getCurrentContext() with args: ["9d7b9e24-695f-4735-9107-00c6b3ac39c9"]
[debug] &amp#27;[35m[W3C (9d7b9e24)]&amp#27;[39m Responding to client with driver.getCurrentContext() result: "NATIVE_APP"
&amp#27;[35m[HTTP]&amp#27;[39m &amp#27;[37m<-- GET /wd/hub/session/9d7b9e24-695f-4735-9107-00c6b3ac39c9/context &amp#27;[39m&amp#27;[32m200&amp#27;[39m &amp#27;[90m2 ms - 22&amp#27;[39m
&amp#27;[35m[HTTP]&amp#27;[39m &amp#27;[90m&amp#27;[39m
&amp#27;[35m[HTTP]&amp#27;[39m &amp#27;[37m-->&amp#27;[39m &amp#27;[37mPOST&amp#27;[39m &amp#27;[37m/wd/hub/session/9d7b9e24-695f-4735-9107-00c6b3ac39c9/element&amp#27;[39m
&amp#27;[35m[HTTP]&amp#27;[39m &amp#27;[90m{"using":"class name","value":"android.widget.Button"}&amp#27;[39m
[debug] &amp#27;[35m[W3C (9d7b9e24)]&amp#27;[39m Calling AppiumDriver.findElement() with args: ["class name","android.widget.Button","9d7b9e24-695f-4735-9107-00c6b3ac39c9"]
[debug] &amp#27;[35m[BaseDriver]&amp#27;[39m Valid locator strategies for this request: xpath, id, class name, accessibility id, css selector, -android uiautomator
[debug] &amp#27;[35m[BaseDriver]&amp#27;[39m Waiting up to 10000 ms for condition
[debug] &amp#27;[35m[WD Proxy]&amp#27;[39m Matched '/element' to command name 'findElement'
[debug] &amp#27;[35m[WD Proxy]&amp#27;[39m Proxying [POST /element] to [POST http://127.0.0.1:8200/wd/hub/session/89075f80-d9e9-4275-bfda-2e7e0ab28e7c/element] with body: {"strategy":"class name","selector":"android.widget.Button","context":"","multiple":false}
[debug] &amp#27;[35m[WD Proxy]&amp#27;[39m Got response with status 200: {"sessionId":"89075f80-d9e9-4275-bfda-2e7e0ab28e7c","value":{"ELEMENT":"3d7819f9-d02f-43c4-bb36-61fe128a97ab","element-6066-11e4-a52e-4f735466cecf":"3d7819f9-d02f-43c4-bb36-61fe128a97ab"}}
[debug] &amp#27;[35m[W3C (9d7b9e24)]&amp#27;[39m Responding to client with driver.findElement() result: {"element-6066-11e4-a52e-4f735466cecf":"3d7819f9-d02f-43c4-bb36-61fe128a97ab","ELEMENT":"3d7819f9-d02f-43c4-bb36-61fe128a97ab"}
&amp#27;[35m[HTTP]&amp#27;[39m &amp#27;[37m<-- POST /wd/hub/session/9d7b9e24-695f-4735-9107-00c6b3ac39c9/element &amp#27;[39m&amp#27;[32m200&amp#27;[39m &amp#27;[90m34 ms - 137&amp#27;[39m
&amp#27;[35m[HTTP]&amp#27;[39m &amp#27;[90m&amp#27;[39m
&amp#27;[35m[HTTP]&amp#27;[39m &amp#27;[37m-->&amp#27;[39m &amp#27;[37mPOST&amp#27;[39m &amp#27;[37m/wd/hub/session/9d7b9e24-695f-4735-9107-00c6b3ac39c9/element/3d7819f9-d02f-43c4-bb36-61fe128a97ab/click&amp#27;[39m
&amp#27;[35m[HTTP]&amp#27;[39m &amp#27;[90m{"id":"3d7819f9-d02f-43c4-bb36-61fe128a97ab"}&amp#27;[39m
[debug] &amp#27;[35m[W3C (9d7b9e24)]&amp#27;[39m Calling AppiumDriver.click() with args: ["3d7819f9-d02f-43c4-bb36-61fe128a97ab","9d7b9e24-695f-4735-9107-00c6b3ac39c9"]
[debug] &amp#27;[35m[WD Proxy]&amp#27;[39m Matched '/element/3d7819f9-d02f-43c4-bb36-61fe128a97ab/click' to command name 'click'
[debug] &amp#27;[35m[WD Proxy]&amp#27;[39m Proxying [POST /element/3d7819f9-d02f-43c4-bb36-61fe128a97ab/click] to [POST http://127.0.0.1:8200/wd/hub/session/89075f80-d9e9-4275-bfda-2e7e0ab28e7c/element/3d7819f9-d02f-43c4-bb36-61fe128a97ab/click] with body: {"element":"3d7819f9-d02f-43c4-bb36-61fe128a97ab"}
[debug] &amp#27;[35m[WD Proxy]&amp#27;[39m Got response with status 200: {"sessionId":"89075f80-d9e9-4275-bfda-2e7e0ab28e7c","value":null}
[debug] &amp#27;[35m[W3C (9d7b9e24)]&amp#27;[39m Responding to client with driver.click() result: null
&amp#27;[35m[HTTP]&amp#27;[39m &amp#27;[37m<-- POST /wd/hub/session/9d7b9e24-695f-4735-9107-00c6b3ac39c9/element/3d7819f9-d02f-43c4-bb36-61fe128a97ab/click &amp#27;[39m&amp#27;[32m200&amp#27;[39m &amp#27;[90m28 ms - 14&amp#27;[39m
&amp#27;[35m[HTTP]&amp#27;[39m &amp#27;[90m&amp#27;[39m
&amp#27;[35m[HTTP]&amp#27;[39m &amp#27;[37m-->&amp#27;[39m &amp#27;[37mGET&amp#27;[39m &amp#27;[37m/wd/hub/session/9d7b9e24-695f-4735-9107-00c6b3ac39c9/context&amp#27;[39m
&amp#27;[35m[HTTP]&amp#27;[39m &amp#27;[90m{}&amp#27;[39m
[debug] &amp#27;[35m[W3C (9d7b9e24)]&amp#27;[39m Calling AppiumDriver.getCurrentContext() with args: ["9d7b9e24-695f-4735-9107-00c6b3ac39c9"]
[debug] &amp#27;[35m[W3C (9d7b9e24)]&amp#27;[39m Responding to client with driver.getCurrentContext() result: "NATIVE_APP"
&amp#27;[35m[HTTP]&amp#27;[39m &amp#27;[37m<-- GET /wd/hub/session/9d7b9e24-695f-4735-9107-00c6b3ac39c9/context &amp#27;[39m&amp#27;[32m200&amp#27;[39m &amp#27;[90m2 ms - 22&amp#27;[39m
&amp#27;[35m[HTTP]&amp#27;[39m &amp#27;[90m&amp#27;[39m
&amp#27;[35m[HTTP]&amp#27;[39m &amp#27;[37m-->&amp#27;[39m &amp#27;[37mPOST&amp#27;[39m &amp#27;[37m/wd/hub/session/9d7b9e24-695f-4735-9107-00c6b3ac39c9/elements&amp#27;[39m
&amp#27;[35m[HTTP]&amp#27;[39m &amp#27;[90m{"using":"class name","value":"android.widget.Button"}&amp#27;[39m
[debug] &amp#27;[35m[W3C (9d7b9e24)]&amp#27;[39m Calling AppiumDriver.findElements() with args: ["class name","android.widget.Button","9d7b9e24-695f-4735-9107-00c6b3ac39c9"]
[debug] &amp#27;[35m[BaseDriver]&amp#27;[39m Valid locator strategies for this request: xpath, id, class name, accessibility id, css selector, -android uiautomator
[debug] &amp#27;[35m[BaseDriver]&amp#27;[39m Waiting up to 10000 ms for condition
[debug] &amp#27;[35m[WD Proxy]&amp#27;[39m Matched '/elements' to command name 'findElements'
[debug] &amp#27;[35m[WD Proxy]&amp#27;[39m Proxying [POST /elements] to [POST http://127.0.0.1:8200/wd/hub/session/89075f80-d9e9-4275-bfda-2e7e0ab28e7c/elements] with body: {"strategy":"class name","selector":"android.widget.Button","context":"","multiple":true}
[debug] &amp#27;[35m[WD Proxy]&amp#27;[39m Got response with status 200: {"sessionId":"89075f80-d9e9-4275-bfda-2e7e0ab28e7c","value":[{"ELEMENT":"0b9f02e9-4a45-4c39-b1a1-2ca3faebbd85","element-6066-11e4-a52e-4f735466cecf":"0b9f02e9-4a45-4c39-b1a1-2ca3faebbd85"},{"ELEMENT":"cd3be696-90f8-4383-a8fb-9f53e66b8784","element-6066-11e4-a52e-4f735466cecf":"cd3be696-90f8-4383-a8fb-9f53e66b8784"}]}
[debug] &amp#27;[35m[W3C (9d7b9e24)]&amp#27;[39m Responding to client with driver.findElements() result: [{"element-6066-11e4-a52e-4f735466cecf":"0b9f02e9-4a45-4c39-b1a1-2ca3faebbd85","ELEMENT":"0b9f02e9-4a45-4c39-b1a1-2ca3faebbd85"},{"element-6066-11e4-a52e-4f735466cecf":"cd3be696-90f8-4383-a8fb-9f53e66b8784","ELEMENT":"cd3be696-90f8-4383-a8fb-9f53e66b8784"}]
&amp#27;[35m[HTTP]&amp#27;[39m &amp#27;[37m<-- POST /wd/hub/session/9d7b9e24-695f-4735-9107-00c6b3ac39c9/elements &amp#27;[39m&amp#27;[32m200&amp#27;[39m &amp#27;[90m143 ms - 267&amp#27;[39m
&amp#27;[35m[HTTP]&amp#27;[39m &amp#27;[90m&amp#27;[39m
&amp#27;[35m[HTTP]&amp#27;[39m &amp#27;[37m-->&amp#27;[39m &amp#27;[37mPOST&amp#27;[39m &amp#27;[37m/wd/hub/session/9d7b9e24-695f-4735-9107-00c6b3ac39c9/element/cd3be696-90f8-4383-a8fb-9f53e66b8784/click&amp#27;[39m
&amp#27;[35m[HTTP]&amp#27;[39m &amp#27;[90m{"id":"cd3be696-90f8-4383-a8fb-9f53e66b8784"}&amp#27;[39m
[debug] &amp#27;[35m[W3C (9d7b9e24)]&amp#27;[39m Calling AppiumDriver.click() with args: ["cd3be696-90f8-4383-a8fb-9f53e66b8784","9d7b9e24-695f-4735-9107-00c6b3ac39c9"]
[debug] &amp#27;[35m[WD Proxy]&amp#27;[39m Matched '/element/cd3be696-90f8-4383-a8fb-9f53e66b8784/click' to command name 'click'
[debug] &amp#27;[35m[WD Proxy]&amp#27;[39m Proxying [POST /element/cd3be696-90f8-4383-a8fb-9f53e66b8784/click] to [POST http://127.0.0.1:8200/wd/hub/session/89075f80-d9e9-4275-bfda-2e7e0ab28e7c/element/cd3be696-90f8-4383-a8fb-9f53e66b8784/click] with body: {"element":"cd3be696-90f8-4383-a8fb-9f53e66b8784"}
[debug] &amp#27;[35m[WD Proxy]&amp#27;[39m Got response with status 200: {"sessionId":"89075f80-d9e9-4275-bfda-2e7e0ab28e7c","value":null}
[debug] &amp#27;[35m[W3C (9d7b9e24)]&amp#27;[39m Responding to client with driver.click() result: null
&amp#27;[35m[HTTP]&amp#27;[39m &amp#27;[37m<-- POST /wd/hub/session/9d7b9e24-695f-4735-9107-00c6b3ac39c9/element/cd3be696-90f8-4383-a8fb-9f53e66b8784/click &amp#27;[39m&amp#27;[32m200&amp#27;[39m &amp#27;[90m48 ms - 14&amp#27;[39m
&amp#27;[35m[HTTP]&amp#27;[39m &amp#27;[90m&amp#27;[39m
&amp#27;[35m[HTTP]&amp#27;[39m &amp#27;[37m-->&amp#27;[39m &amp#27;[37mGET&amp#27;[39m &amp#27;[37m/wd/hub/session/9d7b9e24-695f-4735-9107-00c6b3ac39c9/context&amp#27;[39m
&amp#27;[35m[HTTP]&amp#27;[39m &amp#27;[90m{}&amp#27;[39m
[debug] &amp#27;[35m[W3C (9d7b9e24)]&amp#27;[39m Calling AppiumDriver.getCurrentContext() with args: ["9d7b9e24-695f-4735-9107-00c6b3ac39c9"]
[debug] &amp#27;[35m[W3C (9d7b9e24)]&amp#27;[39m Responding to client with driver.getCurrentContext() result: "NATIVE_APP"
&amp#27;[35m[HTTP]&amp#27;[39m &amp#27;[37m<-- GET /wd/hub/session/9d7b9e24-695f-4735-9107-00c6b3ac39c9/context &amp#27;[39m&amp#27;[32m200&amp#27;[39m &amp#27;[90m2 ms - 22&amp#27;[39m
&amp#27;[35m[HTTP]&amp#27;[39m &amp#27;[90m&amp#27;[39m
&amp#27;[35m[HTTP]&amp#27;[39m &amp#27;[37m-->&amp#27;[39m &amp#27;[37mPOST&amp#27;[39m &amp#27;[37m/wd/hub/session/9d7b9e24-695f-4735-9107-00c6b3ac39c9/element&amp#27;[39m
&amp#27;[35m[HTTP]&amp#27;[39m &amp#27;[90m{"using":"class name","value":"android.widget.Button"}&amp#27;[39m
[debug] &amp#27;[35m[W3C (9d7b9e24)]&amp#27;[39m Calling AppiumDriver.findElement() with args: ["class name","android.widget.Button","9d7b9e24-695f-4735-9107-00c6b3ac39c9"]
[debug] &amp#27;[35m[BaseDriver]&amp#27;[39m Valid locator strategies for this request: xpath, id, class name, accessibility id, css selector, -android uiautomator
[debug] &amp#27;[35m[BaseDriver]&amp#27;[39m Waiting up to 10000 ms for condition
[debug] &amp#27;[35m[WD Proxy]&amp#27;[39m Matched '/element' to command name 'findElement'
[debug] &amp#27;[35m[WD Proxy]&amp#27;[39m Proxying [POST /element] to [POST http://127.0.0.1:8200/wd/hub/session/89075f80-d9e9-4275-bfda-2e7e0ab28e7c/element] with body: {"strategy":"class name","selector":"android.widget.Button","context":"","multiple":false}
[debug] &amp#27;[35m[WD Proxy]&amp#27;[39m Got response with status 200: {"sessionId":"89075f80-d9e9-4275-bfda-2e7e0ab28e7c","value":{"ELEMENT":"3d7819f9-d02f-43c4-bb36-61fe128a97ab","element-6066-11e4-a52e-4f735466cecf":"3d7819f9-d02f-43c4-bb36-61fe128a97ab"}}
[debug] &amp#27;[35m[W3C (9d7b9e24)]&amp#27;[39m Responding to client with driver.findElement() result: {"element-6066-11e4-a52e-4f735466cecf":"3d7819f9-d02f-43c4-bb36-61fe128a97ab","ELEMENT":"3d7819f9-d02f-43c4-bb36-61fe128a97ab"}
&amp#27;[35m[HTTP]&amp#27;[39m &amp#27;[37m<-- POST /wd/hub/session/9d7b9e24-695f-4735-9107-00c6b3ac39c9/element &amp#27;[39m&amp#27;[32m200&amp#27;[39m &amp#27;[90m121 ms - 137&amp#27;[39m
&amp#27;[35m[HTTP]&amp#27;[39m &amp#27;[90m&amp#27;[39m
&amp#27;[35m[HTTP]&amp#27;[39m &amp#27;[37m-->&amp#27;[39m &amp#27;[37mPOST&amp#27;[39m &amp#27;[37m/wd/hub/session/9d7b9e24-695f-4735-9107-00c6b3ac39c9/element/3d7819f9-d02f-43c4-bb36-61fe128a97ab/click&amp#27;[39m
&amp#27;[35m[HTTP]&amp#27;[39m &amp#27;[90m{"id":"3d7819f9-d02f-43c4-bb36-61fe128a97ab"}&amp#27;[39m
[debug] &amp#27;[35m[W3C (9d7b9e24)]&amp#27;[39m Calling AppiumDriver.click() with args: ["3d7819f9-d02f-43c4-bb36-61fe128a97ab","9d7b9e24-695f-4735-9107-00c6b3ac39c9"]
[debug] &amp#27;[35m[WD Proxy]&amp#27;[39m Matched '/element/3d7819f9-d02f-43c4-bb36-61fe128a97ab/click' to command name 'click'
[debug] &amp#27;[35m[WD Proxy]&amp#27;[39m Proxying [POST /element/3d7819f9-d02f-43c4-bb36-61fe128a97ab/click] to [POST http://127.0.0.1:8200/wd/hub/session/89075f80-d9e9-4275-bfda-2e7e0ab28e7c/element/3d7819f9-d02f-43c4-bb36-61fe128a97ab/click] with body: {"element":"3d7819f9-d02f-43c4-bb36-61fe128a97ab"}
[debug] &amp#27;[35m[WD Proxy]&amp#27;[39m Got response with status 200: {"sessionId":"89075f80-d9e9-4275-bfda-2e7e0ab28e7c","value":null}
[debug] &amp#27;[35m[W3C (9d7b9e24)]&amp#27;[39m Responding to client with driver.click() result: null
&amp#27;[35m[HTTP]&amp#27;[39m &amp#27;[37m<-- POST /wd/hub/session/9d7b9e24-695f-4735-9107-00c6b3ac39c9/element/3d7819f9-d02f-43c4-bb36-61fe128a97ab/click &amp#27;[39m&amp#27;[32m200&amp#27;[39m &amp#27;[90m70 ms - 14&amp#27;[39m
&amp#27;[35m[HTTP]&amp#27;[39m &amp#27;[90m&amp#27;[39m
&amp#27;[35m[HTTP]&amp#27;[39m &amp#27;[37m-->&amp#27;[39m &amp#27;[37mGET&amp#27;[39m &amp#27;[37m/wd/hub/session/9d7b9e24-695f-4735-9107-00c6b3ac39c9/context&amp#27;[39m
&amp#27;[35m[HTTP]&amp#27;[39m &amp#27;[90m{}&amp#27;[39m
[debug] &amp#27;[35m[W3C (9d7b9e24)]&amp#27;[39m Calling AppiumDriver.getCurrentContext() with args: ["9d7b9e24-695f-4735-9107-00c6b3ac39c9"]
[debug] &amp#27;[35m[W3C (9d7b9e24)]&amp#27;[39m Responding to client with driver.getCurrentContext() result: "NATIVE_APP"
&amp#27;[35m[HTTP]&amp#27;[39m &amp#27;[37m<-- GET /wd/hub/session/9d7b9e24-695f-4735-9107-00c6b3ac39c9/context &amp#27;[39m&amp#27;[32m200&amp#27;[39m &amp#27;[90m2 ms - 22&amp#27;[39m
&amp#27;[35m[HTTP]&amp#27;[39m &amp#27;[90m&amp#27;[39m
&amp#27;[35m[HTTP]&amp#27;[39m &amp#27;[37m-->&amp#27;[39m &amp#27;[37mPOST&amp#27;[39m &amp#27;[37m/wd/hub/session/9d7b9e24-695f-4735-9107-00c6b3ac39c9/element&amp#27;[39m
&amp#27;[35m[HTTP]&amp#27;[39m &amp#27;[90m{"using":"class name","value":"android.widget.Button"}&amp#27;[39m
[debug] &amp#27;[35m[W3C (9d7b9e24)]&amp#27;[39m Calling AppiumDriver.findElement() with args: ["class name","android.widget.Button","9d7b9e24-695f-4735-9107-00c6b3ac39c9"]
[debug] &amp#27;[35m[BaseDriver]&amp#27;[39m Valid locator strategies for this request: xpath, id, class name, accessibility id, css selector, -android uiautomator
[debug] &amp#27;[35m[BaseDriver]&amp#27;[39m Waiting up to 10000 ms for condition
[debug] &amp#27;[35m[WD Proxy]&amp#27;[39m Matched '/element' to command name 'findElement'
[debug] &amp#27;[35m[WD Proxy]&amp#27;[39m Proxying [POST /element] to [POST http://127.0.0.1:8200/wd/hub/session/89075f80-d9e9-4275-bfda-2e7e0ab28e7c/element] with body: {"strategy":"class name","selector":"android.widget.Button","context":"","multiple":false}
[debug] &amp#27;[35m[WD Proxy]&amp#27;[39m Got response with status 200: {"sessionId":"89075f80-d9e9-4275-bfda-2e7e0ab28e7c","value":{"ELEMENT":"3d7819f9-d02f-43c4-bb36-61fe128a97ab","element-6066-11e4-a52e-4f735466cecf":"3d7819f9-d02f-43c4-bb36-61fe128a97ab"}}
[debug] &amp#27;[35m[W3C (9d7b9e24)]&amp#27;[39m Responding to client with driver.findElement() result: {"element-6066-11e4-a52e-4f735466cecf":"3d7819f9-d02f-43c4-bb36-61fe128a97ab","ELEMENT":"3d7819f9-d02f-43c4-bb36-61fe128a97ab"}
&amp#27;[35m[HTTP]&amp#27;[39m &amp#27;[37m<-- POST /wd/hub/session/9d7b9e24-695f-4735-9107-00c6b3ac39c9/element &amp#27;[39m&amp#27;[32m200&amp#27;[39m &amp#27;[90m877 ms - 137&amp#27;[39m
&amp#27;[35m[HTTP]&amp#27;[39m &amp#27;[90m&amp#27;[39m
&amp#27;[35m[HTTP]&amp#27;[39m &amp#27;[37m-->&amp#27;[39m &amp#27;[37mPOST&amp#27;[39m &amp#27;[37m/wd/hub/session/9d7b9e24-695f-4735-9107-00c6b3ac39c9/element/3d7819f9-d02f-43c4-bb36-61fe128a97ab/click&amp#27;[39m
&amp#27;[35m[HTTP]&amp#27;[39m &amp#27;[90m{"id":"3d7819f9-d02f-43c4-bb36-61fe128a97ab"}&amp#27;[39m
[debug] &amp#27;[35m[W3C (9d7b9e24)]&amp#27;[39m Calling AppiumDriver.click() with args: ["3d7819f9-d02f-43c4-bb36-61fe128a97ab","9d7b9e24-695f-4735-9107-00c6b3ac39c9"]
[debug] &amp#27;[35m[WD Proxy]&amp#27;[39m Matched '/element/3d7819f9-d02f-43c4-bb36-61fe128a97ab/click' to command name 'click'
[debug] &amp#27;[35m[WD Proxy]&amp#27;[39m Proxying [POST /element/3d7819f9-d02f-43c4-bb36-61fe128a97ab/click] to [POST http://127.0.0.1:8200/wd/hub/session/89075f80-d9e9-4275-bfda-2e7e0ab28e7c/element/3d7819f9-d02f-43c4-bb36-61fe128a97ab/click] with body: {"element":"3d7819f9-d02f-43c4-bb36-61fe128a97ab"}
[debug] &amp#27;[35m[WD Proxy]&amp#27;[39m Got response with status 200: {"sessionId":"89075f80-d9e9-4275-bfda-2e7e0ab28e7c","value":null}
[debug] &amp#27;[35m[W3C (9d7b9e24)]&amp#27;[39m Responding to client with driver.click() result: null
&amp#27;[35m[HTTP]&amp#27;[39m &amp#27;[37m<-- POST /wd/hub/session/9d7b9e24-695f-4735-9107-00c6b3ac39c9/element/3d7819f9-d02f-43c4-bb36-61fe128a97ab/click &amp#27;[39m&amp#27;[32m200&amp#27;[39m &amp#27;[90m55 ms - 14&amp#27;[39m
&amp#27;[35m[HTTP]&amp#27;[39m &amp#27;[90m&amp#27;[39m
&amp#27;[35m[HTTP]&amp#27;[39m &amp#27;[37m-->&amp#27;[39m &amp#27;[37mGET&amp#27;[39m &amp#27;[37m/wd/hub/session/9d7b9e24-695f-4735-9107-00c6b3ac39c9/context&amp#27;[39m
&amp#27;[35m[HTTP]&amp#27;[39m &amp#27;[90m{}&amp#27;[39m
[debug] &amp#27;[35m[W3C (9d7b9e24)]&amp#27;[39m Calling AppiumDriver.getCurrentContext() with args: ["9d7b9e24-695f-4735-9107-00c6b3ac39c9"]
[debug] &amp#27;[35m[W3C (9d7b9e24)]&amp#27;[39m Responding to client with driver.getCurrentContext() result: "NATIVE_APP"
&amp#27;[35m[HTTP]&amp#27;[39m &amp#27;[37m<-- GET /wd/hub/session/9d7b9e24-695f-4735-9107-00c6b3ac39c9/context &amp#27;[39m&amp#27;[32m200&amp#27;[39m &amp#27;[90m2 ms - 22&amp#27;[39m
&amp#27;[35m[HTTP]&amp#27;[39m &amp#27;[90m&amp#27;[39m
&amp#27;[35m[HTTP]&amp#27;[39m &amp#27;[37m-->&amp#27;[39m &amp#27;[37mPOST&amp#27;[39m &amp#27;[37m/wd/hub/session/9d7b9e24-695f-4735-9107-00c6b3ac39c9/elements&amp#27;[39m
&amp#27;[35m[HTTP]&amp#27;[39m &amp#27;[90m{"using":"class name","value":"android.widget.Button"}&amp#27;[39m
[debug] &amp#27;[35m[W3C (9d7b9e24)]&amp#27;[39m Calling AppiumDriver.findElements() with args: ["class name","android.widget.Button","9d7b9e24-695f-4735-9107-00c6b3ac39c9"]
[debug] &amp#27;[35m[BaseDriver]&amp#27;[39m Valid locator strategies for this request: xpath, id, class name, accessibility id, css selector, -android uiautomator
[debug] &amp#27;[35m[BaseDriver]&amp#27;[39m Waiting up to 10000 ms for condition
[debug] &amp#27;[35m[WD Proxy]&amp#27;[39m Matched '/elements' to command name 'findElements'
[debug] &amp#27;[35m[WD Proxy]&amp#27;[39m Proxying [POST /elements] to [POST http://127.0.0.1:8200/wd/hub/session/89075f80-d9e9-4275-bfda-2e7e0ab28e7c/elements] with body: {"strategy":"class name","selector":"android.widget.Button","context":"","multiple":true}
[debug] &amp#27;[35m[WD Proxy]&amp#27;[39m Got response with status 200: {"sessionId":"89075f80-d9e9-4275-bfda-2e7e0ab28e7c","value":[{"ELEMENT":"c5fb274b-a5c2-4560-b272-2509b2dba3a2","element-6066-11e4-a52e-4f735466cecf":"c5fb274b-a5c2-4560-b272-2509b2dba3a2"},{"ELEMENT":"2efa6ec2-1c6d-4ece-8acf-2cb6213d3445","element-6066-11e4-a52e-4f735466cecf":"2efa6ec2-1c6d-4ece-8acf-2cb6213d3445"}]}
[debug] &amp#27;[35m[W3C (9d7b9e24)]&amp#27;[39m Responding to client with driver.findElements() result: [{"element-6066-11e4-a52e-4f735466cecf":"c5fb274b-a5c2-4560-b272-2509b2dba3a2","ELEMENT":"c5fb274b-a5c2-4560-b272-2509b2dba3a2"},{"element-6066-11e4-a52e-4f735466cecf":"2efa6ec2-1c6d-4ece-8acf-2cb6213d3445","ELEMENT":"2efa6ec2-1c6d-4ece-8acf-2cb6213d3445"}]
&amp#27;[35m[HTTP]&amp#27;[39m &amp#27;[37m<-- POST /wd/hub/session/9d7b9e24-695f-4735-9107-00c6b3ac39c9/elements &amp#27;[39m&amp#27;[32m200&amp#27;[39m &amp#27;[90m244 ms - 267&amp#27;[39m
&amp#27;[35m[HTTP]&amp#27;[39m &amp#27;[90m&amp#27;[39m
&amp#27;[35m[HTTP]&amp#27;[39m &amp#27;[37m-->&amp#27;[39m &amp#27;[37mPOST&amp#27;[39m &amp#27;[37m/wd/hub/session/9d7b9e24-695f-4735-9107-00c6b3ac39c9/element/2efa6ec2-1c6d-4ece-8acf-2cb6213d3445/click&amp#27;[39m
&amp#27;[35m[HTTP]&amp#27;[39m &amp#27;[90m{"id":"2efa6ec2-1c6d-4ece-8acf-2cb6213d3445"}&amp#27;[39m
[debug] &amp#27;[35m[W3C (9d7b9e24)]&amp#27;[39m Calling AppiumDriver.click() with args: ["2efa6ec2-1c6d-4ece-8acf-2cb6213d3445","9d7b9e24-695f-4735-9107-00c6b3ac39c9"]
[debug] &amp#27;[35m[WD Proxy]&amp#27;[39m Matched '/element/2efa6ec2-1c6d-4ece-8acf-2cb6213d3445/click' to command name 'click'
[debug] &amp#27;[35m[WD Proxy]&amp#27;[39m Proxying [POST /element/2efa6ec2-1c6d-4ece-8acf-2cb6213d3445/click] to [POST http://127.0.0.1:8200/wd/hub/session/89075f80-d9e9-4275-bfda-2e7e0ab28e7c/element/2efa6ec2-1c6d-4ece-8acf-2cb6213d3445/click] with body: {"element":"2efa6ec2-1c6d-4ece-8acf-2cb6213d3445"}
[debug] &amp#27;[35m[WD Proxy]&amp#27;[39m Got response with status 200: {"sessionId":"89075f80-d9e9-4275-bfda-2e7e0ab28e7c","value":null}
[debug] &amp#27;[35m[W3C (9d7b9e24)]&amp#27;[39m Responding to client with driver.click() result: null
&amp#27;[35m[HTTP]&amp#27;[39m &amp#27;[37m<-- POST /wd/hub/session/9d7b9e24-695f-4735-9107-00c6b3ac39c9/element/2efa6ec2-1c6d-4ece-8acf-2cb6213d3445/click &amp#27;[39m&amp#27;[32m200&amp#27;[39m &amp#27;[90m21 ms - 14&amp#27;[39m
&amp#27;[35m[HTTP]&amp#27;[39m &amp#27;[90m&amp#27;[39m
&amp#27;[35m[HTTP]&amp#27;[39m &amp#27;[37m-->&amp#27;[39m &amp#27;[37mGET&amp#27;[39m &amp#27;[37m/wd/hub/session/9d7b9e24-695f-4735-9107-00c6b3ac39c9/context&amp#27;[39m
&amp#27;[35m[HTTP]&amp#27;[39m &amp#27;[90m{}&amp#27;[39m
[debug] &amp#27;[35m[W3C (9d7b9e24)]&amp#27;[39m Calling AppiumDriver.getCurrentContext() with args: ["9d7b9e24-695f-4735-9107-00c6b3ac39c9"]
[debug] &amp#27;[35m[W3C (9d7b9e24)]&amp#27;[39m Responding to client with driver.getCurrentContext() result: "NATIVE_APP"
&amp#27;[35m[HTTP]&amp#27;[39m &amp#27;[37m<-- GET /wd/hub/session/9d7b9e24-695f-4735-9107-00c6b3ac39c9/context &amp#27;[39m&amp#27;[32m200&amp#27;[39m &amp#27;[90m2 ms - 22&amp#27;[39m
&amp#27;[35m[HTTP]&amp#27;[39m &amp#27;[90m&amp#27;[39m
&amp#27;[35m[HTTP]&amp#27;[39m &amp#27;[37m-->&amp#27;[39m &amp#27;[37mPOST&amp#27;[39m &amp#27;[37m/wd/hub/session/9d7b9e24-695f-4735-9107-00c6b3ac39c9/element&amp#27;[39m
[...]
&amp#27;[35m[HTTP]&amp#27;[39m &amp#27;[90m{}&amp#27;[39m
[debug] &amp#27;[35m[W3C (4b3a06e0)]&amp#27;[39m Calling AppiumDriver.getCurrentContext() with args: ["4b3a06e0-ce07-4cb4-a65d-892d62c8171c"]
[debug] &amp#27;[35m[W3C (4b3a06e0)]&amp#27;[39m Responding to client with driver.getCurrentContext() result: "NATIVE_APP"
&amp#27;[35m[HTTP]&amp#27;[39m &amp#27;[37m<-- GET /wd/hub/session/4b3a06e0-ce07-4cb4-a65d-892d62c8171c/context &amp#27;[39m&amp#27;[32m200&amp#27;[39m &amp#27;[90m2 ms - 22&amp#27;[39m
&amp#27;[35m[HTTP]&amp#27;[39m &amp#27;[90m&amp#27;[39m
&amp#27;[35m[HTTP]&amp#27;[39m &amp#27;[37m-->&amp#27;[39m &amp#27;[37mPOST&amp#27;[39m &amp#27;[37m/wd/hub/session/4b3a06e0-ce07-4cb4-a65d-892d62c8171c/element&amp#27;[39m
&amp#27;[35m[HTTP]&amp#27;[39m &amp#27;[90m{"using":"xpath","value":"//*[@text='Drive']"}&amp#27;[39m
[debug] &amp#27;[35m[W3C (4b3a06e0)]&amp#27;[39m Calling AppiumDriver.findElement() with args: ["xpath","//*[@text='Drive']","4b3a06e0-ce07-4cb4-a65d-892d62c8171c"]
[debug] &amp#27;[35m[BaseDriver]&amp#27;[39m Valid locator strategies for this request: xpath, id, class name, accessibility id, css selector, -android uiautomator
[debug] &amp#27;[35m[BaseDriver]&amp#27;[39m Waiting up to 10000 ms for condition
[debug] &amp#27;[35m[WD Proxy]&amp#27;[39m Matched '/element' to command name 'findElement'
[debug] &amp#27;[35m[WD Proxy]&amp#27;[39m Proxying [POST /element] to [POST http://127.0.0.1:8200/wd/hub/session/e23308d4-f209-407b-88cf-1c8f0dbed1ab/element] with body: {"strategy":"xpath","selector":"//*[@text='Drive']","context":"","multiple":false}
[debug] &amp#27;[35m[WD Proxy]&amp#27;[39m Got response with status 200: {"sessionId":"e23308d4-f209-407b-88cf-1c8f0dbed1ab","value":{"ELEMENT":"e1ee3e38-f641-4e19-bc3a-dcf008c4f644","element-6066-11e4-a52e-4f735466cecf":"e1ee3e38-f641-4e19-bc3a-dcf008c4f644"}}
[debug] &amp#27;[35m[W3C (4b3a06e0)]&amp#27;[39m Responding to client with driver.findElement() result: {"element-6066-11e4-a52e-4f735466cecf":"e1ee3e38-f641-4e19-bc3a-dcf008c4f644","ELEMENT":"e1ee3e38-f641-4e19-bc3a-dcf008c4f644"}
&amp#27;[35m[HTTP]&amp#27;[39m &amp#27;[37m<-- POST /wd/hub/session/4b3a06e0-ce07-4cb4-a65d-892d62c8171c/element &amp#27;[39m&amp#27;[32m200&amp#27;[39m &amp#27;[90m1266 ms - 137&amp#27;[39m
&amp#27;[35m[HTTP]&amp#27;[39m &amp#27;[90m&amp#27;[39m
&amp#27;[35m[HTTP]&amp#27;[39m &amp#27;[37m-->&amp#27;[39m &amp#27;[37mPOST&amp#27;[39m &amp#27;[37m/wd/hub/session/4b3a06e0-ce07-4cb4-a65d-892d62c8171c/element/e1ee3e38-f641-4e19-bc3a-dcf008c4f644/click&amp#27;[39m
&amp#27;[35m[HTTP]&amp#27;[39m &amp#27;[90m{"id":"e1ee3e38-f641-4e19-bc3a-dcf008c4f644"}&amp#27;[39m
[debug] &amp#27;[35m[W3C (4b3a06e0)]&amp#27;[39m Calling AppiumDriver.click() with args: ["e1ee3e38-f641-4e19-bc3a-dcf008c4f644","4b3a06e0-ce07-4cb4-a65d-892d62c8171c"]
[debug] &amp#27;[35m[WD Proxy]&amp#27;[39m Matched '/element/e1ee3e38-f641-4e19-bc3a-dcf008c4f644/click' to command name 'click'
[debug] &amp#27;[35m[WD Proxy]&amp#27;[39m Proxying [POST /element/e1ee3e38-f641-4e19-bc3a-dcf008c4f644/click] to [POST http://127.0.0.1:8200/wd/hub/session/e23308d4-f209-407b-88cf-1c8f0dbed1ab/element/e1ee3e38-f641-4e19-bc3a-dcf008c4f644/click] with body: {"element":"e1ee3e38-f641-4e19-bc3a-dcf008c4f644"}
[debug] &amp#27;[35m[WD Proxy]&amp#27;[39m Got response with status 200: {"sessionId":"e23308d4-f209-407b-88cf-1c8f0dbed1ab","value":null}
[debug] &amp#27;[35m[W3C (4b3a06e0)]&amp#27;[39m Responding to client with driver.click() result: null
&amp#27;[35m[HTTP]&amp#27;[39m &amp#27;[37m<-- POST /wd/hub/session/4b3a06e0-ce07-4cb4-a65d-892d62c8171c/element/e1ee3e38-f641-4e19-bc3a-dcf008c4f644/click &amp#27;[39m&amp#27;[32m200&amp#27;[39m &amp#27;[90m78 ms - 14&amp#27;[39m
&amp#27;[35m[HTTP]&amp#27;[39m &amp#27;[90m&amp#27;[39m
&amp#27;[35m[HTTP]&amp#27;[39m &amp#27;[37m-->&amp#27;[39m &amp#27;[37mPOST&amp#27;[39m &amp#27;[37m/wd/hub/session/4b3a06e0-ce07-4cb4-a65d-892d62c8171c/element&amp#27;[39m
&amp#27;[35m[HTTP]&amp#27;[39m &amp#27;[90m{"using":"id","value":"com.greenroad.mobile.drive:id/settingsBtn"}&amp#27;[39m
[debug] &amp#27;[35m[W3C (4b3a06e0)]&amp#27;[39m Calling AppiumDriver.findElement() with args: ["id","com.greenroad.mobile.drive:id/settingsBtn","4b3a06e0-ce07-4cb4-a65d-892d62c8171c"]
[debug] &amp#27;[35m[BaseDriver]&amp#27;[39m Valid locator strategies for this request: xpath, id, class name, accessibility id, css selector, -android uiautomator
[debug] &amp#27;[35m[BaseDriver]&amp#27;[39m Waiting up to 10000 ms for condition
[debug] &amp#27;[35m[WD Proxy]&amp#27;[39m Matched '/element' to command name 'findElement'
[debug] &amp#27;[35m[WD Proxy]&amp#27;[39m Proxying [POST /element] to [POST http://127.0.0.1:8200/wd/hub/session/e23308d4-f209-407b-88cf-1c8f0dbed1ab/element] with body: {"strategy":"id","selector":"com.greenroad.mobile.drive:id/settingsBtn","context":"","multiple":false}
&amp#27;[35m[WD Proxy]&amp#27;[39m Got response with status 404: {"sessionId":"e23308d4-f209-407b-88cf-1c8f0dbed1ab","value":{"error":"no such element","message":"An element could not be located on the page using the given search parameters","stacktrace":"io.appium.uiautomator2.common.exceptions.ElementNotFoundException: An element could not be located on the page using the given search parameters\n\tat io.appium.uiautomator2.handler.FindElement.safeHandle(FindElement.java:70)\n\tat io.appium.uiautomator2.handler.request.SafeRequestHandler.handle(SafeRequestHandler.java:41)\n\tat io.appium.uiautomator2.server.AppiumServlet.handleRequest(AppiumServlet.java:261)\n\tat io.appium.uiautomator2.server.AppiumServlet.handleHttpRequest(AppiumServlet.java:255)\n\tat io.appium.uiautomator2.http.ServerHandler.channelRead(ServerHandler.java:68)\n\tat io.netty.channel.AbstractChannelHandlerContext.invokeChannelRead(AbstractChannelHandlerContext.java:366)\n\tat io.netty.channel.AbstractChannelHandlerContext.invokeChannelRead(AbstractChannelHandlerContext.java:352)\n\tat io.netty.chann...
[debug] &amp#27;[35m[W3C]&amp#27;[39m Matched W3C error code 'no such element' to NoSuchElementError
[debug] &amp#27;[35m[BaseDriver]&amp#27;[39m Waited for 172 ms so far
[debug] &amp#27;[35m[WD Proxy]&amp#27;[39m Matched '/element' to command name 'findElement'
[debug] &amp#27;[35m[WD Proxy]&amp#27;[39m Proxying [POST /element] to [POST http://127.0.0.1:8200/wd/hub/session/e23308d4-f209-407b-88cf-1c8f0dbed1ab/element] with body: {"strategy":"id","selector":"com.greenroad.mobile.drive:id/settingsBtn","context":"","multiple":false}
[debug] &amp#27;[35m[WD Proxy]&amp#27;[39m Got response with status 200: {"sessionId":"e23308d4-f209-407b-88cf-1c8f0dbed1ab","value":{"ELEMENT":"78fc9515-3b86-4263-af47-d9943c11eb6b","element-6066-11e4-a52e-4f735466cecf":"78fc9515-3b86-4263-af47-d9943c11eb6b"}}
[debug] &amp#27;[35m[W3C (4b3a06e0)]&amp#27;[39m Responding to client with driver.findElement() result: {"element-6066-11e4-a52e-4f735466cecf":"78fc9515-3b86-4263-af47-d9943c11eb6b","ELEMENT":"78fc9515-3b86-4263-af47-d9943c11eb6b"}
&amp#27;[35m[HTTP]&amp#27;[39m &amp#27;[37m<-- POST /wd/hub/session/4b3a06e0-ce07-4cb4-a65d-892d62c8171c/element &amp#27;[39m&amp#27;[32m200&amp#27;[39m &amp#27;[90m6335 ms - 137&amp#27;[39m
&amp#27;[35m[HTTP]&amp#27;[39m &amp#27;[90m&amp#27;[39m
&amp#27;[35m[HTTP]&amp#27;[39m &amp#27;[37m-->&amp#27;[39m &amp#27;[37mPOST&amp#27;[39m &amp#27;[37m/wd/hub/session/4b3a06e0-ce07-4cb4-a65d-892d62c8171c/element/78fc9515-3b86-4263-af47-d9943c11eb6b/click&amp#27;[39m
&amp#27;[35m[HTTP]&amp#27;[39m &amp#27;[90m{"id":"78fc9515-3b86-4263-af47-d9943c11eb6b"}&amp#27;[39m
[debug] &amp#27;[35m[W3C (4b3a06e0)]&amp#27;[39m Calling AppiumDriver.click() with args: ["78fc9515-3b86-4263-af47-d9943c11eb6b","4b3a06e0-ce07-4cb4-a65d-892d62c8171c"]
[debug] &amp#27;[35m[WD Proxy]&amp#27;[39m Matched '/element/78fc9515-3b86-4263-af47-d9943c11eb6b/click' to command name 'click'
[debug] &amp#27;[35m[WD Proxy]&amp#27;[39m Proxying [POST /element/78fc9515-3b86-4263-af47-d9943c11eb6b/click] to [POST http://127.0.0.1:8200/wd/hub/session/e23308d4-f209-407b-88cf-1c8f0dbed1ab/element/78fc9515-3b86-4263-af47-d9943c11eb6b/click] with body: {"element":"78fc9515-3b86-4263-af47-d9943c11eb6b"}
[debug] &amp#27;[35m[WD Proxy]&amp#27;[39m Got response with status 200: {"sessionId":"e23308d4-f209-407b-88cf-1c8f0dbed1ab","value":null}
[debug] &amp#27;[35m[W3C (4b3a06e0)]&amp#27;[39m Responding to client with driver.click() result: null
&amp#27;[35m[HTTP]&amp#27;[39m &amp#27;[37m<-- POST /wd/hub/session/4b3a06e0-ce07-4cb4-a65d-892d62c8171c/element/78fc9515-3b86-4263-af47-d9943c11eb6b/click &amp#27;[39m&amp#27;[32m200&amp#27;[39m &amp#27;[90m32 ms - 14&amp#27;[39m
&amp#27;[35m[HTTP]&amp#27;[39m &amp#27;[90m&amp#27;[39m
&amp#27;[35m[HTTP]&amp#27;[39m &amp#27;[37m-->&amp#27;[39m &amp#27;[37mPOST&amp#27;[39m &amp#27;[37m/wd/hub/session/4b3a06e0-ce07-4cb4-a65d-892d62c8171c/element&amp#27;[39m
&amp#27;[35m[HTTP]&amp#27;[39m &amp#27;[90m{"using":"-android uiautomator","value":"new UiScrollable(new UiSelector().scrollable(true).instance(0)).scrollIntoView(new UiSelector().textMatches(\"Log out\").instance(0))"}&amp#27;[39m
[debug] &amp#27;[35m[W3C (4b3a06e0)]&amp#27;[39m Calling AppiumDriver.findElement() with args: ["-android uiautomator","new UiScrollable(new UiSelector().scrollable(true).instance(0)).scrollIntoView(new UiSelector().textMatches(\"Log out\").instance(0))","4b3a06e0-ce07-4cb4-a65d-892d62c8171c"]
[debug] &amp#27;[35m[BaseDriver]&amp#27;[39m Valid locator strategies for this request: xpath, id, class name, accessibility id, css selector, -android uiautomator
[debug] &amp#27;[35m[BaseDriver]&amp#27;[39m Waiting up to 10000 ms for condition
[debug] &amp#27;[35m[WD Proxy]&amp#27;[39m Matched '/element' to command name 'findElement'
[debug] &amp#27;[35m[WD Proxy]&amp#27;[39m Proxying [POST /element] to [POST http://127.0.0.1:8200/wd/hub/session/e23308d4-f209-407b-88cf-1c8f0dbed1ab/element] with body: {"strategy":"-android uiautomator","selector":"new UiScrollable(new UiSelector().scrollable(true).instance(0)).scrollIntoView(new UiSelector().textMatches(\"Log out\").instance(0))","context":"","multiple":false}
[debug] &amp#27;[35m[WD Proxy]&amp#27;[39m Got response with status 200: {"sessionId":"e23308d4-f209-407b-88cf-1c8f0dbed1ab","value":{"ELEMENT":"b02aab33-8324-4473-9c7b-eefcd49db79d","element-6066-11e4-a52e-4f735466cecf":"b02aab33-8324-4473-9c7b-eefcd49db79d"}}
[debug] &amp#27;[35m[W3C (4b3a06e0)]&amp#27;[39m Responding to client with driver.findElement() result: {"element-6066-11e4-a52e-4f735466cecf":"b02aab33-8324-4473-9c7b-eefcd49db79d","ELEMENT":"b02aab33-8324-4473-9c7b-eefcd49db79d"}
&amp#27;[35m[HTTP]&amp#27;[39m &amp#27;[37m<-- POST /wd/hub/session/4b3a06e0-ce07-4cb4-a65d-892d62c8171c/element &amp#27;[39m&amp#27;[32m200&amp#27;[39m &amp#27;[90m5523 ms - 137&amp#27;[39m
&amp#27;[35m[HTTP]&amp#27;[39m &amp#27;[90m&amp#27;[39m
&amp#27;[35m[HTTP]&amp#27;[39m &amp#27;[37m-->&amp#27;[39m &amp#27;[37mGET&amp#27;[39m &amp#27;[37m/wd/hub/session/4b3a06e0-ce07-4cb4-a65d-892d62c8171c/context&amp#27;[39m
&amp#27;[35m[HTTP]&amp#27;[39m &amp#27;[90m{}&amp#27;[39m
[debug] &amp#27;[35m[W3C (4b3a06e0)]&amp#27;[39m Calling AppiumDriver.getCurrentContext() with args: ["4b3a06e0-ce07-4cb4-a65d-892d62c8171c"]
[debug] &amp#27;[35m[W3C (4b3a06e0)]&amp#27;[39m Responding to client with driver.getCurrentContext() result: "NATIVE_APP"
&amp#27;[35m[HTTP]&amp#27;[39m &amp#27;[37m<-- GET /wd/hub/session/4b3a06e0-ce07-4cb4-a65d-892d62c8171c/context &amp#27;[39m&amp#27;[32m200&amp#27;[39m &amp#27;[90m2 ms - 22&amp#27;[39m
&amp#27;[35m[HTTP]&amp#27;[39m &amp#27;[90m&amp#27;[39m
&amp#27;[35m[HTTP]&amp#27;[39m &amp#27;[37m-->&amp#27;[39m &amp#27;[37mPOST&amp#27;[39m &amp#27;[37m/wd/hub/session/4b3a06e0-ce07-4cb4-a65d-892d62c8171c/element&amp#27;[39m
&amp#27;[35m[HTTP]&amp#27;[39m &amp#27;[90m{"using":"id","value":"com.greenroad.mobile.drive:id/settingsVersion"}&amp#27;[39m
[debug] &amp#27;[35m[W3C (4b3a06e0)]&amp#27;[39m Calling AppiumDriver.findElement() with args: ["id","com.greenroad.mobile.drive:id/settingsVersion","4b3a06e0-ce07-4cb4-a65d-892d62c8171c"]
[debug] &amp#27;[35m[BaseDriver]&amp#27;[39m Valid locator strategies for this request: xpath, id, class name, accessibility id, css selector, -android uiautomator
[debug] &amp#27;[35m[BaseDriver]&amp#27;[39m Waiting up to 10000 ms for condition
[debug] &amp#27;[35m[WD Proxy]&amp#27;[39m Matched '/element' to command name 'findElement'
[debug] &amp#27;[35m[WD Proxy]&amp#27;[39m Proxying [POST /element] to [POST http://127.0.0.1:8200/wd/hub/session/e23308d4-f209-407b-88cf-1c8f0dbed1ab/element] with body: {"strategy":"id","selector":"com.greenroad.mobile.drive:id/settingsVersion","context":"","multiple":false}
[debug] &amp#27;[35m[WD Proxy]&amp#27;[39m Got response with status 200: {"sessionId":"e23308d4-f209-407b-88cf-1c8f0dbed1ab","value":{"ELEMENT":"3e235b15-bdd5-457f-b72a-0adf45e24dd3","element-6066-11e4-a52e-4f735466cecf":"3e235b15-bdd5-457f-b72a-0adf45e24dd3"}}
[debug] &amp#27;[35m[W3C (4b3a06e0)]&amp#27;[39m Responding to client with driver.findElement() result: {"element-6066-11e4-a52e-4f735466cecf":"3e235b15-bdd5-457f-b72a-0adf45e24dd3","ELEMENT":"3e235b15-bdd5-457f-b72a-0adf45e24dd3"}
&amp#27;[35m[HTTP]&amp#27;[39m &amp#27;[37m<-- POST /wd/hub/session/4b3a06e0-ce07-4cb4-a65d-892d62c8171c/element &amp#27;[39m&amp#27;[32m200&amp#27;[39m &amp#27;[90m112 ms - 137&amp#27;[39m
&amp#27;[35m[HTTP]&amp#27;[39m &amp#27;[90m&amp#27;[39m
&amp#27;[35m[HTTP]&amp#27;[39m &amp#27;[37m-->&amp#27;[39m &amp#27;[37mGET&amp#27;[39m &amp#27;[37m/wd/hub/session/4b3a06e0-ce07-4cb4-a65d-892d62c8171c/element/3e235b15-bdd5-457f-b72a-0adf45e24dd3/text&amp#27;[39m
&amp#27;[35m[HTTP]&amp#27;[39m &amp#27;[90m{}&amp#27;[39m
&amp#27;[35m[W3C (4b3a06e0)]&amp#27;[39m Driver proxy active, passing request on via HTTP proxy
[debug] &amp#27;[35m[WD Proxy]&amp#27;[39m Matched '/wd/hub/session/4b3a06e0-ce07-4cb4-a65d-892d62c8171c/element/3e235b15-bdd5-457f-b72a-0adf45e24dd3/text' to command name 'getText'
[debug] &amp#27;[35m[WD Proxy]&amp#27;[39m Proxying [GET /wd/hub/session/4b3a06e0-ce07-4cb4-a65d-892d62c8171c/element/3e235b15-bdd5-457f-b72a-0adf45e24dd3/text] to [GET http://127.0.0.1:8200/wd/hub/session/e23308d4-f209-407b-88cf-1c8f0dbed1ab/element/3e235b15-bdd5-457f-b72a-0adf45e24dd3/text] with no body
[debug] &amp#27;[35m[WD Proxy]&amp#27;[39m Got response with status 200: {"sessionId":"e23308d4-f209-407b-88cf-1c8f0dbed1ab","value":"Version: 5.8.0 (300000847) "}
&amp#27;[35m[WD Proxy]&amp#27;[39m Replacing sessionId e23308d4-f209-407b-88cf-1c8f0dbed1ab with 4b3a06e0-ce07-4cb4-a65d-892d62c8171c
&amp#27;[35m[HTTP]&amp#27;[39m &amp#27;[37m<-- GET /wd/hub/session/4b3a06e0-ce07-4cb4-a65d-892d62c8171c/element/3e235b15-bdd5-457f-b72a-0adf45e24dd3/text &amp#27;[39m&amp#27;[32m200&amp#27;[39m &amp#27;[90m27 ms - 90&amp#27;[39m
&amp#27;[35m[HTTP]&amp#27;[39m &amp#27;[90m&amp#27;[39m
&amp#27;[35m[HTTP]&amp#27;[39m &amp#27;[37m-->&amp#27;[39m &amp#27;[37mPOST&amp#27;[39m &amp#27;[37m/wd/hub/session/4b3a06e0-ce07-4cb4-a65d-892d62c8171c/appium/device/press_keycode&amp#27;[39m
&amp#27;[35m[HTTP]&amp#27;[39m &amp#27;[90m{"keycode":3}&amp#27;[39m
[debug] &amp#27;[35m[W3C (4b3a06e0)]&amp#27;[39m Calling AppiumDriver.pressKeyCode() with args: [3,null,null,null,null,"4b3a06e0-ce07-4cb4-a65d-892d62c8171c"]
[debug] &amp#27;[35m[WD Proxy]&amp#27;[39m Matched '/appium/device/press_keycode' to command name 'pressKeyCode'
[debug] &amp#27;[35m[WD Proxy]&amp#27;[39m Proxying [POST /appium/device/press_keycode] to [POST http://127.0.0.1:8200/wd/hub/session/e23308d4-f209-407b-88cf-1c8f0dbed1ab/appium/device/press_keycode] with body: {"keycode":3,"metastate":null,"flags":null}
[debug] &amp#27;[35m[WD Proxy]&amp#27;[39m Got response with status 200: {"sessionId":"e23308d4-f209-407b-88cf-1c8f0dbed1ab","value":null}
[debug] &amp#27;[35m[W3C (4b3a06e0)]&amp#27;[39m Responding to client with driver.pressKeyCode() result: null
&amp#27;[35m[HTTP]&amp#27;[39m &amp#27;[37m<-- POST /wd/hub/session/4b3a06e0-ce07-4cb4-a65d-892d62c8171c/appium/device/press_keycode &amp#27;[39m&amp#27;[32m200&amp#27;[39m &amp#27;[90m62 ms - 14&amp#27;[39m
&amp#27;[35m[HTTP]&amp#27;[39m &amp#27;[90m&amp#27;[39m
&amp#27;[35m[HTTP]&amp#27;[39m &amp#27;[37m-->&amp#27;[39m &amp#27;[37mDELETE&amp#27;[39m &amp#27;[37m/wd/hub/session/4b3a06e0-ce07-4cb4-a65d-892d62c8171c&amp#27;[39m
&amp#27;[35m[HTTP]&amp#27;[39m &amp#27;[90m{}&amp#27;[39m
[debug] &amp#27;[35m[W3C (4b3a06e0)]&amp#27;[39m Calling AppiumDriver.deleteSession() with args: ["4b3a06e0-ce07-4cb4-a65d-892d62c8171c"]
[debug] &amp#27;[35m[BaseDriver]&amp#27;[39m Event 'quitSessionRequested' logged at 1617128116562 (21:15:16 GMT+0300 (Israel Daylight Time))
&amp#27;[35m[Appium]&amp#27;[39m Removing session 4b3a06e0-ce07-4cb4-a65d-892d62c8171c from our master session list
[debug] &amp#27;[35m[UiAutomator2]&amp#27;[39m Deleting UiAutomator2 session
[debug] &amp#27;[35m[UiAutomator2]&amp#27;[39m Deleting UiAutomator2 server session
[debug] &amp#27;[35m[WD Proxy]&amp#27;[39m Matched '/' to command name 'deleteSession'
[debug] &amp#27;[35m[WD Proxy]&amp#27;[39m Proxying [DELETE /] to [DELETE http://127.0.0.1:8200/wd/hub/session/e23308d4-f209-407b-88cf-1c8f0dbed1ab] with no body
[debug] &amp#27;[35m[WD Proxy]&amp#27;[39m Got response with status 200: {"sessionId":"e23308d4-f209-407b-88cf-1c8f0dbed1ab","value":null}
[debug] &amp#27;[35m[ADB]&amp#27;[39m Running '/Users/asaf.mishaeli/Library/Android/sdk/platform-tools/adb -P 5037 -s emulator-5554 shell am force-stop com.greenroad.mobile.drive'
[debug] &amp#27;[35m[UiAutomator2]&amp#27;[39m Capability 'fullReset' set to 'true', Uninstalling 'com.greenroad.mobile.drive'
[debug] &amp#27;[35m[ADB]&amp#27;[39m Uninstalling com.greenroad.mobile.drive
[debug] &amp#27;[35m[ADB]&amp#27;[39m Getting install status for com.greenroad.mobile.drive
[debug] &amp#27;[35m[ADB]&amp#27;[39m Running '/Users/asaf.mishaeli/Library/Android/sdk/platform-tools/adb -P 5037 -s emulator-5554 shell dumpsys package com.greenroad.mobile.drive'
[debug] &amp#27;[35m[ADB]&amp#27;[39m 'com.greenroad.mobile.drive' is installed
[debug] &amp#27;[35m[ADB]&amp#27;[39m Running '/Users/asaf.mishaeli/Library/Android/sdk/platform-tools/adb -P 5037 -s emulator-5554 shell am force-stop com.greenroad.mobile.drive'
[debug] &amp#27;[35m[ADB]&amp#27;[39m Running '/Users/asaf.mishaeli/Library/Android/sdk/platform-tools/adb -P 5037 -s emulator-5554 uninstall com.greenroad.mobile.drive'
[debug] &amp#27;[35m[Instrumentation]&amp#27;[39m .
[debug] &amp#27;[35m[ADB]&amp#27;[39m 'adb uninstall com.greenroad.mobile.drive' command output: Success
&amp#27;[35m[ADB]&amp#27;[39m com.greenroad.mobile.drive was successfully uninstalled
[debug] &amp#27;[35m[Logcat]&amp#27;[39m Stopping logcat capture
[debug] &amp#27;[35m[ADB]&amp#27;[39m Removing forwarded port socket connection: 8200 
[debug] &amp#27;[35m[ADB]&amp#27;[39m Running '/Users/asaf.mishaeli/Library/Android/sdk/platform-tools/adb -P 5037 -s emulator-5554 forward --remove tcp:8200'
[debug] &amp#27;[35m[BaseDriver]&amp#27;[39m Event 'quitSessionFinished' logged at 1617128117309 (21:15:17 GMT+0300 (Israel Daylight Time))
[debug] &amp#27;[35m[W3C (4b3a06e0)]&amp#27;[39m Received response: null
[debug] &amp#27;[35m[W3C (4b3a06e0)]&amp#27;[39m But deleting session, so not returning
[debug] &amp#27;[35m[W3C (4b3a06e0)]&amp#27;[39m Responding to client with driver.deleteSession() result: null
&amp#27;[35m[HTTP]&amp#27;[39m &amp#27;[37m<-- DELETE /wd/hub/session/4b3a06e0-ce07-4cb4-a65d-892d62c8171c &amp#27;[39m&amp#27;[32m200&amp#27;[39m &amp#27;[90m750 ms - 14&amp#27;[39m
&amp#27;[35m[HTTP]&amp#27;[39m &amp#27;[90m&amp#27;[39m
]]></system-out>
    <system-err><![CDATA[Mar 30, 2021 9:13:47 PM io.appium.java_client.remote.AppiumCommandExecutor$1 lambda$0
INFO: Detected dialect: W3C
]]></system-err>
  </testcase>
</testsuite>