<?xml version="1.0" encoding="UTF-8"?>
<testng-results ignored="0" total="3" passed="3" failed="0" skipped="0">
  <reporter-output>
  </reporter-output>
  <suite started-at="2021-03-21T14:02:58 IST" name="All Test Suite" finished-at="2021-03-21T14:05:10 IST" duration-ms="131655">
    <groups>
    </groups>
    <test started-at="2021-03-21T14:02:58 IST" name="/Users/asaf.mishaeli/Development/Section17" finished-at="2021-03-21T14:05:10 IST" duration-ms="131655">
      <class name="tests.ApiDemoTest">
        <test-method is-config="true" signature="killAllNodes()[pri:0, instance:tests.ApiDemoTest@27c86f2d]" started-at="2021-03-21T14:02:58 IST" name="killAllNodes" finished-at="2021-03-21T14:03:01 IST" duration-ms="3027" status="PASS">
          <reporter-output>
          </reporter-output>
        </test-method> <!-- killAllNodes -->
        <test-method signature="apiDemo(java.lang.String)[pri:0, instance:tests.ApiDemoTest@27c86f2d]" started-at="2021-03-21T14:03:58 IST" name="apiDemo" data-provider="InputData" finished-at="2021-03-21T14:04:37 IST" duration-ms="38700" status="PASS">
          <params>
            <param index="0">
              <value>
                <![CDATA[hello]]>
              </value>
            </param>
          </params>
          <reporter-output>
          </reporter-output>
        </test-method> <!-- apiDemo -->
        <test-method signature="apiDemo(java.lang.String)[pri:0, instance:tests.ApiDemoTest@27c86f2d]" started-at="2021-03-21T14:04:37 IST" name="apiDemo" data-provider="InputData" finished-at="2021-03-21T14:05:10 IST" duration-ms="33133" status="PASS">
          <params>
            <param index="0">
              <value>
                <![CDATA[!@#$]]>
              </value>
            </param>
          </params>
          <reporter-output>
          </reporter-output>
        </test-method> <!-- apiDemo -->
      </class> <!-- tests.ApiDemoTest -->
      <class name="tests.Test1">
        <test-method is-config="true" signature="killAllNodes()[pri:0, instance:tests.Test1@6b4a4e18]" started-at="2021-03-21T14:03:01 IST" name="killAllNodes" finished-at="2021-03-21T14:03:04 IST" duration-ms="3008" status="PASS">
          <reporter-output>
          </reporter-output>
        </test-method> <!-- killAllNodes -->
        <test-method signature="totalValidation()[pri:0, instance:tests.Test1@6b4a4e18]" started-at="2021-03-21T14:03:04 IST" name="totalValidation" finished-at="2021-03-21T14:03:58 IST" duration-ms="53724" status="PASS">
          <reporter-output>
          </reporter-output>
        </test-method> <!-- totalValidation -->
      </class> <!-- tests.Test1 -->
    </test> <!-- /Users/asaf.mishaeli/Development/Section17 -->
  </suite> <!-- All Test Suite -->
</testng-results>
