<?xml version="1.0" encoding="UTF-8"?>
<testsuite xmlns:xsi="http://www.w3.org/2001/XMLSchema-instance" xsi:noNamespaceSchemaLocation="https://maven.apache.org/surefire/maven-surefire-plugin/xsd/surefire-test-report-3.0.xsd" version="3.0" name="TestSuite" time="137.708" tests="3" errors="0" skipped="0" failures="0">
  <properties>
[...]
</properties>
  <testcase name="totalValidation" classname="tests.Test1" time="53.731">
    <system-out><![CDATA[&amp#27;[35m[Appium]&amp#27;[39m Welcome to Appium v1.19.1
&amp#27;[35m[Appium]&amp#27;[39m Appium REST http interface listener started on 0.0.0.0:4723
&amp#27;[35m[HTTP]&amp#27;[39m &amp#27;[37m-->&amp#27;[39m &amp#27;[37mGET&amp#27;[39m &amp#27;[37m/wd/hub/status&amp#27;[39m
&amp#27;[35m[HTTP]&amp#27;[39m &amp#27;[90m{}&amp#27;[39m
[debug] &amp#27;[35m[GENERIC]&amp#27;[39m Calling AppiumDriver.getStatus() with args: []
[debug] &amp#27;[35m[GENERIC]&amp#27;[39m Responding to client with driver.getStatus() result: {"build":{"version":"1.19.1"}}
&amp#27;[35m[HTTP]&amp#27;[39m &amp#27;[37m<-- GET /wd/hub/status &amp#27;[39m&amp#27;[32m200&amp#27;[39m &amp#27;[90m7 ms - 68&amp#27;[39m
&amp#27;[35m[HTTP]&amp#27;[39m &amp#27;[90m&amp#27;[39m
[debug] &amp#27;[35m[HTTP]&amp#27;[39m Request idempotency key: 7ac5aa1c-6b35-431d-98b2-ea8c70357e8a
&amp#27;[35m[HTTP]&amp#27;[39m &amp#27;[37m-->&amp#27;[39m &amp#27;[37mPOST&amp#27;[39m &amp#27;[37m/wd/hub/session&amp#27;[39m
&amp#27;[35m[HTTP]&amp#27;[39m &amp#27;[90m{"desiredCapabilities":{"app":"/Users/asaf.mishaeli/Development/Section17/src/General-Store.apk","automationName":"uiautomator2","platformName":"Android","deviceName":"Android_Emulator","newCommandTimeout":"14"},"capabilities":{"firstMatch":[{"appium:app":"/Users/asaf.mishaeli/Development/Section17/src/General-Store.apk","appium:automationName":"uiautomator2","appium:deviceName":"Android_Emulator","appium:newCommandTimeout":"14","platformName":"android"}]}}&amp#27;[39m
[debug] &amp#27;[35m[W3C]&amp#27;[39m Calling AppiumDriver.createSession() with args: [{"app":"/Users/asaf.mishaeli/Development/Section17/src/General-Store.apk","automationName":"uiautomator2","platformName":"Android","deviceName":"Android_Emulator","newCommandTimeout":"14"},null,{"firstMatch":[{"appium:app":"/Users/asaf.mishaeli/Development/Section17/src/General-Store.apk","appium:automationName":"uiautomator2","appium:deviceName":"Android_Emulator","appium:newCommandTimeout":"14","platformName":"android"}]}]
[debug] &amp#27;[35m[BaseDriver]&amp#27;[39m Event 'newSessionRequested' logged at 1616328199869 (14:03:19 GMT+0200 (Israel Standard Time))
&amp#27;[35m[BaseDriver]&amp#27;[39m Number capability passed in as string. Functionality may be compromised.
&amp#27;[35m[Appium]&amp#27;[39m Appium v1.19.1 creating new AndroidUiautomator2Driver (v1.60.0) session
[debug] &amp#27;[35m[BaseDriver]&amp#27;[39m W3C capabilities and MJSONWP desired capabilities were provided
[debug] &amp#27;[35m[BaseDriver]&amp#27;[39m Creating session with W3C capabilities: {
[debug] &amp#27;[35m[BaseDriver]&amp#27;[39m   "alwaysMatch": {
[debug] &amp#27;[35m[BaseDriver]&amp#27;[39m     "platformName": "android",
[debug] &amp#27;[35m[BaseDriver]&amp#27;[39m     "appium:app": "/Users/asaf.mishaeli/Development/Section17/src/General-Store.apk",
[debug] &amp#27;[35m[BaseDriver]&amp#27;[39m     "appium:automationName": "uiautomator2",
[debug] &amp#27;[35m[BaseDriver]&amp#27;[39m     "appium:deviceName": "Android_Emulator",
[debug] &amp#27;[35m[BaseDriver]&amp#27;[39m     "appium:newCommandTimeout": "14"
[debug] &amp#27;[35m[BaseDriver]&amp#27;[39m   },
[debug] &amp#27;[35m[BaseDriver]&amp#27;[39m   "firstMatch": [
[debug] &amp#27;[35m[BaseDriver]&amp#27;[39m     {}
[debug] &amp#27;[35m[BaseDriver]&amp#27;[39m   ]
[debug] &amp#27;[35m[BaseDriver]&amp#27;[39m }
&amp#27;[35m[BaseDriver]&amp#27;[39m Number capability passed in as string. Functionality may be compromised.
&amp#27;[35m[BaseDriver]&amp#27;[39m Capability 'newCommandTimeout' changed from string ('14') to integer (14). This may cause unexpected behavior
&amp#27;[35m[BaseDriver]&amp#27;[39m Session created with session id: cc4dea95-e24a-4b14-8f57-c295b1492f40
&amp#27;[35m[BaseDriver]&amp#27;[39m Using local app '/Users/asaf.mishaeli/Development/Section17/src/General-Store.apk'
[debug] &amp#27;[35m[UiAutomator2]&amp#27;[39m Checking whether app is actually present
&amp#27;[35m[ADB]&amp#27;[39m Found 5 'build-tools' folders under '/Users/asaf.mishaeli/Library/Android/sdk' (newest first):
&amp#27;[35m[ADB]&amp#27;[39m     /Users/asaf.mishaeli/Library/Android/sdk/build-tools/30.0.3
&amp#27;[35m[ADB]&amp#27;[39m     /Users/asaf.mishaeli/Library/Android/sdk/build-tools/29.0.2
&amp#27;[35m[ADB]&amp#27;[39m     /Users/asaf.mishaeli/Library/Android/sdk/build-tools/29.0.1
&amp#27;[35m[ADB]&amp#27;[39m     /Users/asaf.mishaeli/Library/Android/sdk/build-tools/28.0.3
&amp#27;[35m[ADB]&amp#27;[39m     /Users/asaf.mishaeli/Library/Android/sdk/build-tools/27.0.3
&amp#27;[35m[ADB]&amp#27;[39m Using 'adb' from '/Users/asaf.mishaeli/Library/Android/sdk/platform-tools/adb'
[debug] &amp#27;[35m[ADB]&amp#27;[39m Running '/Users/asaf.mishaeli/Library/Android/sdk/platform-tools/adb -P 5037 start-server'
&amp#27;[35m[AndroidDriver]&amp#27;[39m Retrieving device list
[debug] &amp#27;[35m[ADB]&amp#27;[39m Trying to find a connected android device
[debug] &amp#27;[35m[ADB]&amp#27;[39m Getting connected devices
[debug] &amp#27;[35m[ADB]&amp#27;[39m Connected devices: [{"udid":"emulator-5554","state":"device"}]
&amp#27;[35m[AndroidDriver]&amp#27;[39m Using device: emulator-5554
&amp#27;[35m[ADB]&amp#27;[39m Using 'adb' from '/Users/asaf.mishaeli/Library/Android/sdk/platform-tools/adb'
[debug] &amp#27;[35m[ADB]&amp#27;[39m Running '/Users/asaf.mishaeli/Library/Android/sdk/platform-tools/adb -P 5037 start-server'
[debug] &amp#27;[35m[ADB]&amp#27;[39m Setting device id to emulator-5554
[debug] &amp#27;[35m[ADB]&amp#27;[39m Running '/Users/asaf.mishaeli/Library/Android/sdk/platform-tools/adb -P 5037 -s emulator-5554 shell getprop ro.build.version.sdk'
[debug] &amp#27;[35m[ADB]&amp#27;[39m Current device property 'ro.build.version.sdk': 26
[debug] &amp#27;[35m[ADB]&amp#27;[39m Device API level: 26
[debug] &amp#27;[35m[AndroidDriver]&amp#27;[39m Parsing package and activity from app manifest
&amp#27;[35m[ADB]&amp#27;[39m Package name: 'com.androidsample.generalstore'
&amp#27;[35m[ADB]&amp#27;[39m Main activity name: 'com.androidsample.generalstore.SplashActivity'
[debug] &amp#27;[35m[AndroidDriver]&amp#27;[39m Parsed package and activity are: com.androidsample.generalstore/com.androidsample.generalstore.SplashActivity
[debug] &amp#27;[35m[ADB]&amp#27;[39m Running '/Users/asaf.mishaeli/Library/Android/sdk/platform-tools/adb -P 5037 -s emulator-5554 wait-for-device'
[debug] &amp#27;[35m[ADB]&amp#27;[39m Running '/Users/asaf.mishaeli/Library/Android/sdk/platform-tools/adb -P 5037 -s emulator-5554 shell echo ping'
[debug] &amp#27;[35m[AndroidDriver]&amp#27;[39m Pushing settings apk to device...
[debug] &amp#27;[35m[ADB]&amp#27;[39m Getting install status for io.appium.settings
[debug] &amp#27;[35m[ADB]&amp#27;[39m Running '/Users/asaf.mishaeli/Library/Android/sdk/platform-tools/adb -P 5037 -s emulator-5554 shell dumpsys package io.appium.settings'
[debug] &amp#27;[35m[ADB]&amp#27;[39m 'io.appium.settings' is installed
[debug] &amp#27;[35m[ADB]&amp#27;[39m Getting package info for 'io.appium.settings'
[debug] &amp#27;[35m[ADB]&amp#27;[39m Running '/Users/asaf.mishaeli/Library/Android/sdk/platform-tools/adb -P 5037 -s emulator-5554 shell dumpsys package io.appium.settings'
[debug] &amp#27;[35m[ADB]&amp#27;[39m The version name of the installed 'io.appium.settings' is greater or equal to the application version name ('3.2.1' >= '3.2.1')
[debug] &amp#27;[35m[ADB]&amp#27;[39m There is no need to install/upgrade '/usr/local/lib/node_modules/appium/node_modules/io.appium.settings/apks/settings_apk-debug.apk'
[debug] &amp#27;[35m[ADB]&amp#27;[39m Getting IDs of all 'io.appium.settings' processes
[debug] &amp#27;[35m[ADB]&amp#27;[39m Running '/Users/asaf.mishaeli/Library/Android/sdk/platform-tools/adb -P 5037 -s emulator-5554 shell 'pgrep --help; echo $?''
[debug] &amp#27;[35m[ADB]&amp#27;[39m Running '/Users/asaf.mishaeli/Library/Android/sdk/platform-tools/adb -P 5037 -s emulator-5554 shell 'pgrep ^appium\\.settings$ || pgrep ^io\\.appium\\.setti$''
[debug] &amp#27;[35m[AndroidDriver]&amp#27;[39m io.appium.settings is already running. There is no need to reset its permissions.
[debug] &amp#27;[35m[Logcat]&amp#27;[39m Starting logs capture with command: /Users/asaf.mishaeli/Library/Android/sdk/platform-tools/adb -P 5037 -s emulator-5554 logcat -v threadtime
[debug] &amp#27;[35m[UiAutomator2]&amp#27;[39m Forwarding UiAutomator2 Server port 6790 to local port 8200
[debug] &amp#27;[35m[ADB]&amp#27;[39m Forwarding system: 8200 to device: 6790
[debug] &amp#27;[35m[ADB]&amp#27;[39m Running '/Users/asaf.mishaeli/Library/Android/sdk/platform-tools/adb -P 5037 -s emulator-5554 forward tcp:8200 tcp:6790'
[debug] &amp#27;[35m[ADB]&amp#27;[39m Getting install status for io.appium.uiautomator2.server
[debug] &amp#27;[35m[ADB]&amp#27;[39m Running '/Users/asaf.mishaeli/Library/Android/sdk/platform-tools/adb -P 5037 -s emulator-5554 shell dumpsys package io.appium.uiautomator2.server'
[debug] &amp#27;[35m[ADB]&amp#27;[39m 'io.appium.uiautomator2.server' is installed
[debug] &amp#27;[35m[ADB]&amp#27;[39m Getting package info for 'io.appium.uiautomator2.server'
[debug] &amp#27;[35m[ADB]&amp#27;[39m Running '/Users/asaf.mishaeli/Library/Android/sdk/platform-tools/adb -P 5037 -s emulator-5554 shell dumpsys package io.appium.uiautomator2.server'
[debug] &amp#27;[35m[ADB]&amp#27;[39m The version name of the installed 'io.appium.uiautomator2.server' is greater or equal to the application version name ('4.17.1' >= '4.17.1')
[debug] &amp#27;[35m[UiAutomator2]&amp#27;[39m io.appium.uiautomator2.server installation state: sameVersionInstalled
[debug] &amp#27;[35m[ADB]&amp#27;[39m Checking app cert for /usr/local/lib/node_modules/appium/node_modules/appium-uiautomator2-server/apks/appium-uiautomator2-server-v4.17.1.apk
&amp#27;[35m[ADB]&amp#27;[39m Using 'apksigner.jar' from '/Users/asaf.mishaeli/Library/Android/sdk/build-tools/30.0.3/lib/apksigner.jar'
[debug] &amp#27;[35m[ADB]&amp#27;[39m Starting apksigner: /Library/Java/JavaVirtualMachines/jdk-15.0.1.jdk/Contents/Home/bin/java -Xmx1024M -Xss1m -jar /Users/asaf.mishaeli/Library/Android/sdk/build-tools/30.0.3/lib/apksigner.jar verify --print-certs /usr/local/lib/node_modules/appium/node_modules/appium-uiautomator2-server/apks/appium-uiautomator2-server-v4.17.1.apk
[debug] &amp#27;[35m[ADB]&amp#27;[39m apksigner stdout: Signer #1 certificate DN: EMAILADDRESS=android@android.com, CN=Android, OU=Android, O=Android, L=Mountain View, ST=California, C=US
[debug] &amp#27;[35m[ADB]&amp#27;[39m Signer #1 certificate SHA-256 digest: a40da80a59d170caa950cf15c18c454d47a39b26989d8b640ecd745ba71bf5dc
[debug] &amp#27;[35m[ADB]&amp#27;[39m Signer #1 certificate SHA-1 digest: 61ed377e85d386a8dfee6b864bd85b0bfaa5af81
[debug] &amp#27;[35m[ADB]&amp#27;[39m Signer #1 certificate MD5 digest: e89b158e4bcf988ebd09eb83f5378e87
[debug] &amp#27;[35m[ADB]&amp#27;[39m 
[debug] &amp#27;[35m[ADB]&amp#27;[39m sha256 hash did match for 'appium-uiautomator2-server-v4.17.1.apk'
&amp#27;[35m[ADB]&amp#27;[39m '/usr/local/lib/node_modules/appium/node_modules/appium-uiautomator2-server/apks/appium-uiautomator2-server-v4.17.1.apk' is signed with the default certificate
[debug] &amp#27;[35m[ADB]&amp#27;[39m Getting install status for io.appium.uiautomator2.server.test
[debug] &amp#27;[35m[ADB]&amp#27;[39m Running '/Users/asaf.mishaeli/Library/Android/sdk/platform-tools/adb -P 5037 -s emulator-5554 shell dumpsys package io.appium.uiautomator2.server.test'
[debug] &amp#27;[35m[ADB]&amp#27;[39m 'io.appium.uiautomator2.server.test' is installed
[debug] &amp#27;[35m[ADB]&amp#27;[39m Checking app cert for /usr/local/lib/node_modules/appium/node_modules/appium-uiautomator2-server/apks/appium-uiautomator2-server-debug-androidTest.apk
[debug] &amp#27;[35m[ADB]&amp#27;[39m Starting apksigner: /Library/Java/JavaVirtualMachines/jdk-15.0.1.jdk/Contents/Home/bin/java -Xmx1024M -Xss1m -jar /Users/asaf.mishaeli/Library/Android/sdk/build-tools/30.0.3/lib/apksigner.jar verify --print-certs /usr/local/lib/node_modules/appium/node_modules/appium-uiautomator2-server/apks/appium-uiautomator2-server-debug-androidTest.apk
[debug] &amp#27;[35m[ADB]&amp#27;[39m apksigner stdout: Signer #1 certificate DN: EMAILADDRESS=android@android.com, CN=Android, OU=Android, O=Android, L=Mountain View, ST=California, C=US
[debug] &amp#27;[35m[ADB]&amp#27;[39m Signer #1 certificate SHA-256 digest: a40da80a59d170caa950cf15c18c454d47a39b26989d8b640ecd745ba71bf5dc
[debug] &amp#27;[35m[ADB]&amp#27;[39m Signer #1 certificate SHA-1 digest: 61ed377e85d386a8dfee6b864bd85b0bfaa5af81
[debug] &amp#27;[35m[ADB]&amp#27;[39m Signer #1 certificate MD5 digest: e89b158e4bcf988ebd09eb83f5378e87
[debug] &amp#27;[35m[ADB]&amp#27;[39m 
[debug] &amp#27;[35m[ADB]&amp#27;[39m sha256 hash did match for 'appium-uiautomator2-server-debug-androidTest.apk'
&amp#27;[35m[ADB]&amp#27;[39m '/usr/local/lib/node_modules/appium/node_modules/appium-uiautomator2-server/apks/appium-uiautomator2-server-debug-androidTest.apk' is signed with the default certificate
&amp#27;[35m[UiAutomator2]&amp#27;[39m Server packages are not going to be (re)installed
[debug] &amp#27;[35m[UiAutomator2]&amp#27;[39m Waiting up to 30000ms for services to be available
[debug] &amp#27;[35m[ADB]&amp#27;[39m Running '/Users/asaf.mishaeli/Library/Android/sdk/platform-tools/adb -P 5037 -s emulator-5554 shell pm list instrumentation'
[debug] &amp#27;[35m[UiAutomator2]&amp#27;[39m Instrumentation target 'io.appium.uiautomator2.server.test/androidx.test.runner.AndroidJUnitRunner' is available
&amp#27;[35m[ADB]&amp#27;[39m Adding packages ["io.appium.settings","io.appium.uiautomator2.server","io.appium.uiautomator2.server.test"] to Doze whitelist
[debug] &amp#27;[35m[ADB]&amp#27;[39m Got the following command chunks to execute: [["dumpsys","deviceidle","whitelist","+io.appium.settings",";","dumpsys","deviceidle","whitelist","+io.appium.uiautomator2.server",";","dumpsys","deviceidle","whitelist","+io.appium.uiautomator2.server.test",";"]]
[debug] &amp#27;[35m[ADB]&amp#27;[39m Running '/Users/asaf.mishaeli/Library/Android/sdk/platform-tools/adb -P 5037 -s emulator-5554 shell dumpsys deviceidle whitelist +io.appium.settings ; dumpsys deviceidle whitelist +io.appium.uiautomator2.server ; dumpsys deviceidle whitelist +io.appium.uiautomator2.server.test ;'
[debug] &amp#27;[35m[ADB]&amp#27;[39m Checking app cert for /Users/asaf.mishaeli/Development/Section17/src/General-Store.apk
[debug] &amp#27;[35m[ADB]&amp#27;[39m Starting apksigner: /Library/Java/JavaVirtualMachines/jdk-15.0.1.jdk/Contents/Home/bin/java -Xmx1024M -Xss1m -jar /Users/asaf.mishaeli/Library/Android/sdk/build-tools/30.0.3/lib/apksigner.jar verify --print-certs /Users/asaf.mishaeli/Development/Section17/src/General-Store.apk
[debug] &amp#27;[35m[ADB]&amp#27;[39m apksigner stdout: Signer #1 certificate DN: EMAILADDRESS=android@android.com, CN=Android, OU=Android, O=Android, L=Mountain View, ST=California, C=US
[debug] &amp#27;[35m[ADB]&amp#27;[39m Signer #1 certificate SHA-256 digest: a40da80a59d170caa950cf15c18c454d47a39b26989d8b640ecd745ba71bf5dc
[debug] &amp#27;[35m[ADB]&amp#27;[39m Signer #1 certificate SHA-1 digest: 61ed377e85d386a8dfee6b864bd85b0bfaa5af81
[debug] &amp#27;[35m[ADB]&amp#27;[39m Signer #1 certificate MD5 digest: e89b158e4bcf988ebd09eb83f5378e87
[debug] &amp#27;[35m[ADB]&amp#27;[39m 
[debug] &amp#27;[35m[ADB]&amp#27;[39m sha256 hash did match for 'General-Store.apk'
&amp#27;[35m[ADB]&amp#27;[39m '/Users/asaf.mishaeli/Development/Section17/src/General-Store.apk' is signed with the default certificate
[debug] &amp#27;[35m[ADB]&amp#27;[39m Getting install status for com.androidsample.generalstore
[debug] &amp#27;[35m[ADB]&amp#27;[39m Running '/Users/asaf.mishaeli/Library/Android/sdk/platform-tools/adb -P 5037 -s emulator-5554 shell dumpsys package com.androidsample.generalstore'
[debug] &amp#27;[35m[ADB]&amp#27;[39m 'com.androidsample.generalstore' is installed
[debug] &amp#27;[35m[ADB]&amp#27;[39m Getting package info for 'com.androidsample.generalstore'
[debug] &amp#27;[35m[ADB]&amp#27;[39m Running '/Users/asaf.mishaeli/Library/Android/sdk/platform-tools/adb -P 5037 -s emulator-5554 shell dumpsys package com.androidsample.generalstore'
[debug] &amp#27;[35m[ADB]&amp#27;[39m The version name of the installed 'com.androidsample.generalstore' is greater or equal to the application version name ('1.0.0' >= '1.0.0')
[debug] &amp#27;[35m[ADB]&amp#27;[39m There is no need to install/upgrade '/Users/asaf.mishaeli/Development/Section17/src/General-Store.apk'
&amp#27;[35m[AndroidDriver]&amp#27;[39m Performing fast reset on 'com.androidsample.generalstore'
[debug] &amp#27;[35m[ADB]&amp#27;[39m Getting install status for com.androidsample.generalstore
[debug] &amp#27;[35m[ADB]&amp#27;[39m Running '/Users/asaf.mishaeli/Library/Android/sdk/platform-tools/adb -P 5037 -s emulator-5554 shell dumpsys package com.androidsample.generalstore'
[debug] &amp#27;[35m[ADB]&amp#27;[39m 'com.androidsample.generalstore' is installed
[debug] &amp#27;[35m[ADB]&amp#27;[39m Running '/Users/asaf.mishaeli/Library/Android/sdk/platform-tools/adb -P 5037 -s emulator-5554 shell am force-stop com.androidsample.generalstore'
[debug] &amp#27;[35m[ADB]&amp#27;[39m Running '/Users/asaf.mishaeli/Library/Android/sdk/platform-tools/adb -P 5037 -s emulator-5554 shell pm clear com.androidsample.generalstore'
[debug] &amp#27;[35m[AndroidDriver]&amp#27;[39m Performed fast reset on the installed 'com.androidsample.generalstore' application (stop and clear)
[debug] &amp#27;[35m[UiAutomator2]&amp#27;[39m Performing shallow cleanup of automation leftovers
[debug] &amp#27;[35m[UiAutomator2]&amp#27;[39m No obsolete sessions have been detected (socket hang up)
[debug] &amp#27;[35m[ADB]&amp#27;[39m Running '/Users/asaf.mishaeli/Library/Android/sdk/platform-tools/adb -P 5037 -s emulator-5554 shell am force-stop io.appium.uiautomator2.server.test'
&amp#27;[35m[UiAutomator2]&amp#27;[39m Starting UIAutomator2 server 4.17.1
&amp#27;[35m[UiAutomator2]&amp#27;[39m Using UIAutomator2 server from '/usr/local/lib/node_modules/appium/node_modules/appium-uiautomator2-server/apks/appium-uiautomator2-server-v4.17.1.apk' and test from '/usr/local/lib/node_modules/appium/node_modules/appium-uiautomator2-server/apks/appium-uiautomator2-server-debug-androidTest.apk'
&amp#27;[35m[UiAutomator2]&amp#27;[39m Waiting up to 30000ms for UiAutomator2 to be online...
[debug] &amp#27;[35m[ADB]&amp#27;[39m Creating ADB subprocess with args: ["-P",5037,"-s","emulator-5554","shell","am","instrument","-w","io.appium.uiautomator2.server.test/androidx.test.runner.AndroidJUnitRunner"]
[debug] &amp#27;[35m[WD Proxy]&amp#27;[39m Matched '/status' to command name 'getStatus'
[debug] &amp#27;[35m[WD Proxy]&amp#27;[39m Proxying [GET /status] to [GET http://127.0.0.1:8200/wd/hub/status] with no body
&amp#27;[35m[WD Proxy]&amp#27;[39m socket hang up
[debug] &amp#27;[35m[WD Proxy]&amp#27;[39m Matched '/status' to command name 'getStatus'
[debug] &amp#27;[35m[WD Proxy]&amp#27;[39m Proxying [GET /status] to [GET http://127.0.0.1:8200/wd/hub/status] with no body
&amp#27;[35m[WD Proxy]&amp#27;[39m socket hang up
[debug] &amp#27;[35m[Instrumentation]&amp#27;[39m io.appium.uiautomator2.server.test.AppiumUiAutomator2Server:
[debug] &amp#27;[35m[WD Proxy]&amp#27;[39m Matched '/status' to command name 'getStatus'
[debug] &amp#27;[35m[WD Proxy]&amp#27;[39m Proxying [GET /status] to [GET http://127.0.0.1:8200/wd/hub/status] with no body
&amp#27;[35m[WD Proxy]&amp#27;[39m socket hang up
[debug] &amp#27;[35m[WD Proxy]&amp#27;[39m Matched '/status' to command name 'getStatus'
[debug] &amp#27;[35m[WD Proxy]&amp#27;[39m Proxying [GET /status] to [GET http://127.0.0.1:8200/wd/hub/status] with no body
&amp#27;[35m[WD Proxy]&amp#27;[39m socket hang up
[debug] &amp#27;[35m[WD Proxy]&amp#27;[39m Matched '/status' to command name 'getStatus'
[debug] &amp#27;[35m[WD Proxy]&amp#27;[39m Proxying [GET /status] to [GET http://127.0.0.1:8200/wd/hub/status] with no body
&amp#27;[35m[WD Proxy]&amp#27;[39m socket hang up
[debug] &amp#27;[35m[WD Proxy]&amp#27;[39m Matched '/status' to command name 'getStatus'
[debug] &amp#27;[35m[WD Proxy]&amp#27;[39m Proxying [GET /status] to [GET http://127.0.0.1:8200/wd/hub/status] with no body
[debug] &amp#27;[35m[WD Proxy]&amp#27;[39m Got response with status 200: {"sessionId":"None","value":{"message":"UiAutomator2 Server is ready to accept commands","ready":true}}
[debug] &amp#27;[35m[UiAutomator2]&amp#27;[39m The initialization of the instrumentation process took 5216ms
[debug] &amp#27;[35m[WD Proxy]&amp#27;[39m Matched '/session' to command name 'createSession'
[debug] &amp#27;[35m[WD Proxy]&amp#27;[39m Proxying [POST /session] to [POST http://127.0.0.1:8200/wd/hub/session] with body: {"capabilities":{"firstMatch":[{"platform":"LINUX","webStorageEnabled":false,"takesScreenshot":true,"javascriptEnabled":true,"databaseEnabled":false,"networkConnectionEnabled":true,"locationContextEnabled":false,"warnings":{},"desired":{"platformName":"android","app":"/Users/asaf.mishaeli/Development/Section17/src/General-Store.apk","automationName":"uiautomator2","deviceName":"Android_Emulator","newCommandTimeout":14},"platformName":"android","app":"/Users/asaf.mishaeli/Development/Section17/src/General-Store.apk","automationName":"uiautomator2","deviceName":"emulator-5554","newCommandTimeout":14,"deviceUDID":"emulator-5554","appPackage":"com.androidsample.generalstore"}],"alwaysMatch":{}}}
[debug] &amp#27;[35m[WD Proxy]&amp#27;[39m Got response with status 200: {"sessionId":"8582de1f-8fb1-4708-8895-904f2d29d777","value":{"capabilities":{"firstMatch":[{"platform":"LINUX","webStorageEnabled":false,"takesScreenshot":true,"javascriptEnabled":true,"databaseEnabled":false,"networkConnectionEnabled":true,"locationContextEnabled":false,"warnings":{},"desired":{"platformName":"android","app":"/Users/asaf.mishaeli/Development/Section17/src/General-Store.apk","automationName":"uiautomator2","deviceName":"Android_Emulator","newCommandTimeout":14},"platformName":"android","app":"/Users/asaf.mishaeli/Development/Section17/src/General-Store.apk","automationName":"uiautomator2","deviceName":"emulator-5554","newCommandTimeout":14,"deviceUDID":"emulator-5554","appPackage":"com.androidsample.generalstore"}],"alwaysMatch":{}},"sessionId":"8582de1f-8fb1-4708-8895-904f2d29d777"}}
&amp#27;[35m[WD Proxy]&amp#27;[39m Determined the downstream protocol as 'W3C'
[debug] &amp#27;[35m[WD Proxy]&amp#27;[39m Proxying [GET /appium/device/info] to [GET http://127.0.0.1:8200/wd/hub/session/8582de1f-8fb1-4708-8895-904f2d29d777/appium/device/info] with no body
[debug] &amp#27;[35m[WD Proxy]&amp#27;[39m Got response with status 200: {"sessionId":"8582de1f-8fb1-4708-8895-904f2d29d777","value":{"androidId":"e724a5894ce77574","apiVersion":"26","bluetooth":null,"brand":"google","carrierName":"Android","displayDensity":440,"locale":"en_US","manufacturer":"Google","model":"Android SDK built for x86","networks":[{"capabilities":{"SSID":null,"linkDownBandwidthKbps":102400,"linkUpstreamBandwidthKbps":51200,"networkCapabilities":"NET_CAPABILITY_MMS,NET_CAPABILITY_SUPL,NET_CAPABILITY_FOTA,NET_CAPABILITY_IMS,NET_CAPABILITY_CBS,NET_CAPABILITY_IA,NET_CAPABILITY_INTERNET,NET_CAPABILITY_NOT_RESTRICTED,NET_CAPABILITY_TRUSTED,NET_CAPABILITY_NOT_VPN,NET_CAPABILITY_VALIDATED","signalStrength":-2147483648,"transportTypes":"TRANSPORT_CELLULAR"},"detailedState":"CONNECTED","extraInfo":"epc.tmobile.com","isAvailable":true,"isConnected":true,"isFailover":false,"isRoaming":false,"state":"CONNECTED","subtype":13,"subtypeName":"LTE","type":0,"typeName":"MOBILE"},{"capabilities":{"SSID":null,"linkDownBandwidthKbps":1048576,"linkUpstreamBandwidthKbps":1048576,"net...
[debug] &amp#27;[35m[ADB]&amp#27;[39m Running '/Users/asaf.mishaeli/Library/Android/sdk/platform-tools/adb -P 5037 -s emulator-5554 shell dumpsys window'
&amp#27;[35m[AndroidDriver]&amp#27;[39m Screen already unlocked, doing nothing
&amp#27;[35m[UiAutomator2]&amp#27;[39m Starting 'com.androidsample.generalstore/com.androidsample.generalstore.SplashActivity and waiting for 'com.androidsample.generalstore/com.androidsample.generalstore.SplashActivity'
[debug] &amp#27;[35m[ADB]&amp#27;[39m Running '/Users/asaf.mishaeli/Library/Android/sdk/platform-tools/adb -P 5037 -s emulator-5554 shell am start -W -n com.androidsample.generalstore/com.androidsample.generalstore.SplashActivity -S -a android.intent.action.MAIN -c android.intent.category.LAUNCHER -f 0x10200000'
[debug] &amp#27;[35m[ADB]&amp#27;[39m Waiting up to 20000ms for activity matching pkg: 'com.androidsample.generalstore' and activity: 'com.androidsample.generalstore.SplashActivity' to be focused
[debug] &amp#27;[35m[ADB]&amp#27;[39m Possible activities, to be checked: 'com.androidsample.generalstore.SplashActivity', 'com.androidsample.generalstore.com.androidsample.generalstore.SplashActivity'
[debug] &amp#27;[35m[ADB]&amp#27;[39m Getting focused package and activity
[debug] &amp#27;[35m[ADB]&amp#27;[39m Running '/Users/asaf.mishaeli/Library/Android/sdk/platform-tools/adb -P 5037 -s emulator-5554 shell dumpsys window windows'
[debug] &amp#27;[35m[ADB]&amp#27;[39m Found package: 'com.androidsample.generalstore' and fully qualified activity name : 'com.androidsample.generalstore.SplashActivity'
[debug] &amp#27;[35m[WD Proxy]&amp#27;[39m Proxying [GET /appium/device/pixel_ratio] to [GET http://127.0.0.1:8200/wd/hub/session/8582de1f-8fb1-4708-8895-904f2d29d777/appium/device/pixel_ratio] with no body
[debug] &amp#27;[35m[WD Proxy]&amp#27;[39m Got response with status 200: {"sessionId":"8582de1f-8fb1-4708-8895-904f2d29d777","value":2.75}
[debug] &amp#27;[35m[WD Proxy]&amp#27;[39m Matched '/appium/device/system_bars' to command name 'getSystemBars'
[debug] &amp#27;[35m[WD Proxy]&amp#27;[39m Proxying [GET /appium/device/system_bars] to [GET http://127.0.0.1:8200/wd/hub/session/8582de1f-8fb1-4708-8895-904f2d29d777/appium/device/system_bars] with no body
[debug] &amp#27;[35m[WD Proxy]&amp#27;[39m Got response with status 200: {"sessionId":"8582de1f-8fb1-4708-8895-904f2d29d777","value":{"statusBar":66}}
[debug] &amp#27;[35m[WD Proxy]&amp#27;[39m Matched '/window/current/size' to command name 'getWindowSize'
[debug] &amp#27;[35m[WD Proxy]&amp#27;[39m Proxying [GET /window/current/size] to [GET http://127.0.0.1:8200/wd/hub/session/8582de1f-8fb1-4708-8895-904f2d29d777/window/current/size] with no body
[debug] &amp#27;[35m[WD Proxy]&amp#27;[39m Got response with status 200: {"sessionId":"8582de1f-8fb1-4708-8895-904f2d29d777","value":{"height":2088,"width":1080}}
&amp#27;[35m[Appium]&amp#27;[39m New AndroidUiautomator2Driver session created successfully, session cc4dea95-e24a-4b14-8f57-c295b1492f40 added to master session list
[debug] &amp#27;[35m[BaseDriver]&amp#27;[39m Event 'newSessionStarted' logged at 1616328216621 (14:03:36 GMT+0200 (Israel Standard Time))
[debug] &amp#27;[35m[W3C (cc4dea95)]&amp#27;[39m Cached the protocol value 'W3C' for the new session cc4dea95-e24a-4b14-8f57-c295b1492f40
[debug] &amp#27;[35m[W3C (cc4dea95)]&amp#27;[39m Responding to client with driver.createSession() result: {"capabilities":{"platform":"LINUX","webStorageEnabled":false,"takesScreenshot":true,"javascriptEnabled":true,"databaseEnabled":false,"networkConnectionEnabled":true,"locationContextEnabled":false,"warnings":{},"desired":{"platformName":"android","app":"/Users/asaf.mishaeli/Development/Section17/src/General-Store.apk","automationName":"uiautomator2","deviceName":"Android_Emulator","newCommandTimeout":14},"platformName":"android","app":"/Users/asaf.mishaeli/Development/Section17/src/General-Store.apk","automationName":"uiautomator2","deviceName":"emulator-5554","newCommandTimeout":14,"deviceUDID":"emulator-5554","appPackage":"com.androidsample.generalstore","deviceApiLevel":26,"platformVersion":"8.0.0","deviceScreenSize":"1080x2220","deviceScreenDensity":440,"deviceModel":"Android SDK built for x86","deviceManufacturer":"Google","pixelRatio":2.75,"statBarHeight":66,"viewportRect":{"left":0,"top":66,"width":1080,"height":2022}}}
&amp#27;[35m[HTTP]&amp#27;[39m &amp#27;[37m<-- POST /wd/hub/session &amp#27;[39m&amp#27;[32m200&amp#27;[39m &amp#27;[90m16758 ms - 1001&amp#27;[39m
&amp#27;[35m[HTTP]&amp#27;[39m &amp#27;[90m&amp#27;[39m
&amp#27;[35m[HTTP]&amp#27;[39m &amp#27;[37m-->&amp#27;[39m &amp#27;[37mPOST&amp#27;[39m &amp#27;[37m/wd/hub/session/cc4dea95-e24a-4b14-8f57-c295b1492f40/timeouts&amp#27;[39m
&amp#27;[35m[HTTP]&amp#27;[39m &amp#27;[90m{"implicit":10000}&amp#27;[39m
[debug] &amp#27;[35m[W3C (cc4dea95)]&amp#27;[39m Calling AppiumDriver.timeouts() with args: [null,null,null,null,10000,"cc4dea95-e24a-4b14-8f57-c295b1492f40"]
[debug] &amp#27;[35m[BaseDriver]&amp#27;[39m W3C timeout argument: {"implicit":10000}}
[debug] &amp#27;[35m[BaseDriver]&amp#27;[39m Set implicit wait to 10000ms
[debug] &amp#27;[35m[W3C (cc4dea95)]&amp#27;[39m Responding to client with driver.timeouts() result: null
&amp#27;[35m[HTTP]&amp#27;[39m &amp#27;[37m<-- POST /wd/hub/session/cc4dea95-e24a-4b14-8f57-c295b1492f40/timeouts &amp#27;[39m&amp#27;[32m200&amp#27;[39m &amp#27;[90m5 ms - 14&amp#27;[39m
&amp#27;[35m[HTTP]&amp#27;[39m &amp#27;[90m&amp#27;[39m
&amp#27;[35m[HTTP]&amp#27;[39m &amp#27;[37m-->&amp#27;[39m &amp#27;[37mPOST&amp#27;[39m &amp#27;[37m/wd/hub/session/cc4dea95-e24a-4b14-8f57-c295b1492f40/timeouts&amp#27;[39m
&amp#27;[35m[HTTP]&amp#27;[39m &amp#27;[90m{"implicit":10000}&amp#27;[39m
[debug] &amp#27;[35m[W3C (cc4dea95)]&amp#27;[39m Calling AppiumDriver.timeouts() with args: [null,null,null,null,10000,"cc4dea95-e24a-4b14-8f57-c295b1492f40"]
[debug] &amp#27;[35m[BaseDriver]&amp#27;[39m W3C timeout argument: {"implicit":10000}}
[debug] &amp#27;[35m[BaseDriver]&amp#27;[39m Set implicit wait to 10000ms
[debug] &amp#27;[35m[W3C (cc4dea95)]&amp#27;[39m Responding to client with driver.timeouts() result: null
&amp#27;[35m[HTTP]&amp#27;[39m &amp#27;[37m<-- POST /wd/hub/session/cc4dea95-e24a-4b14-8f57-c295b1492f40/timeouts &amp#27;[39m&amp#27;[32m200&amp#27;[39m &amp#27;[90m4 ms - 14&amp#27;[39m
&amp#27;[35m[HTTP]&amp#27;[39m &amp#27;[90m&amp#27;[39m
&amp#27;[35m[HTTP]&amp#27;[39m &amp#27;[37m-->&amp#27;[39m &amp#27;[37mGET&amp#27;[39m &amp#27;[37m/wd/hub/session/cc4dea95-e24a-4b14-8f57-c295b1492f40/context&amp#27;[39m
&amp#27;[35m[HTTP]&amp#27;[39m &amp#27;[90m{}&amp#27;[39m
[debug] &amp#27;[35m[W3C (cc4dea95)]&amp#27;[39m Calling AppiumDriver.getCurrentContext() with args: ["cc4dea95-e24a-4b14-8f57-c295b1492f40"]
[debug] &amp#27;[35m[W3C (cc4dea95)]&amp#27;[39m Responding to client with driver.getCurrentContext() result: "NATIVE_APP"
&amp#27;[35m[HTTP]&amp#27;[39m &amp#27;[37m<-- GET /wd/hub/session/cc4dea95-e24a-4b14-8f57-c295b1492f40/context &amp#27;[39m&amp#27;[32m200&amp#27;[39m &amp#27;[90m7 ms - 22&amp#27;[39m
&amp#27;[35m[HTTP]&amp#27;[39m &amp#27;[90m&amp#27;[39m
&amp#27;[35m[HTTP]&amp#27;[39m &amp#27;[37m-->&amp#27;[39m &amp#27;[37mPOST&amp#27;[39m &amp#27;[37m/wd/hub/session/cc4dea95-e24a-4b14-8f57-c295b1492f40/element&amp#27;[39m
&amp#27;[35m[HTTP]&amp#27;[39m &amp#27;[90m{"using":"id","value":"com.androidsample.generalstore:id/nameField"}&amp#27;[39m
[debug] &amp#27;[35m[W3C (cc4dea95)]&amp#27;[39m Calling AppiumDriver.findElement() with args: ["id","com.androidsample.generalstore:id/nameField","cc4dea95-e24a-4b14-8f57-c295b1492f40"]
[debug] &amp#27;[35m[BaseDriver]&amp#27;[39m Valid locator strategies for this request: xpath, id, class name, accessibility id, css selector, -android uiautomator
[debug] &amp#27;[35m[BaseDriver]&amp#27;[39m Waiting up to 10000 ms for condition
[debug] &amp#27;[35m[WD Proxy]&amp#27;[39m Matched '/element' to command name 'findElement'
[debug] &amp#27;[35m[WD Proxy]&amp#27;[39m Proxying [POST /element] to [POST http://127.0.0.1:8200/wd/hub/session/8582de1f-8fb1-4708-8895-904f2d29d777/element] with body: {"strategy":"id","selector":"com.androidsample.generalstore:id/nameField","context":"","multiple":false}
&amp#27;[35m[WD Proxy]&amp#27;[39m Got response with status 404: {"sessionId":"8582de1f-8fb1-4708-8895-904f2d29d777","value":{"error":"no such element","message":"An element could not be located on the page using the given search parameters","stacktrace":"io.appium.uiautomator2.common.exceptions.ElementNotFoundException: An element could not be located on the page using the given search parameters\n\tat io.appium.uiautomator2.handler.FindElement.safeHandle(FindElement.java:70)\n\tat io.appium.uiautomator2.handler.request.SafeRequestHandler.handle(SafeRequestHandler.java:41)\n\tat io.appium.uiautomator2.server.AppiumServlet.handleRequest(AppiumServlet.java:261)\n\tat io.appium.uiautomator2.server.AppiumServlet.handleHttpRequest(AppiumServlet.java:255)\n\tat io.appium.uiautomator2.http.ServerHandler.channelRead(ServerHandler.java:68)\n\tat io.netty.channel.AbstractChannelHandlerContext.invokeChannelRead(AbstractChannelHandlerContext.java:366)\n\tat io.netty.channel.AbstractChannelHandlerContext.invokeChannelRead(AbstractChannelHandlerContext.java:352)\n\tat io.netty.chann...
[debug] &amp#27;[35m[W3C]&amp#27;[39m Matched W3C error code 'no such element' to NoSuchElementError
[debug] &amp#27;[35m[BaseDriver]&amp#27;[39m Waited for 873 ms so far
[debug] &amp#27;[35m[WD Proxy]&amp#27;[39m Matched '/element' to command name 'findElement'
[debug] &amp#27;[35m[WD Proxy]&amp#27;[39m Proxying [POST /element] to [POST http://127.0.0.1:8200/wd/hub/session/8582de1f-8fb1-4708-8895-904f2d29d777/element] with body: {"strategy":"id","selector":"com.androidsample.generalstore:id/nameField","context":"","multiple":false}
&amp#27;[35m[WD Proxy]&amp#27;[39m Got response with status 404: {"sessionId":"8582de1f-8fb1-4708-8895-904f2d29d777","value":{"error":"no such element","message":"An element could not be located on the page using the given search parameters","stacktrace":"io.appium.uiautomator2.common.exceptions.ElementNotFoundException: An element could not be located on the page using the given search parameters\n\tat io.appium.uiautomator2.handler.FindElement.safeHandle(FindElement.java:70)\n\tat io.appium.uiautomator2.handler.request.SafeRequestHandler.handle(SafeRequestHandler.java:41)\n\tat io.appium.uiautomator2.server.AppiumServlet.handleRequest(AppiumServlet.java:261)\n\tat io.appium.uiautomator2.server.AppiumServlet.handleHttpRequest(AppiumServlet.java:255)\n\tat io.appium.uiautomator2.http.ServerHandler.channelRead(ServerHandler.java:68)\n\tat io.netty.channel.AbstractChannelHandlerContext.invokeChannelRead(AbstractChannelHandlerContext.java:366)\n\tat io.netty.channel.AbstractChannelHandlerContext.invokeChannelRead(AbstractChannelHandlerContext.java:352)\n\tat io.netty.chann...
[debug] &amp#27;[35m[W3C]&amp#27;[39m Matched W3C error code 'no such element' to NoSuchElementError
[debug] &amp#27;[35m[BaseDriver]&amp#27;[39m Waited for 1416 ms so far
[debug] &amp#27;[35m[WD Proxy]&amp#27;[39m Matched '/element' to command name 'findElement'
[debug] &amp#27;[35m[WD Proxy]&amp#27;[39m Proxying [POST /element] to [POST http://127.0.0.1:8200/wd/hub/session/8582de1f-8fb1-4708-8895-904f2d29d777/element] with body: {"strategy":"id","selector":"com.androidsample.generalstore:id/nameField","context":"","multiple":false}
&amp#27;[35m[WD Proxy]&amp#27;[39m Got response with status 404: {"sessionId":"8582de1f-8fb1-4708-8895-904f2d29d777","value":{"error":"no such element","message":"An element could not be located on the page using the given search parameters","stacktrace":"io.appium.uiautomator2.common.exceptions.ElementNotFoundException: An element could not be located on the page using the given search parameters\n\tat io.appium.uiautomator2.handler.FindElement.safeHandle(FindElement.java:70)\n\tat io.appium.uiautomator2.handler.request.SafeRequestHandler.handle(SafeRequestHandler.java:41)\n\tat io.appium.uiautomator2.server.AppiumServlet.handleRequest(AppiumServlet.java:261)\n\tat io.appium.uiautomator2.server.AppiumServlet.handleHttpRequest(AppiumServlet.java:255)\n\tat io.appium.uiautomator2.http.ServerHandler.channelRead(ServerHandler.java:68)\n\tat io.netty.channel.AbstractChannelHandlerContext.invokeChannelRead(AbstractChannelHandlerContext.java:366)\n\tat io.netty.channel.AbstractChannelHandlerContext.invokeChannelRead(AbstractChannelHandlerContext.java:352)\n\tat io.netty.chann...
[debug] &amp#27;[35m[W3C]&amp#27;[39m Matched W3C error code 'no such element' to NoSuchElementError
[debug] &amp#27;[35m[BaseDriver]&amp#27;[39m Waited for 1952 ms so far
[debug] &amp#27;[35m[WD Proxy]&amp#27;[39m Matched '/element' to command name 'findElement'
[debug] &amp#27;[35m[WD Proxy]&amp#27;[39m Proxying [POST /element] to [POST http://127.0.0.1:8200/wd/hub/session/8582de1f-8fb1-4708-8895-904f2d29d777/element] with body: {"strategy":"id","selector":"com.androidsample.generalstore:id/nameField","context":"","multiple":false}
&amp#27;[35m[WD Proxy]&amp#27;[39m Got response with status 404: {"sessionId":"8582de1f-8fb1-4708-8895-904f2d29d777","value":{"error":"no such element","message":"An element could not be located on the page using the given search parameters","stacktrace":"io.appium.uiautomator2.common.exceptions.ElementNotFoundException: An element could not be located on the page using the given search parameters\n\tat io.appium.uiautomator2.handler.FindElement.safeHandle(FindElement.java:70)\n\tat io.appium.uiautomator2.handler.request.SafeRequestHandler.handle(SafeRequestHandler.java:41)\n\tat io.appium.uiautomator2.server.AppiumServlet.handleRequest(AppiumServlet.java:261)\n\tat io.appium.uiautomator2.server.AppiumServlet.handleHttpRequest(AppiumServlet.java:255)\n\tat io.appium.uiautomator2.http.ServerHandler.channelRead(ServerHandler.java:68)\n\tat io.netty.channel.AbstractChannelHandlerContext.invokeChannelRead(AbstractChannelHandlerContext.java:366)\n\tat io.netty.channel.AbstractChannelHandlerContext.invokeChannelRead(AbstractChannelHandlerContext.java:352)\n\tat io.netty.chann...
[debug] &amp#27;[35m[W3C]&amp#27;[39m Matched W3C error code 'no such element' to NoSuchElementError
[debug] &amp#27;[35m[BaseDriver]&amp#27;[39m Waited for 3286 ms so far
[debug] &amp#27;[35m[WD Proxy]&amp#27;[39m Matched '/element' to command name 'findElement'
[debug] &amp#27;[35m[WD Proxy]&amp#27;[39m Proxying [POST /element] to [POST http://127.0.0.1:8200/wd/hub/session/8582de1f-8fb1-4708-8895-904f2d29d777/element] with body: {"strategy":"id","selector":"com.androidsample.generalstore:id/nameField","context":"","multiple":false}
[debug] &amp#27;[35m[WD Proxy]&amp#27;[39m Got response with status 200: {"sessionId":"8582de1f-8fb1-4708-8895-904f2d29d777","value":{"ELEMENT":"a0ee087a-3c8a-480b-b409-cce9b12c0334","element-6066-11e4-a52e-4f735466cecf":"a0ee087a-3c8a-480b-b409-cce9b12c0334"}}
[debug] &amp#27;[35m[W3C (cc4dea95)]&amp#27;[39m Responding to client with driver.findElement() result: {"element-6066-11e4-a52e-4f735466cecf":"a0ee087a-3c8a-480b-b409-cce9b12c0334","ELEMENT":"a0ee087a-3c8a-480b-b409-cce9b12c0334"}
&amp#27;[35m[HTTP]&amp#27;[39m &amp#27;[37m<-- POST /wd/hub/session/cc4dea95-e24a-4b14-8f57-c295b1492f40/element &amp#27;[39m&amp#27;[32m200&amp#27;[39m &amp#27;[90m5050 ms - 137&amp#27;[39m
&amp#27;[35m[HTTP]&amp#27;[39m &amp#27;[90m&amp#27;[39m
&amp#27;[35m[HTTP]&amp#27;[39m &amp#27;[37m-->&amp#27;[39m &amp#27;[37mPOST&amp#27;[39m &amp#27;[37m/wd/hub/session/cc4dea95-e24a-4b14-8f57-c295b1492f40/element/a0ee087a-3c8a-480b-b409-cce9b12c0334/value&amp#27;[39m
&amp#27;[35m[HTTP]&amp#27;[39m &amp#27;[90m{"id":"a0ee087a-3c8a-480b-b409-cce9b12c0334","text":"Hello","value":["H","e","l","l","o"]}&amp#27;[39m
[debug] &amp#27;[35m[W3C (cc4dea95)]&amp#27;[39m Calling AppiumDriver.setValue() with args: [["H","e","l","l","o"],"a0ee087a-3c8a-480b-b409-cce9b12c0334","cc4dea95-e24a-4b14-8f57-c295b1492f40"]
[debug] &amp#27;[35m[WD Proxy]&amp#27;[39m Matched '/element/a0ee087a-3c8a-480b-b409-cce9b12c0334/value' to command name 'setValue'
[debug] &amp#27;[35m[Protocol Converter]&amp#27;[39m Added 'value' property ["H","e","l","l","o"] to 'setValue' request body
[debug] &amp#27;[35m[WD Proxy]&amp#27;[39m Proxying [POST /element/a0ee087a-3c8a-480b-b409-cce9b12c0334/value] to [POST http://127.0.0.1:8200/wd/hub/session/8582de1f-8fb1-4708-8895-904f2d29d777/element/a0ee087a-3c8a-480b-b409-cce9b12c0334/value] with body: {"elementId":"a0ee087a-3c8a-480b-b409-cce9b12c0334","text":"Hello","replace":false,"value":["H","e","l","l","o"]}
[debug] &amp#27;[35m[WD Proxy]&amp#27;[39m Got response with status 200: {"sessionId":"8582de1f-8fb1-4708-8895-904f2d29d777","value":null}
[debug] &amp#27;[35m[W3C (cc4dea95)]&amp#27;[39m Responding to client with driver.setValue() result: null
&amp#27;[35m[HTTP]&amp#27;[39m &amp#27;[37m<-- POST /wd/hub/session/cc4dea95-e24a-4b14-8f57-c295b1492f40/element/a0ee087a-3c8a-480b-b409-cce9b12c0334/value &amp#27;[39m&amp#27;[32m200&amp#27;[39m &amp#27;[90m617 ms - 14&amp#27;[39m
&amp#27;[35m[HTTP]&amp#27;[39m &amp#27;[90m&amp#27;[39m
&amp#27;[35m[HTTP]&amp#27;[39m &amp#27;[37m-->&amp#27;[39m &amp#27;[37mPOST&amp#27;[39m &amp#27;[37m/wd/hub/session/cc4dea95-e24a-4b14-8f57-c295b1492f40/appium/device/hide_keyboard&amp#27;[39m
&amp#27;[35m[HTTP]&amp#27;[39m &amp#27;[90m{}&amp#27;[39m
[debug] &amp#27;[35m[W3C (cc4dea95)]&amp#27;[39m Calling AppiumDriver.hideKeyboard() with args: [null,null,null,null,"cc4dea95-e24a-4b14-8f57-c295b1492f40"]
[debug] &amp#27;[35m[ADB]&amp#27;[39m Running '/Users/asaf.mishaeli/Library/Android/sdk/platform-tools/adb -P 5037 -s emulator-5554 shell dumpsys input_method'
&amp#27;[35m[AndroidDriver]&amp#27;[39m Keyboard has no UI; no closing necessary
[debug] &amp#27;[35m[W3C (cc4dea95)]&amp#27;[39m Responding to client with driver.hideKeyboard() result: null
&amp#27;[35m[HTTP]&amp#27;[39m &amp#27;[37m<-- POST /wd/hub/session/cc4dea95-e24a-4b14-8f57-c295b1492f40/appium/device/hide_keyboard &amp#27;[39m&amp#27;[32m200&amp#27;[39m &amp#27;[90m205 ms - 14&amp#27;[39m
&amp#27;[35m[HTTP]&amp#27;[39m &amp#27;[90m&amp#27;[39m
&amp#27;[35m[HTTP]&amp#27;[39m &amp#27;[37m-->&amp#27;[39m &amp#27;[37mGET&amp#27;[39m &amp#27;[37m/wd/hub/session/cc4dea95-e24a-4b14-8f57-c295b1492f40/context&amp#27;[39m
&amp#27;[35m[HTTP]&amp#27;[39m &amp#27;[90m{}&amp#27;[39m
[debug] &amp#27;[35m[W3C (cc4dea95)]&amp#27;[39m Calling AppiumDriver.getCurrentContext() with args: ["cc4dea95-e24a-4b14-8f57-c295b1492f40"]
[debug] &amp#27;[35m[W3C (cc4dea95)]&amp#27;[39m Responding to client with driver.getCurrentContext() result: "NATIVE_APP"
&amp#27;[35m[HTTP]&amp#27;[39m &amp#27;[37m<-- GET /wd/hub/session/cc4dea95-e24a-4b14-8f57-c295b1492f40/context &amp#27;[39m&amp#27;[32m200&amp#27;[39m &amp#27;[90m2 ms - 22&amp#27;[39m
&amp#27;[35m[HTTP]&amp#27;[39m &amp#27;[90m&amp#27;[39m
&amp#27;[35m[HTTP]&amp#27;[39m &amp#27;[37m-->&amp#27;[39m &amp#27;[37mPOST&amp#27;[39m &amp#27;[37m/wd/hub/session/cc4dea95-e24a-4b14-8f57-c295b1492f40/element&amp#27;[39m
&amp#27;[35m[HTTP]&amp#27;[39m &amp#27;[90m{"using":"xpath","value":"//*[@text='Female']"}&amp#27;[39m
[debug] &amp#27;[35m[W3C (cc4dea95)]&amp#27;[39m Calling AppiumDriver.findElement() with args: ["xpath","//*[@text='Female']","cc4dea95-e24a-4b14-8f57-c295b1492f40"]
[debug] &amp#27;[35m[BaseDriver]&amp#27;[39m Valid locator strategies for this request: xpath, id, class name, accessibility id, css selector, -android uiautomator
[debug] &amp#27;[35m[BaseDriver]&amp#27;[39m Waiting up to 10000 ms for condition
[debug] &amp#27;[35m[WD Proxy]&amp#27;[39m Matched '/element' to command name 'findElement'
[debug] &amp#27;[35m[WD Proxy]&amp#27;[39m Proxying [POST /element] to [POST http://127.0.0.1:8200/wd/hub/session/8582de1f-8fb1-4708-8895-904f2d29d777/element] with body: {"strategy":"xpath","selector":"//*[@text='Female']","context":"","multiple":false}
[debug] &amp#27;[35m[WD Proxy]&amp#27;[39m Got response with status 200: {"sessionId":"8582de1f-8fb1-4708-8895-904f2d29d777","value":{"ELEMENT":"a9f81519-3f4c-4b8d-9949-fea5b1801741","element-6066-11e4-a52e-4f735466cecf":"a9f81519-3f4c-4b8d-9949-fea5b1801741"}}
[debug] &amp#27;[35m[W3C (cc4dea95)]&amp#27;[39m Responding to client with driver.findElement() result: {"element-6066-11e4-a52e-4f735466cecf":"a9f81519-3f4c-4b8d-9949-fea5b1801741","ELEMENT":"a9f81519-3f4c-4b8d-9949-fea5b1801741"}
&amp#27;[35m[HTTP]&amp#27;[39m &amp#27;[37m<-- POST /wd/hub/session/cc4dea95-e24a-4b14-8f57-c295b1492f40/element &amp#27;[39m&amp#27;[32m200&amp#27;[39m &amp#27;[90m605 ms - 137&amp#27;[39m
&amp#27;[35m[HTTP]&amp#27;[39m &amp#27;[90m&amp#27;[39m
&amp#27;[35m[HTTP]&amp#27;[39m &amp#27;[37m-->&amp#27;[39m &amp#27;[37mPOST&amp#27;[39m &amp#27;[37m/wd/hub/session/cc4dea95-e24a-4b14-8f57-c295b1492f40/element/a9f81519-3f4c-4b8d-9949-fea5b1801741/click&amp#27;[39m
&amp#27;[35m[HTTP]&amp#27;[39m &amp#27;[90m{"id":"a9f81519-3f4c-4b8d-9949-fea5b1801741"}&amp#27;[39m
[debug] &amp#27;[35m[W3C (cc4dea95)]&amp#27;[39m Calling AppiumDriver.click() with args: ["a9f81519-3f4c-4b8d-9949-fea5b1801741","cc4dea95-e24a-4b14-8f57-c295b1492f40"]
[debug] &amp#27;[35m[WD Proxy]&amp#27;[39m Matched '/element/a9f81519-3f4c-4b8d-9949-fea5b1801741/click' to command name 'click'
[debug] &amp#27;[35m[WD Proxy]&amp#27;[39m Proxying [POST /element/a9f81519-3f4c-4b8d-9949-fea5b1801741/click] to [POST http://127.0.0.1:8200/wd/hub/session/8582de1f-8fb1-4708-8895-904f2d29d777/element/a9f81519-3f4c-4b8d-9949-fea5b1801741/click] with body: {"element":"a9f81519-3f4c-4b8d-9949-fea5b1801741"}
[debug] &amp#27;[35m[WD Proxy]&amp#27;[39m Got response with status 200: {"sessionId":"8582de1f-8fb1-4708-8895-904f2d29d777","value":null}
[debug] &amp#27;[35m[W3C (cc4dea95)]&amp#27;[39m Responding to client with driver.click() result: null
&amp#27;[35m[HTTP]&amp#27;[39m &amp#27;[37m<-- POST /wd/hub/session/cc4dea95-e24a-4b14-8f57-c295b1492f40/element/a9f81519-3f4c-4b8d-9949-fea5b1801741/click &amp#27;[39m&amp#27;[32m200&amp#27;[39m &amp#27;[90m45 ms - 14&amp#27;[39m
&amp#27;[35m[HTTP]&amp#27;[39m &amp#27;[90m&amp#27;[39m
&amp#27;[35m[HTTP]&amp#27;[39m &amp#27;[37m-->&amp#27;[39m &amp#27;[37mGET&amp#27;[39m &amp#27;[37m/wd/hub/session/cc4dea95-e24a-4b14-8f57-c295b1492f40/context&amp#27;[39m
&amp#27;[35m[HTTP]&amp#27;[39m &amp#27;[90m{}&amp#27;[39m
[debug] &amp#27;[35m[W3C (cc4dea95)]&amp#27;[39m Calling AppiumDriver.getCurrentContext() with args: ["cc4dea95-e24a-4b14-8f57-c295b1492f40"]
[debug] &amp#27;[35m[W3C (cc4dea95)]&amp#27;[39m Responding to client with driver.getCurrentContext() result: "NATIVE_APP"
&amp#27;[35m[HTTP]&amp#27;[39m &amp#27;[37m<-- GET /wd/hub/session/cc4dea95-e24a-4b14-8f57-c295b1492f40/context &amp#27;[39m&amp#27;[32m200&amp#27;[39m &amp#27;[90m2 ms - 22&amp#27;[39m
&amp#27;[35m[HTTP]&amp#27;[39m &amp#27;[90m&amp#27;[39m
&amp#27;[35m[HTTP]&amp#27;[39m &amp#27;[37m-->&amp#27;[39m &amp#27;[37mPOST&amp#27;[39m &amp#27;[37m/wd/hub/session/cc4dea95-e24a-4b14-8f57-c295b1492f40/element&amp#27;[39m
&amp#27;[35m[HTTP]&amp#27;[39m &amp#27;[90m{"using":"id","value":"android:id/text1"}&amp#27;[39m
[debug] &amp#27;[35m[W3C (cc4dea95)]&amp#27;[39m Calling AppiumDriver.findElement() with args: ["id","android:id/text1","cc4dea95-e24a-4b14-8f57-c295b1492f40"]
[debug] &amp#27;[35m[BaseDriver]&amp#27;[39m Valid locator strategies for this request: xpath, id, class name, accessibility id, css selector, -android uiautomator
[debug] &amp#27;[35m[BaseDriver]&amp#27;[39m Waiting up to 10000 ms for condition
[debug] &amp#27;[35m[WD Proxy]&amp#27;[39m Matched '/element' to command name 'findElement'
[debug] &amp#27;[35m[WD Proxy]&amp#27;[39m Proxying [POST /element] to [POST http://127.0.0.1:8200/wd/hub/session/8582de1f-8fb1-4708-8895-904f2d29d777/element] with body: {"strategy":"id","selector":"android:id/text1","context":"","multiple":false}
[debug] &amp#27;[35m[WD Proxy]&amp#27;[39m Got response with status 200: {"sessionId":"8582de1f-8fb1-4708-8895-904f2d29d777","value":{"ELEMENT":"19c21595-9c42-4725-a2ad-a5b077f7205d","element-6066-11e4-a52e-4f735466cecf":"19c21595-9c42-4725-a2ad-a5b077f7205d"}}
[debug] &amp#27;[35m[W3C (cc4dea95)]&amp#27;[39m Responding to client with driver.findElement() result: {"element-6066-11e4-a52e-4f735466cecf":"19c21595-9c42-4725-a2ad-a5b077f7205d","ELEMENT":"19c21595-9c42-4725-a2ad-a5b077f7205d"}
&amp#27;[35m[HTTP]&amp#27;[39m &amp#27;[37m<-- POST /wd/hub/session/cc4dea95-e24a-4b14-8f57-c295b1492f40/element &amp#27;[39m&amp#27;[32m200&amp#27;[39m &amp#27;[90m546 ms - 137&amp#27;[39m
&amp#27;[35m[HTTP]&amp#27;[39m &amp#27;[90m&amp#27;[39m
&amp#27;[35m[HTTP]&amp#27;[39m &amp#27;[37m-->&amp#27;[39m &amp#27;[37mPOST&amp#27;[39m &amp#27;[37m/wd/hub/session/cc4dea95-e24a-4b14-8f57-c295b1492f40/element/19c21595-9c42-4725-a2ad-a5b077f7205d/click&amp#27;[39m
&amp#27;[35m[HTTP]&amp#27;[39m &amp#27;[90m{"id":"19c21595-9c42-4725-a2ad-a5b077f7205d"}&amp#27;[39m
[debug] &amp#27;[35m[W3C (cc4dea95)]&amp#27;[39m Calling AppiumDriver.click() with args: ["19c21595-9c42-4725-a2ad-a5b077f7205d","cc4dea95-e24a-4b14-8f57-c295b1492f40"]
[debug] &amp#27;[35m[WD Proxy]&amp#27;[39m Matched '/element/19c21595-9c42-4725-a2ad-a5b077f7205d/click' to command name 'click'
[debug] &amp#27;[35m[WD Proxy]&amp#27;[39m Proxying [POST /element/19c21595-9c42-4725-a2ad-a5b077f7205d/click] to [POST http://127.0.0.1:8200/wd/hub/session/8582de1f-8fb1-4708-8895-904f2d29d777/element/19c21595-9c42-4725-a2ad-a5b077f7205d/click] with body: {"element":"19c21595-9c42-4725-a2ad-a5b077f7205d"}
[debug] &amp#27;[35m[WD Proxy]&amp#27;[39m Got response with status 200: {"sessionId":"8582de1f-8fb1-4708-8895-904f2d29d777","value":null}
[debug] &amp#27;[35m[W3C (cc4dea95)]&amp#27;[39m Responding to client with driver.click() result: null
&amp#27;[35m[HTTP]&amp#27;[39m &amp#27;[37m<-- POST /wd/hub/session/cc4dea95-e24a-4b14-8f57-c295b1492f40/element/19c21595-9c42-4725-a2ad-a5b077f7205d/click &amp#27;[39m&amp#27;[32m200&amp#27;[39m &amp#27;[90m45 ms - 14&amp#27;[39m
&amp#27;[35m[HTTP]&amp#27;[39m &amp#27;[90m&amp#27;[39m
&amp#27;[35m[HTTP]&amp#27;[39m &amp#27;[37m-->&amp#27;[39m &amp#27;[37mPOST&amp#27;[39m &amp#27;[37m/wd/hub/session/cc4dea95-e24a-4b14-8f57-c295b1492f40/elements&amp#27;[39m
&amp#27;[35m[HTTP]&amp#27;[39m &amp#27;[90m{"using":"-android uiautomator","value":"new UiScrollable(new UiSelector()).scrollIntoView(text(\"Argentina\"));"}&amp#27;[39m
[debug] &amp#27;[35m[W3C (cc4dea95)]&amp#27;[39m Calling AppiumDriver.findElements() with args: ["-android uiautomator","new UiScrollable(new UiSelector()).scrollIntoView(text(\"Argentina\"));","cc4dea95-e24a-4b14-8f57-c295b1492f40"]
[debug] &amp#27;[35m[BaseDriver]&amp#27;[39m Valid locator strategies for this request: xpath, id, class name, accessibility id, css selector, -android uiautomator
[debug] &amp#27;[35m[BaseDriver]&amp#27;[39m Waiting up to 10000 ms for condition
[debug] &amp#27;[35m[WD Proxy]&amp#27;[39m Matched '/elements' to command name 'findElements'
[debug] &amp#27;[35m[WD Proxy]&amp#27;[39m Proxying [POST /elements] to [POST http://127.0.0.1:8200/wd/hub/session/8582de1f-8fb1-4708-8895-904f2d29d777/elements] with body: {"strategy":"-android uiautomator","selector":"new UiScrollable(new UiSelector()).scrollIntoView(text(\"Argentina\"));","context":"","multiple":true}
[debug] &amp#27;[35m[WD Proxy]&amp#27;[39m Got response with status 200: {"sessionId":"8582de1f-8fb1-4708-8895-904f2d29d777","value":[{"ELEMENT":"8995f0cc-e605-4759-a6ba-295255c135fe","element-6066-11e4-a52e-4f735466cecf":"8995f0cc-e605-4759-a6ba-295255c135fe"}]}
[debug] &amp#27;[35m[W3C (cc4dea95)]&amp#27;[39m Responding to client with driver.findElements() result: [{"element-6066-11e4-a52e-4f735466cecf":"8995f0cc-e605-4759-a6ba-295255c135fe","ELEMENT":"8995f0cc-e605-4759-a6ba-295255c135fe"}]
&amp#27;[35m[HTTP]&amp#27;[39m &amp#27;[37m<-- POST /wd/hub/session/cc4dea95-e24a-4b14-8f57-c295b1492f40/elements &amp#27;[39m&amp#27;[32m200&amp#27;[39m &amp#27;[90m4946 ms - 139&amp#27;[39m
&amp#27;[35m[HTTP]&amp#27;[39m &amp#27;[90m&amp#27;[39m
&amp#27;[35m[HTTP]&amp#27;[39m &amp#27;[37m-->&amp#27;[39m &amp#27;[37mPOST&amp#27;[39m &amp#27;[37m/wd/hub/session/cc4dea95-e24a-4b14-8f57-c295b1492f40/element&amp#27;[39m
&amp#27;[35m[HTTP]&amp#27;[39m &amp#27;[90m{"using":"xpath","value":"//*[@text='Argentina']"}&amp#27;[39m
[debug] &amp#27;[35m[W3C (cc4dea95)]&amp#27;[39m Calling AppiumDriver.findElement() with args: ["xpath","//*[@text='Argentina']","cc4dea95-e24a-4b14-8f57-c295b1492f40"]
[debug] &amp#27;[35m[BaseDriver]&amp#27;[39m Valid locator strategies for this request: xpath, id, class name, accessibility id, css selector, -android uiautomator
[debug] &amp#27;[35m[BaseDriver]&amp#27;[39m Waiting up to 10000 ms for condition
[debug] &amp#27;[35m[WD Proxy]&amp#27;[39m Matched '/element' to command name 'findElement'
[debug] &amp#27;[35m[WD Proxy]&amp#27;[39m Proxying [POST /element] to [POST http://127.0.0.1:8200/wd/hub/session/8582de1f-8fb1-4708-8895-904f2d29d777/element] with body: {"strategy":"xpath","selector":"//*[@text='Argentina']","context":"","multiple":false}
[debug] &amp#27;[35m[WD Proxy]&amp#27;[39m Got response with status 200: {"sessionId":"8582de1f-8fb1-4708-8895-904f2d29d777","value":{"ELEMENT":"00633389-843b-4597-a0bd-23e9aa3a36bb","element-6066-11e4-a52e-4f735466cecf":"00633389-843b-4597-a0bd-23e9aa3a36bb"}}
[debug] &amp#27;[35m[W3C (cc4dea95)]&amp#27;[39m Responding to client with driver.findElement() result: {"element-6066-11e4-a52e-4f735466cecf":"00633389-843b-4597-a0bd-23e9aa3a36bb","ELEMENT":"00633389-843b-4597-a0bd-23e9aa3a36bb"}
&amp#27;[35m[HTTP]&amp#27;[39m &amp#27;[37m<-- POST /wd/hub/session/cc4dea95-e24a-4b14-8f57-c295b1492f40/element &amp#27;[39m&amp#27;[32m200&amp#27;[39m &amp#27;[90m70 ms - 137&amp#27;[39m
&amp#27;[35m[HTTP]&amp#27;[39m &amp#27;[90m&amp#27;[39m
&amp#27;[35m[HTTP]&amp#27;[39m &amp#27;[37m-->&amp#27;[39m &amp#27;[37mPOST&amp#27;[39m &amp#27;[37m/wd/hub/session/cc4dea95-e24a-4b14-8f57-c295b1492f40/element/00633389-843b-4597-a0bd-23e9aa3a36bb/click&amp#27;[39m
&amp#27;[35m[HTTP]&amp#27;[39m &amp#27;[90m{"id":"00633389-843b-4597-a0bd-23e9aa3a36bb"}&amp#27;[39m
[debug] &amp#27;[35m[W3C (cc4dea95)]&amp#27;[39m Calling AppiumDriver.click() with args: ["00633389-843b-4597-a0bd-23e9aa3a36bb","cc4dea95-e24a-4b14-8f57-c295b1492f40"]
[debug] &amp#27;[35m[WD Proxy]&amp#27;[39m Matched '/element/00633389-843b-4597-a0bd-23e9aa3a36bb/click' to command name 'click'
[debug] &amp#27;[35m[WD Proxy]&amp#27;[39m Proxying [POST /element/00633389-843b-4597-a0bd-23e9aa3a36bb/click] to [POST http://127.0.0.1:8200/wd/hub/session/8582de1f-8fb1-4708-8895-904f2d29d777/element/00633389-843b-4597-a0bd-23e9aa3a36bb/click] with body: {"element":"00633389-843b-4597-a0bd-23e9aa3a36bb"}
[debug] &amp#27;[35m[WD Proxy]&amp#27;[39m Got response with status 200: {"sessionId":"8582de1f-8fb1-4708-8895-904f2d29d777","value":null}
[debug] &amp#27;[35m[W3C (cc4dea95)]&amp#27;[39m Responding to client with driver.click() result: null
&amp#27;[35m[HTTP]&amp#27;[39m &amp#27;[37m<-- POST /wd/hub/session/cc4dea95-e24a-4b14-8f57-c295b1492f40/element/00633389-843b-4597-a0bd-23e9aa3a36bb/click &amp#27;[39m&amp#27;[32m200&amp#27;[39m &amp#27;[90m745 ms - 14&amp#27;[39m
&amp#27;[35m[HTTP]&amp#27;[39m &amp#27;[90m&amp#27;[39m
&amp#27;[35m[HTTP]&amp#27;[39m &amp#27;[37m-->&amp#27;[39m &amp#27;[37mPOST&amp#27;[39m &amp#27;[37m/wd/hub/session/cc4dea95-e24a-4b14-8f57-c295b1492f40/element&amp#27;[39m
&amp#27;[35m[HTTP]&amp#27;[39m &amp#27;[90m{"using":"id","value":"com.androidsample.generalstore:id/btnLetsShop"}&amp#27;[39m
[debug] &amp#27;[35m[W3C (cc4dea95)]&amp#27;[39m Calling AppiumDriver.findElement() with args: ["id","com.androidsample.generalstore:id/btnLetsShop","cc4dea95-e24a-4b14-8f57-c295b1492f40"]
[debug] &amp#27;[35m[BaseDriver]&amp#27;[39m Valid locator strategies for this request: xpath, id, class name, accessibility id, css selector, -android uiautomator
[debug] &amp#27;[35m[BaseDriver]&amp#27;[39m Waiting up to 10000 ms for condition
[debug] &amp#27;[35m[WD Proxy]&amp#27;[39m Matched '/element' to command name 'findElement'
[debug] &amp#27;[35m[WD Proxy]&amp#27;[39m Proxying [POST /element] to [POST http://127.0.0.1:8200/wd/hub/session/8582de1f-8fb1-4708-8895-904f2d29d777/element] with body: {"strategy":"id","selector":"com.androidsample.generalstore:id/btnLetsShop","context":"","multiple":false}
[debug] &amp#27;[35m[WD Proxy]&amp#27;[39m Got response with status 200: {"sessionId":"8582de1f-8fb1-4708-8895-904f2d29d777","value":{"ELEMENT":"a99d2921-4ba5-4f7d-a524-1a77ffa09445","element-6066-11e4-a52e-4f735466cecf":"a99d2921-4ba5-4f7d-a524-1a77ffa09445"}}
[debug] &amp#27;[35m[W3C (cc4dea95)]&amp#27;[39m Responding to client with driver.findElement() result: {"element-6066-11e4-a52e-4f735466cecf":"a99d2921-4ba5-4f7d-a524-1a77ffa09445","ELEMENT":"a99d2921-4ba5-4f7d-a524-1a77ffa09445"}
&amp#27;[35m[HTTP]&amp#27;[39m &amp#27;[37m<-- POST /wd/hub/session/cc4dea95-e24a-4b14-8f57-c295b1492f40/element &amp#27;[39m&amp#27;[32m200&amp#27;[39m &amp#27;[90m49 ms - 137&amp#27;[39m
&amp#27;[35m[HTTP]&amp#27;[39m &amp#27;[90m&amp#27;[39m
&amp#27;[35m[HTTP]&amp#27;[39m &amp#27;[37m-->&amp#27;[39m &amp#27;[37mPOST&amp#27;[39m &amp#27;[37m/wd/hub/session/cc4dea95-e24a-4b14-8f57-c295b1492f40/element/a99d2921-4ba5-4f7d-a524-1a77ffa09445/click&amp#27;[39m
&amp#27;[35m[HTTP]&amp#27;[39m &amp#27;[90m{"id":"a99d2921-4ba5-4f7d-a524-1a77ffa09445"}&amp#27;[39m
[debug] &amp#27;[35m[W3C (cc4dea95)]&amp#27;[39m Calling AppiumDriver.click() with args: ["a99d2921-4ba5-4f7d-a524-1a77ffa09445","cc4dea95-e24a-4b14-8f57-c295b1492f40"]
[debug] &amp#27;[35m[WD Proxy]&amp#27;[39m Matched '/element/a99d2921-4ba5-4f7d-a524-1a77ffa09445/click' to command name 'click'
[debug] &amp#27;[35m[WD Proxy]&amp#27;[39m Proxying [POST /element/a99d2921-4ba5-4f7d-a524-1a77ffa09445/click] to [POST http://127.0.0.1:8200/wd/hub/session/8582de1f-8fb1-4708-8895-904f2d29d777/element/a99d2921-4ba5-4f7d-a524-1a77ffa09445/click] with body: {"element":"a99d2921-4ba5-4f7d-a524-1a77ffa09445"}
[debug] &amp#27;[35m[WD Proxy]&amp#27;[39m Got response with status 200: {"sessionId":"8582de1f-8fb1-4708-8895-904f2d29d777","value":null}
[debug] &amp#27;[35m[W3C (cc4dea95)]&amp#27;[39m Responding to client with driver.click() result: null
&amp#27;[35m[HTTP]&amp#27;[39m &amp#27;[37m<-- POST /wd/hub/session/cc4dea95-e24a-4b14-8f57-c295b1492f40/element/a99d2921-4ba5-4f7d-a524-1a77ffa09445/click &amp#27;[39m&amp#27;[32m200&amp#27;[39m &amp#27;[90m31 ms - 14&amp#27;[39m
&amp#27;[35m[HTTP]&amp#27;[39m &amp#27;[90m&amp#27;[39m
&amp#27;[35m[HTTP]&amp#27;[39m &amp#27;[37m-->&amp#27;[39m &amp#27;[37mPOST&amp#27;[39m &amp#27;[37m/wd/hub/session/cc4dea95-e24a-4b14-8f57-c295b1492f40/elements&amp#27;[39m
&amp#27;[35m[HTTP]&amp#27;[39m &amp#27;[90m{"using":"xpath","value":"//*[@text='ADD TO CART']"}&amp#27;[39m
[debug] &amp#27;[35m[W3C (cc4dea95)]&amp#27;[39m Calling AppiumDriver.findElements() with args: ["xpath","//*[@text='ADD TO CART']","cc4dea95-e24a-4b14-8f57-c295b1492f40"]
[debug] &amp#27;[35m[BaseDriver]&amp#27;[39m Valid locator strategies for this request: xpath, id, class name, accessibility id, css selector, -android uiautomator
[debug] &amp#27;[35m[BaseDriver]&amp#27;[39m Waiting up to 10000 ms for condition
[debug] &amp#27;[35m[WD Proxy]&amp#27;[39m Matched '/elements' to command name 'findElements'
[debug] &amp#27;[35m[WD Proxy]&amp#27;[39m Proxying [POST /elements] to [POST http://127.0.0.1:8200/wd/hub/session/8582de1f-8fb1-4708-8895-904f2d29d777/elements] with body: {"strategy":"xpath","selector":"//*[@text='ADD TO CART']","context":"","multiple":true}
[debug] &amp#27;[35m[WD Proxy]&amp#27;[39m Got response with status 200: {"sessionId":"8582de1f-8fb1-4708-8895-904f2d29d777","value":[]}
[debug] &amp#27;[35m[BaseDriver]&amp#27;[39m Waited for 110 ms so far
[debug] &amp#27;[35m[WD Proxy]&amp#27;[39m Matched '/elements' to command name 'findElements'
[debug] &amp#27;[35m[WD Proxy]&amp#27;[39m Proxying [POST /elements] to [POST http://127.0.0.1:8200/wd/hub/session/8582de1f-8fb1-4708-8895-904f2d29d777/elements] with body: {"strategy":"xpath","selector":"//*[@text='ADD TO CART']","context":"","multiple":true}
[debug] &amp#27;[35m[WD Proxy]&amp#27;[39m Got response with status 200: {"sessionId":"8582de1f-8fb1-4708-8895-904f2d29d777","value":[{"ELEMENT":"a603ef14-157d-47d9-84a2-916b842e9774","element-6066-11e4-a52e-4f735466cecf":"a603ef14-157d-47d9-84a2-916b842e9774"},{"ELEMENT":"94119b93-6b87-405d-aa83-0e818a9f5ca9","element-6066-11e4-a52e-4f735466cecf":"94119b93-6b87-405d-aa83-0e818a9f5ca9"}]}
[debug] &amp#27;[35m[W3C (cc4dea95)]&amp#27;[39m Responding to client with driver.findElements() result: [{"element-6066-11e4-a52e-4f735466cecf":"a603ef14-157d-47d9-84a2-916b842e9774","ELEMENT":"a603ef14-157d-47d9-84a2-916b842e9774"},{"element-6066-11e4-a52e-4f735466cecf":"94119b93-6b87-405d-aa83-0e818a9f5ca9","ELEMENT":"94119b93-6b87-405d-aa83-0e818a9f5ca9"}]
&amp#27;[35m[HTTP]&amp#27;[39m &amp#27;[37m<-- POST /wd/hub/session/cc4dea95-e24a-4b14-8f57-c295b1492f40/elements &amp#27;[39m&amp#27;[32m200&amp#27;[39m &amp#27;[90m2027 ms - 267&amp#27;[39m
&amp#27;[35m[HTTP]&amp#27;[39m &amp#27;[90m&amp#27;[39m
&amp#27;[35m[HTTP]&amp#27;[39m &amp#27;[37m-->&amp#27;[39m &amp#27;[37mPOST&amp#27;[39m &amp#27;[37m/wd/hub/session/cc4dea95-e24a-4b14-8f57-c295b1492f40/element/a603ef14-157d-47d9-84a2-916b842e9774/click&amp#27;[39m
&amp#27;[35m[HTTP]&amp#27;[39m &amp#27;[90m{"id":"a603ef14-157d-47d9-84a2-916b842e9774"}&amp#27;[39m
[debug] &amp#27;[35m[W3C (cc4dea95)]&amp#27;[39m Calling AppiumDriver.click() with args: ["a603ef14-157d-47d9-84a2-916b842e9774","cc4dea95-e24a-4b14-8f57-c295b1492f40"]
[debug] &amp#27;[35m[WD Proxy]&amp#27;[39m Matched '/element/a603ef14-157d-47d9-84a2-916b842e9774/click' to command name 'click'
[debug] &amp#27;[35m[WD Proxy]&amp#27;[39m Proxying [POST /element/a603ef14-157d-47d9-84a2-916b842e9774/click] to [POST http://127.0.0.1:8200/wd/hub/session/8582de1f-8fb1-4708-8895-904f2d29d777/element/a603ef14-157d-47d9-84a2-916b842e9774/click] with body: {"element":"a603ef14-157d-47d9-84a2-916b842e9774"}
[debug] &amp#27;[35m[WD Proxy]&amp#27;[39m Got response with status 200: {"sessionId":"8582de1f-8fb1-4708-8895-904f2d29d777","value":null}
[debug] &amp#27;[35m[W3C (cc4dea95)]&amp#27;[39m Responding to client with driver.click() result: null
&amp#27;[35m[HTTP]&amp#27;[39m &amp#27;[37m<-- POST /wd/hub/session/cc4dea95-e24a-4b14-8f57-c295b1492f40/element/a603ef14-157d-47d9-84a2-916b842e9774/click &amp#27;[39m&amp#27;[32m200&amp#27;[39m &amp#27;[90m28 ms - 14&amp#27;[39m
&amp#27;[35m[HTTP]&amp#27;[39m &amp#27;[90m&amp#27;[39m
&amp#27;[35m[HTTP]&amp#27;[39m &amp#27;[37m-->&amp#27;[39m &amp#27;[37mPOST&amp#27;[39m &amp#27;[37m/wd/hub/session/cc4dea95-e24a-4b14-8f57-c295b1492f40/elements&amp#27;[39m
&amp#27;[35m[HTTP]&amp#27;[39m &amp#27;[90m{"using":"xpath","value":"//*[@text='ADD TO CART']"}&amp#27;[39m
[debug] &amp#27;[35m[W3C (cc4dea95)]&amp#27;[39m Calling AppiumDriver.findElements() with args: ["xpath","//*[@text='ADD TO CART']","cc4dea95-e24a-4b14-8f57-c295b1492f40"]
[debug] &amp#27;[35m[BaseDriver]&amp#27;[39m Valid locator strategies for this request: xpath, id, class name, accessibility id, css selector, -android uiautomator
[debug] &amp#27;[35m[BaseDriver]&amp#27;[39m Waiting up to 10000 ms for condition
[debug] &amp#27;[35m[WD Proxy]&amp#27;[39m Matched '/elements' to command name 'findElements'
[debug] &amp#27;[35m[WD Proxy]&amp#27;[39m Proxying [POST /elements] to [POST http://127.0.0.1:8200/wd/hub/session/8582de1f-8fb1-4708-8895-904f2d29d777/elements] with body: {"strategy":"xpath","selector":"//*[@text='ADD TO CART']","context":"","multiple":true}
[debug] &amp#27;[35m[WD Proxy]&amp#27;[39m Got response with status 200: {"sessionId":"8582de1f-8fb1-4708-8895-904f2d29d777","value":[{"ELEMENT":"94119b93-6b87-405d-aa83-0e818a9f5ca9","element-6066-11e4-a52e-4f735466cecf":"94119b93-6b87-405d-aa83-0e818a9f5ca9"}]}
[debug] &amp#27;[35m[W3C (cc4dea95)]&amp#27;[39m Responding to client with driver.findElements() result: [{"element-6066-11e4-a52e-4f735466cecf":"94119b93-6b87-405d-aa83-0e818a9f5ca9","ELEMENT":"94119b93-6b87-405d-aa83-0e818a9f5ca9"}]
&amp#27;[35m[HTTP]&amp#27;[39m &amp#27;[37m<-- POST /wd/hub/session/cc4dea95-e24a-4b14-8f57-c295b1492f40/elements &amp#27;[39m&amp#27;[32m200&amp#27;[39m &amp#27;[90m699 ms - 139&amp#27;[39m
&amp#27;[35m[HTTP]&amp#27;[39m &amp#27;[90m&amp#27;[39m
&amp#27;[35m[HTTP]&amp#27;[39m &amp#27;[37m-->&amp#27;[39m &amp#27;[37mPOST&amp#27;[39m &amp#27;[37m/wd/hub/session/cc4dea95-e24a-4b14-8f57-c295b1492f40/element/94119b93-6b87-405d-aa83-0e818a9f5ca9/click&amp#27;[39m
&amp#27;[35m[HTTP]&amp#27;[39m &amp#27;[90m{"id":"94119b93-6b87-405d-aa83-0e818a9f5ca9"}&amp#27;[39m
[debug] &amp#27;[35m[W3C (cc4dea95)]&amp#27;[39m Calling AppiumDriver.click() with args: ["94119b93-6b87-405d-aa83-0e818a9f5ca9","cc4dea95-e24a-4b14-8f57-c295b1492f40"]
[debug] &amp#27;[35m[WD Proxy]&amp#27;[39m Matched '/element/94119b93-6b87-405d-aa83-0e818a9f5ca9/click' to command name 'click'
[debug] &amp#27;[35m[WD Proxy]&amp#27;[39m Proxying [POST /element/94119b93-6b87-405d-aa83-0e818a9f5ca9/click] to [POST http://127.0.0.1:8200/wd/hub/session/8582de1f-8fb1-4708-8895-904f2d29d777/element/94119b93-6b87-405d-aa83-0e818a9f5ca9/click] with body: {"element":"94119b93-6b87-405d-aa83-0e818a9f5ca9"}
[debug] &amp#27;[35m[WD Proxy]&amp#27;[39m Got response with status 200: {"sessionId":"8582de1f-8fb1-4708-8895-904f2d29d777","value":null}
[debug] &amp#27;[35m[W3C (cc4dea95)]&amp#27;[39m Responding to client with driver.click() result: null
&amp#27;[35m[HTTP]&amp#27;[39m &amp#27;[37m<-- POST /wd/hub/session/cc4dea95-e24a-4b14-8f57-c295b1492f40/element/94119b93-6b87-405d-aa83-0e818a9f5ca9/click &amp#27;[39m&amp#27;[32m200&amp#27;[39m &amp#27;[90m27 ms - 14&amp#27;[39m
&amp#27;[35m[HTTP]&amp#27;[39m &amp#27;[90m&amp#27;[39m
&amp#27;[35m[HTTP]&amp#27;[39m &amp#27;[37m-->&amp#27;[39m &amp#27;[37mPOST&amp#27;[39m &amp#27;[37m/wd/hub/session/cc4dea95-e24a-4b14-8f57-c295b1492f40/element&amp#27;[39m
&amp#27;[35m[HTTP]&amp#27;[39m &amp#27;[90m{"using":"id","value":"com.androidsample.generalstore:id/appbar_btn_cart"}&amp#27;[39m
[debug] &amp#27;[35m[W3C (cc4dea95)]&amp#27;[39m Calling AppiumDriver.findElement() with args: ["id","com.androidsample.generalstore:id/appbar_btn_cart","cc4dea95-e24a-4b14-8f57-c295b1492f40"]
[debug] &amp#27;[35m[BaseDriver]&amp#27;[39m Valid locator strategies for this request: xpath, id, class name, accessibility id, css selector, -android uiautomator
[debug] &amp#27;[35m[BaseDriver]&amp#27;[39m Waiting up to 10000 ms for condition
[debug] &amp#27;[35m[WD Proxy]&amp#27;[39m Matched '/element' to command name 'findElement'
[debug] &amp#27;[35m[WD Proxy]&amp#27;[39m Proxying [POST /element] to [POST http://127.0.0.1:8200/wd/hub/session/8582de1f-8fb1-4708-8895-904f2d29d777/element] with body: {"strategy":"id","selector":"com.androidsample.generalstore:id/appbar_btn_cart","context":"","multiple":false}
[debug] &amp#27;[35m[WD Proxy]&amp#27;[39m Got response with status 200: {"sessionId":"8582de1f-8fb1-4708-8895-904f2d29d777","value":{"ELEMENT":"453ebcba-13ad-4ac4-8b9b-e416fe801f20","element-6066-11e4-a52e-4f735466cecf":"453ebcba-13ad-4ac4-8b9b-e416fe801f20"}}
[debug] &amp#27;[35m[W3C (cc4dea95)]&amp#27;[39m Responding to client with driver.findElement() result: {"element-6066-11e4-a52e-4f735466cecf":"453ebcba-13ad-4ac4-8b9b-e416fe801f20","ELEMENT":"453ebcba-13ad-4ac4-8b9b-e416fe801f20"}
&amp#27;[35m[HTTP]&amp#27;[39m &amp#27;[37m<-- POST /wd/hub/session/cc4dea95-e24a-4b14-8f57-c295b1492f40/element &amp#27;[39m&amp#27;[32m200&amp#27;[39m &amp#27;[90m528 ms - 137&amp#27;[39m
&amp#27;[35m[HTTP]&amp#27;[39m &amp#27;[90m&amp#27;[39m
&amp#27;[35m[HTTP]&amp#27;[39m &amp#27;[37m-->&amp#27;[39m &amp#27;[37mPOST&amp#27;[39m &amp#27;[37m/wd/hub/session/cc4dea95-e24a-4b14-8f57-c295b1492f40/element/453ebcba-13ad-4ac4-8b9b-e416fe801f20/click&amp#27;[39m
&amp#27;[35m[HTTP]&amp#27;[39m &amp#27;[90m{"id":"453ebcba-13ad-4ac4-8b9b-e416fe801f20"}&amp#27;[39m
[debug] &amp#27;[35m[W3C (cc4dea95)]&amp#27;[39m Calling AppiumDriver.click() with args: ["453ebcba-13ad-4ac4-8b9b-e416fe801f20","cc4dea95-e24a-4b14-8f57-c295b1492f40"]
[debug] &amp#27;[35m[WD Proxy]&amp#27;[39m Matched '/element/453ebcba-13ad-4ac4-8b9b-e416fe801f20/click' to command name 'click'
[debug] &amp#27;[35m[WD Proxy]&amp#27;[39m Proxying [POST /element/453ebcba-13ad-4ac4-8b9b-e416fe801f20/click] to [POST http://127.0.0.1:8200/wd/hub/session/8582de1f-8fb1-4708-8895-904f2d29d777/element/453ebcba-13ad-4ac4-8b9b-e416fe801f20/click] with body: {"element":"453ebcba-13ad-4ac4-8b9b-e416fe801f20"}
[debug] &amp#27;[35m[WD Proxy]&amp#27;[39m Got response with status 200: {"sessionId":"8582de1f-8fb1-4708-8895-904f2d29d777","value":null}
[debug] &amp#27;[35m[W3C (cc4dea95)]&amp#27;[39m Responding to client with driver.click() result: null
&amp#27;[35m[HTTP]&amp#27;[39m &amp#27;[37m<-- POST /wd/hub/session/cc4dea95-e24a-4b14-8f57-c295b1492f40/element/453ebcba-13ad-4ac4-8b9b-e416fe801f20/click &amp#27;[39m&amp#27;[32m200&amp#27;[39m &amp#27;[90m22 ms - 14&amp#27;[39m
&amp#27;[35m[HTTP]&amp#27;[39m &amp#27;[90m&amp#27;[39m
&amp#27;[35m[HTTP]&amp#27;[39m &amp#27;[37m-->&amp#27;[39m &amp#27;[37mPOST&amp#27;[39m &amp#27;[37m/wd/hub/session/cc4dea95-e24a-4b14-8f57-c295b1492f40/elements&amp#27;[39m
&amp#27;[35m[HTTP]&amp#27;[39m &amp#27;[90m{"using":"id","value":"com.androidsample.generalstore:id/productPrice"}&amp#27;[39m
[debug] &amp#27;[35m[W3C (cc4dea95)]&amp#27;[39m Calling AppiumDriver.findElements() with args: ["id","com.androidsample.generalstore:id/productPrice","cc4dea95-e24a-4b14-8f57-c295b1492f40"]
[debug] &amp#27;[35m[BaseDriver]&amp#27;[39m Valid locator strategies for this request: xpath, id, class name, accessibility id, css selector, -android uiautomator
[debug] &amp#27;[35m[BaseDriver]&amp#27;[39m Waiting up to 10000 ms for condition
[debug] &amp#27;[35m[WD Proxy]&amp#27;[39m Matched '/elements' to command name 'findElements'
[debug] &amp#27;[35m[WD Proxy]&amp#27;[39m Proxying [POST /elements] to [POST http://127.0.0.1:8200/wd/hub/session/8582de1f-8fb1-4708-8895-904f2d29d777/elements] with body: {"strategy":"id","selector":"com.androidsample.generalstore:id/productPrice","context":"","multiple":true}
[debug] &amp#27;[35m[WD Proxy]&amp#27;[39m Got response with status 200: {"sessionId":"8582de1f-8fb1-4708-8895-904f2d29d777","value":[{"ELEMENT":"241cb084-9778-4f9d-8796-df451ba94e08","element-6066-11e4-a52e-4f735466cecf":"241cb084-9778-4f9d-8796-df451ba94e08"},{"ELEMENT":"c5f9cc31-3864-4a89-ad39-1d5966e5da29","element-6066-11e4-a52e-4f735466cecf":"c5f9cc31-3864-4a89-ad39-1d5966e5da29"}]}
[debug] &amp#27;[35m[W3C (cc4dea95)]&amp#27;[39m Responding to client with driver.findElements() result: [{"element-6066-11e4-a52e-4f735466cecf":"241cb084-9778-4f9d-8796-df451ba94e08","ELEMENT":"241cb084-9778-4f9d-8796-df451ba94e08"},{"element-6066-11e4-a52e-4f735466cecf":"c5f9cc31-3864-4a89-ad39-1d5966e5da29","ELEMENT":"c5f9cc31-3864-4a89-ad39-1d5966e5da29"}]
&amp#27;[35m[HTTP]&amp#27;[39m &amp#27;[37m<-- POST /wd/hub/session/cc4dea95-e24a-4b14-8f57-c295b1492f40/elements &amp#27;[39m&amp#27;[32m200&amp#27;[39m &amp#27;[90m95 ms - 267&amp#27;[39m
&amp#27;[35m[HTTP]&amp#27;[39m &amp#27;[90m&amp#27;[39m
&amp#27;[35m[HTTP]&amp#27;[39m &amp#27;[37m-->&amp#27;[39m &amp#27;[37mGET&amp#27;[39m &amp#27;[37m/wd/hub/session/cc4dea95-e24a-4b14-8f57-c295b1492f40/context&amp#27;[39m
&amp#27;[35m[HTTP]&amp#27;[39m &amp#27;[90m{}&amp#27;[39m
[debug] &amp#27;[35m[W3C (cc4dea95)]&amp#27;[39m Calling AppiumDriver.getCurrentContext() with args: ["cc4dea95-e24a-4b14-8f57-c295b1492f40"]
[debug] &amp#27;[35m[W3C (cc4dea95)]&amp#27;[39m Responding to client with driver.getCurrentContext() result: "NATIVE_APP"
&amp#27;[35m[HTTP]&amp#27;[39m &amp#27;[37m<-- GET /wd/hub/session/cc4dea95-e24a-4b14-8f57-c295b1492f40/context &amp#27;[39m&amp#27;[32m200&amp#27;[39m &amp#27;[90m2 ms - 22&amp#27;[39m
&amp#27;[35m[HTTP]&amp#27;[39m &amp#27;[90m&amp#27;[39m
&amp#27;[35m[HTTP]&amp#27;[39m &amp#27;[37m-->&amp#27;[39m &amp#27;[37mPOST&amp#27;[39m &amp#27;[37m/wd/hub/session/cc4dea95-e24a-4b14-8f57-c295b1492f40/elements&amp#27;[39m
&amp#27;[35m[HTTP]&amp#27;[39m &amp#27;[90m{"using":"id","value":"com.androidsample.generalstore:id/productPrice"}&amp#27;[39m
[debug] &amp#27;[35m[W3C (cc4dea95)]&amp#27;[39m Calling AppiumDriver.findElements() with args: ["id","com.androidsample.generalstore:id/productPrice","cc4dea95-e24a-4b14-8f57-c295b1492f40"]
[debug] &amp#27;[35m[BaseDriver]&amp#27;[39m Valid locator strategies for this request: xpath, id, class name, accessibility id, css selector, -android uiautomator
[debug] &amp#27;[35m[BaseDriver]&amp#27;[39m Waiting up to 10000 ms for condition
[debug] &amp#27;[35m[WD Proxy]&amp#27;[39m Matched '/elements' to command name 'findElements'
[debug] &amp#27;[35m[WD Proxy]&amp#27;[39m Proxying [POST /elements] to [POST http://127.0.0.1:8200/wd/hub/session/8582de1f-8fb1-4708-8895-904f2d29d777/elements] with body: {"strategy":"id","selector":"com.androidsample.generalstore:id/productPrice","context":"","multiple":true}
[debug] &amp#27;[35m[WD Proxy]&amp#27;[39m Got response with status 200: {"sessionId":"8582de1f-8fb1-4708-8895-904f2d29d777","value":[{"ELEMENT":"241cb084-9778-4f9d-8796-df451ba94e08","element-6066-11e4-a52e-4f735466cecf":"241cb084-9778-4f9d-8796-df451ba94e08"},{"ELEMENT":"c5f9cc31-3864-4a89-ad39-1d5966e5da29","element-6066-11e4-a52e-4f735466cecf":"c5f9cc31-3864-4a89-ad39-1d5966e5da29"}]}
[debug] &amp#27;[35m[W3C (cc4dea95)]&amp#27;[39m Responding to client with driver.findElements() result: [{"element-6066-11e4-a52e-4f735466cecf":"241cb084-9778-4f9d-8796-df451ba94e08","ELEMENT":"241cb084-9778-4f9d-8796-df451ba94e08"},{"element-6066-11e4-a52e-4f735466cecf":"c5f9cc31-3864-4a89-ad39-1d5966e5da29","ELEMENT":"c5f9cc31-3864-4a89-ad39-1d5966e5da29"}]
&amp#27;[35m[HTTP]&amp#27;[39m &amp#27;[37m<-- POST /wd/hub/session/cc4dea95-e24a-4b14-8f57-c295b1492f40/elements &amp#27;[39m&amp#27;[32m200&amp#27;[39m &amp#27;[90m121 ms - 267&amp#27;[39m
&amp#27;[35m[HTTP]&amp#27;[39m &amp#27;[90m&amp#27;[39m
&amp#27;[35m[HTTP]&amp#27;[39m &amp#27;[37m-->&amp#27;[39m &amp#27;[37mGET&amp#27;[39m &amp#27;[37m/wd/hub/session/cc4dea95-e24a-4b14-8f57-c295b1492f40/element/241cb084-9778-4f9d-8796-df451ba94e08/text&amp#27;[39m
&amp#27;[35m[HTTP]&amp#27;[39m &amp#27;[90m{}&amp#27;[39m
&amp#27;[35m[W3C (cc4dea95)]&amp#27;[39m Driver proxy active, passing request on via HTTP proxy
[debug] &amp#27;[35m[WD Proxy]&amp#27;[39m Matched '/wd/hub/session/cc4dea95-e24a-4b14-8f57-c295b1492f40/element/241cb084-9778-4f9d-8796-df451ba94e08/text' to command name 'getText'
[debug] &amp#27;[35m[WD Proxy]&amp#27;[39m Proxying [GET /wd/hub/session/cc4dea95-e24a-4b14-8f57-c295b1492f40/element/241cb084-9778-4f9d-8796-df451ba94e08/text] to [GET http://127.0.0.1:8200/wd/hub/session/8582de1f-8fb1-4708-8895-904f2d29d777/element/241cb084-9778-4f9d-8796-df451ba94e08/text] with no body
[debug] &amp#27;[35m[WD Proxy]&amp#27;[39m Got response with status 200: {"sessionId":"8582de1f-8fb1-4708-8895-904f2d29d777","value":"$160.97"}
&amp#27;[35m[WD Proxy]&amp#27;[39m Replacing sessionId 8582de1f-8fb1-4708-8895-904f2d29d777 with cc4dea95-e24a-4b14-8f57-c295b1492f40
&amp#27;[35m[HTTP]&amp#27;[39m &amp#27;[37m<-- GET /wd/hub/session/cc4dea95-e24a-4b14-8f57-c295b1492f40/element/241cb084-9778-4f9d-8796-df451ba94e08/text &amp#27;[39m&amp#27;[32m200&amp#27;[39m &amp#27;[90m20 ms - 70&amp#27;[39m
&amp#27;[35m[HTTP]&amp#27;[39m &amp#27;[90m&amp#27;[39m
&amp#27;[35m[HTTP]&amp#27;[39m &amp#27;[37m-->&amp#27;[39m &amp#27;[37mGET&amp#27;[39m &amp#27;[37m/wd/hub/session/cc4dea95-e24a-4b14-8f57-c295b1492f40/context&amp#27;[39m
&amp#27;[35m[HTTP]&amp#27;[39m &amp#27;[90m{}&amp#27;[39m
[debug] &amp#27;[35m[W3C (cc4dea95)]&amp#27;[39m Calling AppiumDriver.getCurrentContext() with args: ["cc4dea95-e24a-4b14-8f57-c295b1492f40"]
[debug] &amp#27;[35m[W3C (cc4dea95)]&amp#27;[39m Responding to client with driver.getCurrentContext() result: "NATIVE_APP"
&amp#27;[35m[HTTP]&amp#27;[39m &amp#27;[37m<-- GET /wd/hub/session/cc4dea95-e24a-4b14-8f57-c295b1492f40/context &amp#27;[39m&amp#27;[32m200&amp#27;[39m &amp#27;[90m2 ms - 22&amp#27;[39m
&amp#27;[35m[HTTP]&amp#27;[39m &amp#27;[90m&amp#27;[39m
&amp#27;[35m[HTTP]&amp#27;[39m &amp#27;[37m-->&amp#27;[39m &amp#27;[37mPOST&amp#27;[39m &amp#27;[37m/wd/hub/session/cc4dea95-e24a-4b14-8f57-c295b1492f40/elements&amp#27;[39m
&amp#27;[35m[HTTP]&amp#27;[39m &amp#27;[90m{"using":"id","value":"com.androidsample.generalstore:id/productPrice"}&amp#27;[39m
[debug] &amp#27;[35m[W3C (cc4dea95)]&amp#27;[39m Calling AppiumDriver.findElements() with args: ["id","com.androidsample.generalstore:id/productPrice","cc4dea95-e24a-4b14-8f57-c295b1492f40"]
[debug] &amp#27;[35m[BaseDriver]&amp#27;[39m Valid locator strategies for this request: xpath, id, class name, accessibility id, css selector, -android uiautomator
[debug] &amp#27;[35m[BaseDriver]&amp#27;[39m Waiting up to 10000 ms for condition
[debug] &amp#27;[35m[WD Proxy]&amp#27;[39m Matched '/elements' to command name 'findElements'
[debug] &amp#27;[35m[WD Proxy]&amp#27;[39m Proxying [POST /elements] to [POST http://127.0.0.1:8200/wd/hub/session/8582de1f-8fb1-4708-8895-904f2d29d777/elements] with body: {"strategy":"id","selector":"com.androidsample.generalstore:id/productPrice","context":"","multiple":true}
[debug] &amp#27;[35m[WD Proxy]&amp#27;[39m Got response with status 200: {"sessionId":"8582de1f-8fb1-4708-8895-904f2d29d777","value":[{"ELEMENT":"241cb084-9778-4f9d-8796-df451ba94e08","element-6066-11e4-a52e-4f735466cecf":"241cb084-9778-4f9d-8796-df451ba94e08"},{"ELEMENT":"c5f9cc31-3864-4a89-ad39-1d5966e5da29","element-6066-11e4-a52e-4f735466cecf":"c5f9cc31-3864-4a89-ad39-1d5966e5da29"}]}
[debug] &amp#27;[35m[W3C (cc4dea95)]&amp#27;[39m Responding to client with driver.findElements() result: [{"element-6066-11e4-a52e-4f735466cecf":"241cb084-9778-4f9d-8796-df451ba94e08","ELEMENT":"241cb084-9778-4f9d-8796-df451ba94e08"},{"element-6066-11e4-a52e-4f735466cecf":"c5f9cc31-3864-4a89-ad39-1d5966e5da29","ELEMENT":"c5f9cc31-3864-4a89-ad39-1d5966e5da29"}]
&amp#27;[35m[HTTP]&amp#27;[39m &amp#27;[37m<-- POST /wd/hub/session/cc4dea95-e24a-4b14-8f57-c295b1492f40/elements &amp#27;[39m&amp#27;[32m200&amp#27;[39m &amp#27;[90m104 ms - 267&amp#27;[39m
&amp#27;[35m[HTTP]&amp#27;[39m &amp#27;[90m&amp#27;[39m
&amp#27;[35m[HTTP]&amp#27;[39m &amp#27;[37m-->&amp#27;[39m &amp#27;[37mGET&amp#27;[39m &amp#27;[37m/wd/hub/session/cc4dea95-e24a-4b14-8f57-c295b1492f40/element/c5f9cc31-3864-4a89-ad39-1d5966e5da29/text&amp#27;[39m
&amp#27;[35m[HTTP]&amp#27;[39m &amp#27;[90m{}&amp#27;[39m
&amp#27;[35m[W3C (cc4dea95)]&amp#27;[39m Driver proxy active, passing request on via HTTP proxy
[debug] &amp#27;[35m[WD Proxy]&amp#27;[39m Matched '/wd/hub/session/cc4dea95-e24a-4b14-8f57-c295b1492f40/element/c5f9cc31-3864-4a89-ad39-1d5966e5da29/text' to command name 'getText'
[debug] &amp#27;[35m[WD Proxy]&amp#27;[39m Proxying [GET /wd/hub/session/cc4dea95-e24a-4b14-8f57-c295b1492f40/element/c5f9cc31-3864-4a89-ad39-1d5966e5da29/text] to [GET http://127.0.0.1:8200/wd/hub/session/8582de1f-8fb1-4708-8895-904f2d29d777/element/c5f9cc31-3864-4a89-ad39-1d5966e5da29/text] with no body
[debug] &amp#27;[35m[WD Proxy]&amp#27;[39m Got response with status 200: {"sessionId":"8582de1f-8fb1-4708-8895-904f2d29d777","value":"$120.0"}
&amp#27;[35m[WD Proxy]&amp#27;[39m Replacing sessionId 8582de1f-8fb1-4708-8895-904f2d29d777 with cc4dea95-e24a-4b14-8f57-c295b1492f40
&amp#27;[35m[HTTP]&amp#27;[39m &amp#27;[37m<-- GET /wd/hub/session/cc4dea95-e24a-4b14-8f57-c295b1492f40/element/c5f9cc31-3864-4a89-ad39-1d5966e5da29/text &amp#27;[39m&amp#27;[32m200&amp#27;[39m &amp#27;[90m20 ms - 69&amp#27;[39m
[...]
&amp#27;[35m[HTTP]&amp#27;[39m &amp#27;[90m{"using":"xpath","value":"//android.widget.TextView[@text='3. Preference dependencies']"}&amp#27;[39m
[debug] &amp#27;[35m[W3C (e1cf8800)]&amp#27;[39m Calling AppiumDriver.findElement() with args: ["xpath","//android.widget.TextView[@text='3. Preference dependencies']","e1cf8800-ecb1-4b31-84ed-2afff89dee49"]
[debug] &amp#27;[35m[BaseDriver]&amp#27;[39m Valid locator strategies for this request: xpath, id, class name, accessibility id, css selector, -android uiautomator
[debug] &amp#27;[35m[BaseDriver]&amp#27;[39m Waiting up to 10000 ms for condition
[debug] &amp#27;[35m[WD Proxy]&amp#27;[39m Matched '/element' to command name 'findElement'
[debug] &amp#27;[35m[WD Proxy]&amp#27;[39m Proxying [POST /element] to [POST http://127.0.0.1:8200/wd/hub/session/1f2400e1-c47d-4d69-8722-d58a1215a1a3/element] with body: {"strategy":"xpath","selector":"//android.widget.TextView[@text='3. Preference dependencies']","context":"","multiple":false}
[debug] &amp#27;[35m[WD Proxy]&amp#27;[39m Got response with status 200: {"sessionId":"1f2400e1-c47d-4d69-8722-d58a1215a1a3","value":{"ELEMENT":"9dc082a5-61ef-4425-80f9-9f814bced434","element-6066-11e4-a52e-4f735466cecf":"9dc082a5-61ef-4425-80f9-9f814bced434"}}
[debug] &amp#27;[35m[W3C (e1cf8800)]&amp#27;[39m Responding to client with driver.findElement() result: {"element-6066-11e4-a52e-4f735466cecf":"9dc082a5-61ef-4425-80f9-9f814bced434","ELEMENT":"9dc082a5-61ef-4425-80f9-9f814bced434"}
&amp#27;[35m[HTTP]&amp#27;[39m &amp#27;[37m<-- POST /wd/hub/session/e1cf8800-ecb1-4b31-84ed-2afff89dee49/element &amp#27;[39m&amp#27;[32m200&amp#27;[39m &amp#27;[90m64 ms - 137&amp#27;[39m
&amp#27;[35m[HTTP]&amp#27;[39m &amp#27;[90m&amp#27;[39m
&amp#27;[35m[HTTP]&amp#27;[39m &amp#27;[37m-->&amp#27;[39m &amp#27;[37mPOST&amp#27;[39m &amp#27;[37m/wd/hub/session/e1cf8800-ecb1-4b31-84ed-2afff89dee49/element/9dc082a5-61ef-4425-80f9-9f814bced434/click&amp#27;[39m
&amp#27;[35m[HTTP]&amp#27;[39m &amp#27;[90m{"id":"9dc082a5-61ef-4425-80f9-9f814bced434"}&amp#27;[39m
[debug] &amp#27;[35m[W3C (e1cf8800)]&amp#27;[39m Calling AppiumDriver.click() with args: ["9dc082a5-61ef-4425-80f9-9f814bced434","e1cf8800-ecb1-4b31-84ed-2afff89dee49"]
[debug] &amp#27;[35m[WD Proxy]&amp#27;[39m Matched '/element/9dc082a5-61ef-4425-80f9-9f814bced434/click' to command name 'click'
[debug] &amp#27;[35m[WD Proxy]&amp#27;[39m Proxying [POST /element/9dc082a5-61ef-4425-80f9-9f814bced434/click] to [POST http://127.0.0.1:8200/wd/hub/session/1f2400e1-c47d-4d69-8722-d58a1215a1a3/element/9dc082a5-61ef-4425-80f9-9f814bced434/click] with body: {"element":"9dc082a5-61ef-4425-80f9-9f814bced434"}
[debug] &amp#27;[35m[WD Proxy]&amp#27;[39m Got response with status 200: {"sessionId":"1f2400e1-c47d-4d69-8722-d58a1215a1a3","value":null}
[debug] &amp#27;[35m[W3C (e1cf8800)]&amp#27;[39m Responding to client with driver.click() result: null
&amp#27;[35m[HTTP]&amp#27;[39m &amp#27;[37m<-- POST /wd/hub/session/e1cf8800-ecb1-4b31-84ed-2afff89dee49/element/9dc082a5-61ef-4425-80f9-9f814bced434/click &amp#27;[39m&amp#27;[32m200&amp#27;[39m &amp#27;[90m1246 ms - 14&amp#27;[39m
&amp#27;[35m[HTTP]&amp#27;[39m &amp#27;[90m&amp#27;[39m
&amp#27;[35m[HTTP]&amp#27;[39m &amp#27;[37m-->&amp#27;[39m &amp#27;[37mGET&amp#27;[39m &amp#27;[37m/wd/hub/session/e1cf8800-ecb1-4b31-84ed-2afff89dee49/context&amp#27;[39m
&amp#27;[35m[HTTP]&amp#27;[39m &amp#27;[90m{}&amp#27;[39m
[debug] &amp#27;[35m[W3C (e1cf8800)]&amp#27;[39m Calling AppiumDriver.getCurrentContext() with args: ["e1cf8800-ecb1-4b31-84ed-2afff89dee49"]
[debug] &amp#27;[35m[W3C (e1cf8800)]&amp#27;[39m Responding to client with driver.getCurrentContext() result: "NATIVE_APP"
&amp#27;[35m[HTTP]&amp#27;[39m &amp#27;[37m<-- GET /wd/hub/session/e1cf8800-ecb1-4b31-84ed-2afff89dee49/context &amp#27;[39m&amp#27;[32m200&amp#27;[39m &amp#27;[90m2 ms - 22&amp#27;[39m
&amp#27;[35m[HTTP]&amp#27;[39m &amp#27;[90m&amp#27;[39m
&amp#27;[35m[HTTP]&amp#27;[39m &amp#27;[37m-->&amp#27;[39m &amp#27;[37mPOST&amp#27;[39m &amp#27;[37m/wd/hub/session/e1cf8800-ecb1-4b31-84ed-2afff89dee49/element&amp#27;[39m
&amp#27;[35m[HTTP]&amp#27;[39m &amp#27;[90m{"using":"id","value":"android:id/checkbox"}&amp#27;[39m
[debug] &amp#27;[35m[W3C (e1cf8800)]&amp#27;[39m Calling AppiumDriver.findElement() with args: ["id","android:id/checkbox","e1cf8800-ecb1-4b31-84ed-2afff89dee49"]
[debug] &amp#27;[35m[BaseDriver]&amp#27;[39m Valid locator strategies for this request: xpath, id, class name, accessibility id, css selector, -android uiautomator
[debug] &amp#27;[35m[BaseDriver]&amp#27;[39m Waiting up to 10000 ms for condition
[debug] &amp#27;[35m[WD Proxy]&amp#27;[39m Matched '/element' to command name 'findElement'
[debug] &amp#27;[35m[WD Proxy]&amp#27;[39m Proxying [POST /element] to [POST http://127.0.0.1:8200/wd/hub/session/1f2400e1-c47d-4d69-8722-d58a1215a1a3/element] with body: {"strategy":"id","selector":"android:id/checkbox","context":"","multiple":false}
[debug] &amp#27;[35m[WD Proxy]&amp#27;[39m Got response with status 200: {"sessionId":"1f2400e1-c47d-4d69-8722-d58a1215a1a3","value":{"ELEMENT":"41d51dd2-8754-4eb9-9a13-b3134255b064","element-6066-11e4-a52e-4f735466cecf":"41d51dd2-8754-4eb9-9a13-b3134255b064"}}
[debug] &amp#27;[35m[W3C (e1cf8800)]&amp#27;[39m Responding to client with driver.findElement() result: {"element-6066-11e4-a52e-4f735466cecf":"41d51dd2-8754-4eb9-9a13-b3134255b064","ELEMENT":"41d51dd2-8754-4eb9-9a13-b3134255b064"}
&amp#27;[35m[HTTP]&amp#27;[39m &amp#27;[37m<-- POST /wd/hub/session/e1cf8800-ecb1-4b31-84ed-2afff89dee49/element &amp#27;[39m&amp#27;[32m200&amp#27;[39m &amp#27;[90m38 ms - 137&amp#27;[39m
&amp#27;[35m[HTTP]&amp#27;[39m &amp#27;[90m&amp#27;[39m
&amp#27;[35m[HTTP]&amp#27;[39m &amp#27;[37m-->&amp#27;[39m &amp#27;[37mPOST&amp#27;[39m &amp#27;[37m/wd/hub/session/e1cf8800-ecb1-4b31-84ed-2afff89dee49/element/41d51dd2-8754-4eb9-9a13-b3134255b064/click&amp#27;[39m
&amp#27;[35m[HTTP]&amp#27;[39m &amp#27;[90m{"id":"41d51dd2-8754-4eb9-9a13-b3134255b064"}&amp#27;[39m
[debug] &amp#27;[35m[W3C (e1cf8800)]&amp#27;[39m Calling AppiumDriver.click() with args: ["41d51dd2-8754-4eb9-9a13-b3134255b064","e1cf8800-ecb1-4b31-84ed-2afff89dee49"]
[debug] &amp#27;[35m[WD Proxy]&amp#27;[39m Matched '/element/41d51dd2-8754-4eb9-9a13-b3134255b064/click' to command name 'click'
[debug] &amp#27;[35m[WD Proxy]&amp#27;[39m Proxying [POST /element/41d51dd2-8754-4eb9-9a13-b3134255b064/click] to [POST http://127.0.0.1:8200/wd/hub/session/1f2400e1-c47d-4d69-8722-d58a1215a1a3/element/41d51dd2-8754-4eb9-9a13-b3134255b064/click] with body: {"element":"41d51dd2-8754-4eb9-9a13-b3134255b064"}
[debug] &amp#27;[35m[WD Proxy]&amp#27;[39m Got response with status 200: {"sessionId":"1f2400e1-c47d-4d69-8722-d58a1215a1a3","value":null}
[debug] &amp#27;[35m[W3C (e1cf8800)]&amp#27;[39m Responding to client with driver.click() result: null
&amp#27;[35m[HTTP]&amp#27;[39m &amp#27;[37m<-- POST /wd/hub/session/e1cf8800-ecb1-4b31-84ed-2afff89dee49/element/41d51dd2-8754-4eb9-9a13-b3134255b064/click &amp#27;[39m&amp#27;[32m200&amp#27;[39m &amp#27;[90m721 ms - 14&amp#27;[39m
&amp#27;[35m[HTTP]&amp#27;[39m &amp#27;[90m&amp#27;[39m
&amp#27;[35m[HTTP]&amp#27;[39m &amp#27;[37m-->&amp#27;[39m &amp#27;[37mGET&amp#27;[39m &amp#27;[37m/wd/hub/session/e1cf8800-ecb1-4b31-84ed-2afff89dee49/context&amp#27;[39m
&amp#27;[35m[HTTP]&amp#27;[39m &amp#27;[90m{}&amp#27;[39m
[debug] &amp#27;[35m[W3C (e1cf8800)]&amp#27;[39m Calling AppiumDriver.getCurrentContext() with args: ["e1cf8800-ecb1-4b31-84ed-2afff89dee49"]
[debug] &amp#27;[35m[W3C (e1cf8800)]&amp#27;[39m Responding to client with driver.getCurrentContext() result: "NATIVE_APP"
&amp#27;[35m[HTTP]&amp#27;[39m &amp#27;[37m<-- GET /wd/hub/session/e1cf8800-ecb1-4b31-84ed-2afff89dee49/context &amp#27;[39m&amp#27;[32m200&amp#27;[39m &amp#27;[90m2 ms - 22&amp#27;[39m
&amp#27;[35m[HTTP]&amp#27;[39m &amp#27;[90m&amp#27;[39m
&amp#27;[35m[HTTP]&amp#27;[39m &amp#27;[37m-->&amp#27;[39m &amp#27;[37mPOST&amp#27;[39m &amp#27;[37m/wd/hub/session/e1cf8800-ecb1-4b31-84ed-2afff89dee49/element&amp#27;[39m
&amp#27;[35m[HTTP]&amp#27;[39m &amp#27;[90m{"using":"xpath","value":"(//android.widget.RelativeLayout)[2]"}&amp#27;[39m
[debug] &amp#27;[35m[W3C (e1cf8800)]&amp#27;[39m Calling AppiumDriver.findElement() with args: ["xpath","(//android.widget.RelativeLayout)[2]","e1cf8800-ecb1-4b31-84ed-2afff89dee49"]
[debug] &amp#27;[35m[BaseDriver]&amp#27;[39m Valid locator strategies for this request: xpath, id, class name, accessibility id, css selector, -android uiautomator
[debug] &amp#27;[35m[BaseDriver]&amp#27;[39m Waiting up to 10000 ms for condition
[debug] &amp#27;[35m[WD Proxy]&amp#27;[39m Matched '/element' to command name 'findElement'
[debug] &amp#27;[35m[WD Proxy]&amp#27;[39m Proxying [POST /element] to [POST http://127.0.0.1:8200/wd/hub/session/1f2400e1-c47d-4d69-8722-d58a1215a1a3/element] with body: {"strategy":"xpath","selector":"(//android.widget.RelativeLayout)[2]","context":"","multiple":false}
[debug] &amp#27;[35m[WD Proxy]&amp#27;[39m Got response with status 200: {"sessionId":"1f2400e1-c47d-4d69-8722-d58a1215a1a3","value":{"ELEMENT":"ba8aef1b-bbf2-4798-a8da-c88380c5c61e","element-6066-11e4-a52e-4f735466cecf":"ba8aef1b-bbf2-4798-a8da-c88380c5c61e"}}
[debug] &amp#27;[35m[W3C (e1cf8800)]&amp#27;[39m Responding to client with driver.findElement() result: {"element-6066-11e4-a52e-4f735466cecf":"ba8aef1b-bbf2-4798-a8da-c88380c5c61e","ELEMENT":"ba8aef1b-bbf2-4798-a8da-c88380c5c61e"}
&amp#27;[35m[HTTP]&amp#27;[39m &amp#27;[37m<-- POST /wd/hub/session/e1cf8800-ecb1-4b31-84ed-2afff89dee49/element &amp#27;[39m&amp#27;[32m200&amp#27;[39m &amp#27;[90m82 ms - 137&amp#27;[39m
&amp#27;[35m[HTTP]&amp#27;[39m &amp#27;[90m&amp#27;[39m
&amp#27;[35m[HTTP]&amp#27;[39m &amp#27;[37m-->&amp#27;[39m &amp#27;[37mPOST&amp#27;[39m &amp#27;[37m/wd/hub/session/e1cf8800-ecb1-4b31-84ed-2afff89dee49/element/ba8aef1b-bbf2-4798-a8da-c88380c5c61e/click&amp#27;[39m
&amp#27;[35m[HTTP]&amp#27;[39m &amp#27;[90m{"id":"ba8aef1b-bbf2-4798-a8da-c88380c5c61e"}&amp#27;[39m
[debug] &amp#27;[35m[W3C (e1cf8800)]&amp#27;[39m Calling AppiumDriver.click() with args: ["ba8aef1b-bbf2-4798-a8da-c88380c5c61e","e1cf8800-ecb1-4b31-84ed-2afff89dee49"]
[debug] &amp#27;[35m[WD Proxy]&amp#27;[39m Matched '/element/ba8aef1b-bbf2-4798-a8da-c88380c5c61e/click' to command name 'click'
[debug] &amp#27;[35m[WD Proxy]&amp#27;[39m Proxying [POST /element/ba8aef1b-bbf2-4798-a8da-c88380c5c61e/click] to [POST http://127.0.0.1:8200/wd/hub/session/1f2400e1-c47d-4d69-8722-d58a1215a1a3/element/ba8aef1b-bbf2-4798-a8da-c88380c5c61e/click] with body: {"element":"ba8aef1b-bbf2-4798-a8da-c88380c5c61e"}
[debug] &amp#27;[35m[WD Proxy]&amp#27;[39m Got response with status 200: {"sessionId":"1f2400e1-c47d-4d69-8722-d58a1215a1a3","value":null}
[debug] &amp#27;[35m[W3C (e1cf8800)]&amp#27;[39m Responding to client with driver.click() result: null
&amp#27;[35m[HTTP]&amp#27;[39m &amp#27;[37m<-- POST /wd/hub/session/e1cf8800-ecb1-4b31-84ed-2afff89dee49/element/ba8aef1b-bbf2-4798-a8da-c88380c5c61e/click &amp#27;[39m&amp#27;[32m200&amp#27;[39m &amp#27;[90m1422 ms - 14&amp#27;[39m
&amp#27;[35m[HTTP]&amp#27;[39m &amp#27;[90m&amp#27;[39m
&amp#27;[35m[HTTP]&amp#27;[39m &amp#27;[37m-->&amp#27;[39m &amp#27;[37mGET&amp#27;[39m &amp#27;[37m/wd/hub/session/e1cf8800-ecb1-4b31-84ed-2afff89dee49/context&amp#27;[39m
&amp#27;[35m[HTTP]&amp#27;[39m &amp#27;[90m{}&amp#27;[39m
[debug] &amp#27;[35m[W3C (e1cf8800)]&amp#27;[39m Calling AppiumDriver.getCurrentContext() with args: ["e1cf8800-ecb1-4b31-84ed-2afff89dee49"]
[debug] &amp#27;[35m[W3C (e1cf8800)]&amp#27;[39m Responding to client with driver.getCurrentContext() result: "NATIVE_APP"
&amp#27;[35m[HTTP]&amp#27;[39m &amp#27;[37m<-- GET /wd/hub/session/e1cf8800-ecb1-4b31-84ed-2afff89dee49/context &amp#27;[39m&amp#27;[32m200&amp#27;[39m &amp#27;[90m2 ms - 22&amp#27;[39m
&amp#27;[35m[HTTP]&amp#27;[39m &amp#27;[90m&amp#27;[39m
&amp#27;[35m[HTTP]&amp#27;[39m &amp#27;[37m-->&amp#27;[39m &amp#27;[37mPOST&amp#27;[39m &amp#27;[37m/wd/hub/session/e1cf8800-ecb1-4b31-84ed-2afff89dee49/element&amp#27;[39m
&amp#27;[35m[HTTP]&amp#27;[39m &amp#27;[90m{"using":"class name","value":"android.widget.EditText"}&amp#27;[39m
[debug] &amp#27;[35m[W3C (e1cf8800)]&amp#27;[39m Calling AppiumDriver.findElement() with args: ["class name","android.widget.EditText","e1cf8800-ecb1-4b31-84ed-2afff89dee49"]
[debug] &amp#27;[35m[BaseDriver]&amp#27;[39m Valid locator strategies for this request: xpath, id, class name, accessibility id, css selector, -android uiautomator
[debug] &amp#27;[35m[BaseDriver]&amp#27;[39m Waiting up to 10000 ms for condition
[debug] &amp#27;[35m[WD Proxy]&amp#27;[39m Matched '/element' to command name 'findElement'
[debug] &amp#27;[35m[WD Proxy]&amp#27;[39m Proxying [POST /element] to [POST http://127.0.0.1:8200/wd/hub/session/1f2400e1-c47d-4d69-8722-d58a1215a1a3/element] with body: {"strategy":"class name","selector":"android.widget.EditText","context":"","multiple":false}
[debug] &amp#27;[35m[WD Proxy]&amp#27;[39m Got response with status 200: {"sessionId":"1f2400e1-c47d-4d69-8722-d58a1215a1a3","value":{"ELEMENT":"8aa88f4f-cc37-4bc1-9819-36dc7bff9a0f","element-6066-11e4-a52e-4f735466cecf":"8aa88f4f-cc37-4bc1-9819-36dc7bff9a0f"}}
[debug] &amp#27;[35m[W3C (e1cf8800)]&amp#27;[39m Responding to client with driver.findElement() result: {"element-6066-11e4-a52e-4f735466cecf":"8aa88f4f-cc37-4bc1-9819-36dc7bff9a0f","ELEMENT":"8aa88f4f-cc37-4bc1-9819-36dc7bff9a0f"}
&amp#27;[35m[HTTP]&amp#27;[39m &amp#27;[37m<-- POST /wd/hub/session/e1cf8800-ecb1-4b31-84ed-2afff89dee49/element &amp#27;[39m&amp#27;[32m200&amp#27;[39m &amp#27;[90m32 ms - 137&amp#27;[39m
&amp#27;[35m[HTTP]&amp#27;[39m &amp#27;[90m&amp#27;[39m
&amp#27;[35m[HTTP]&amp#27;[39m &amp#27;[37m-->&amp#27;[39m &amp#27;[37mPOST&amp#27;[39m &amp#27;[37m/wd/hub/session/e1cf8800-ecb1-4b31-84ed-2afff89dee49/element/8aa88f4f-cc37-4bc1-9819-36dc7bff9a0f/value&amp#27;[39m
&amp#27;[35m[HTTP]&amp#27;[39m &amp#27;[90m{"id":"8aa88f4f-cc37-4bc1-9819-36dc7bff9a0f","text":"!@#$","value":["!","@","#","$"]}&amp#27;[39m
[debug] &amp#27;[35m[W3C (e1cf8800)]&amp#27;[39m Calling AppiumDriver.setValue() with args: [["!","@","#","$"],"8aa88f4f-cc37-4bc1-9819-36dc7bff9a0f","e1cf8800-ecb1-4b31-84ed-2afff89dee49"]
[debug] &amp#27;[35m[WD Proxy]&amp#27;[39m Matched '/element/8aa88f4f-cc37-4bc1-9819-36dc7bff9a0f/value' to command name 'setValue'
[debug] &amp#27;[35m[Protocol Converter]&amp#27;[39m Added 'value' property ["!","@","#","$"] to 'setValue' request body
[debug] &amp#27;[35m[WD Proxy]&amp#27;[39m Proxying [POST /element/8aa88f4f-cc37-4bc1-9819-36dc7bff9a0f/value] to [POST http://127.0.0.1:8200/wd/hub/session/1f2400e1-c47d-4d69-8722-d58a1215a1a3/element/8aa88f4f-cc37-4bc1-9819-36dc7bff9a0f/value] with body: {"elementId":"8aa88f4f-cc37-4bc1-9819-36dc7bff9a0f","text":"!@#$","replace":false,"value":["!","@","#","$"]}
[debug] &amp#27;[35m[WD Proxy]&amp#27;[39m Got response with status 200: {"sessionId":"1f2400e1-c47d-4d69-8722-d58a1215a1a3","value":null}
[debug] &amp#27;[35m[W3C (e1cf8800)]&amp#27;[39m Responding to client with driver.setValue() result: null
&amp#27;[35m[HTTP]&amp#27;[39m &amp#27;[37m<-- POST /wd/hub/session/e1cf8800-ecb1-4b31-84ed-2afff89dee49/element/8aa88f4f-cc37-4bc1-9819-36dc7bff9a0f/value &amp#27;[39m&amp#27;[32m200&amp#27;[39m &amp#27;[90m48 ms - 14&amp#27;[39m
&amp#27;[35m[HTTP]&amp#27;[39m &amp#27;[90m&amp#27;[39m
&amp#27;[35m[HTTP]&amp#27;[39m &amp#27;[37m-->&amp#27;[39m &amp#27;[37mGET&amp#27;[39m &amp#27;[37m/wd/hub/session/e1cf8800-ecb1-4b31-84ed-2afff89dee49/context&amp#27;[39m
&amp#27;[35m[HTTP]&amp#27;[39m &amp#27;[90m{}&amp#27;[39m
[debug] &amp#27;[35m[W3C (e1cf8800)]&amp#27;[39m Calling AppiumDriver.getCurrentContext() with args: ["e1cf8800-ecb1-4b31-84ed-2afff89dee49"]
[debug] &amp#27;[35m[W3C (e1cf8800)]&amp#27;[39m Responding to client with driver.getCurrentContext() result: "NATIVE_APP"
&amp#27;[35m[HTTP]&amp#27;[39m &amp#27;[37m<-- GET /wd/hub/session/e1cf8800-ecb1-4b31-84ed-2afff89dee49/context &amp#27;[39m&amp#27;[32m200&amp#27;[39m &amp#27;[90m2 ms - 22&amp#27;[39m
&amp#27;[35m[HTTP]&amp#27;[39m &amp#27;[90m&amp#27;[39m
&amp#27;[35m[HTTP]&amp#27;[39m &amp#27;[37m-->&amp#27;[39m &amp#27;[37mPOST&amp#27;[39m &amp#27;[37m/wd/hub/session/e1cf8800-ecb1-4b31-84ed-2afff89dee49/elements&amp#27;[39m
&amp#27;[35m[HTTP]&amp#27;[39m &amp#27;[90m{"using":"class name","value":"android.widget.Button"}&amp#27;[39m
[debug] &amp#27;[35m[W3C (e1cf8800)]&amp#27;[39m Calling AppiumDriver.findElements() with args: ["class name","android.widget.Button","e1cf8800-ecb1-4b31-84ed-2afff89dee49"]
[debug] &amp#27;[35m[BaseDriver]&amp#27;[39m Valid locator strategies for this request: xpath, id, class name, accessibility id, css selector, -android uiautomator
[debug] &amp#27;[35m[BaseDriver]&amp#27;[39m Waiting up to 10000 ms for condition
[debug] &amp#27;[35m[WD Proxy]&amp#27;[39m Matched '/elements' to command name 'findElements'
[debug] &amp#27;[35m[WD Proxy]&amp#27;[39m Proxying [POST /elements] to [POST http://127.0.0.1:8200/wd/hub/session/1f2400e1-c47d-4d69-8722-d58a1215a1a3/elements] with body: {"strategy":"class name","selector":"android.widget.Button","context":"","multiple":true}
[debug] &amp#27;[35m[WD Proxy]&amp#27;[39m Got response with status 200: {"sessionId":"1f2400e1-c47d-4d69-8722-d58a1215a1a3","value":[{"ELEMENT":"bdfdcdf9-c283-45fb-ad8f-80ad4b2ff382","element-6066-11e4-a52e-4f735466cecf":"bdfdcdf9-c283-45fb-ad8f-80ad4b2ff382"},{"ELEMENT":"0821c1c1-0439-472e-8314-50ec6e759b99","element-6066-11e4-a52e-4f735466cecf":"0821c1c1-0439-472e-8314-50ec6e759b99"}]}
[debug] &amp#27;[35m[W3C (e1cf8800)]&amp#27;[39m Responding to client with driver.findElements() result: [{"element-6066-11e4-a52e-4f735466cecf":"bdfdcdf9-c283-45fb-ad8f-80ad4b2ff382","ELEMENT":"bdfdcdf9-c283-45fb-ad8f-80ad4b2ff382"},{"element-6066-11e4-a52e-4f735466cecf":"0821c1c1-0439-472e-8314-50ec6e759b99","ELEMENT":"0821c1c1-0439-472e-8314-50ec6e759b99"}]
&amp#27;[35m[HTTP]&amp#27;[39m &amp#27;[37m<-- POST /wd/hub/session/e1cf8800-ecb1-4b31-84ed-2afff89dee49/elements &amp#27;[39m&amp#27;[32m200&amp#27;[39m &amp#27;[90m830 ms - 267&amp#27;[39m
&amp#27;[35m[HTTP]&amp#27;[39m &amp#27;[90m&amp#27;[39m
&amp#27;[35m[HTTP]&amp#27;[39m &amp#27;[37m-->&amp#27;[39m &amp#27;[37mPOST&amp#27;[39m &amp#27;[37m/wd/hub/session/e1cf8800-ecb1-4b31-84ed-2afff89dee49/element/0821c1c1-0439-472e-8314-50ec6e759b99/click&amp#27;[39m
&amp#27;[35m[HTTP]&amp#27;[39m &amp#27;[90m{"id":"0821c1c1-0439-472e-8314-50ec6e759b99"}&amp#27;[39m
[debug] &amp#27;[35m[W3C (e1cf8800)]&amp#27;[39m Calling AppiumDriver.click() with args: ["0821c1c1-0439-472e-8314-50ec6e759b99","e1cf8800-ecb1-4b31-84ed-2afff89dee49"]
[debug] &amp#27;[35m[WD Proxy]&amp#27;[39m Matched '/element/0821c1c1-0439-472e-8314-50ec6e759b99/click' to command name 'click'
[debug] &amp#27;[35m[WD Proxy]&amp#27;[39m Proxying [POST /element/0821c1c1-0439-472e-8314-50ec6e759b99/click] to [POST http://127.0.0.1:8200/wd/hub/session/1f2400e1-c47d-4d69-8722-d58a1215a1a3/element/0821c1c1-0439-472e-8314-50ec6e759b99/click] with body: {"element":"0821c1c1-0439-472e-8314-50ec6e759b99"}
[debug] &amp#27;[35m[WD Proxy]&amp#27;[39m Got response with status 200: {"sessionId":"1f2400e1-c47d-4d69-8722-d58a1215a1a3","value":null}
[debug] &amp#27;[35m[W3C (e1cf8800)]&amp#27;[39m Responding to client with driver.click() result: null
&amp#27;[35m[HTTP]&amp#27;[39m &amp#27;[37m<-- POST /wd/hub/session/e1cf8800-ecb1-4b31-84ed-2afff89dee49/element/0821c1c1-0439-472e-8314-50ec6e759b99/click &amp#27;[39m&amp#27;[32m200&amp#27;[39m &amp#27;[90m45 ms - 14&amp#27;[39m
&amp#27;[35m[HTTP]&amp#27;[39m &amp#27;[90m&amp#27;[39m
Arrived Here Basics
]]></system-out>
    <system-err><![CDATA[Mar 21, 2021 2:05:03 PM io.appium.java_client.remote.AppiumCommandExecutor$1 lambda$0
INFO: Detected dialect: W3C
]]></system-err>
  </testcase>
</testsuite>