<?xml version="1.0" encoding="UTF-8"?>
<!-- Generated by org.testng.reporters.JUnitXMLReporter -->
<testsuite ignored="0" hostname="IL-AsafMi-MAC.local" failures="0" tests="3" name="/Users/asaf.mishaeli/Development/Section17" time="131.655" errors="0" timestamp="2021-03-21T14:05:15 IST">
  <testcase classname="tests.Test1" name="totalValidation" time="53.724"/>
  <testcase classname="tests.ApiDemoTest" name="apiDemo" time="38.7"/>
  <testcase classname="tests.ApiDemoTest" name="apiDemo" time="33.133"/>
</testsuite> <!-- /Users/asaf.mishaeli/Development/Section17 -->
